2023-09-25 19:51:06 [http-nio-auto-1-exec-2] ERROR o.h.e.jdbc.spi.SqlExceptionHelper -
                Table "orders" not found; SQL statement:
select o1_0."order_pk",o1_0."closed",o1_0."created",o1_0."customer_fk",o1_0."order_total",o1_0."order_uid",o1_0."ready" from "orders" o1_0 [42102-214]
2023-09-25 19:57:46 [http-nio-auto-1-exec-2] ERROR o.h.e.jdbc.spi.SqlExceptionHelper -
                Table "orders" not found; SQL statement:
select o1_0."order_pk",o1_0."closed",o1_0."created",o1_0."customer_fk",o1_0."order_total",o1_0."order_uid",o1_0."ready" from "orders" o1_0 [42102-214]
2023-09-25 19:59:17 [main] ERROR o.h.e.jdbc.spi.SqlExceptionHelper -
                Table "orders" not found; SQL statement:
select o1_0."order_pk",o1_0."closed",o1_0."created",o1_0."customer_fk",o1_0."order_total",o1_0."order_uid",o1_0."ready" from "orders" o1_0 [42102-214]
2023-09-25 20:01:08 [main] ERROR o.h.e.jdbc.spi.SqlExceptionHelper -
                Table "orders" not found; SQL statement:
select o1_0."order_pk",o1_0."closed",o1_0."created",o1_0."customer_fk",o1_0."order_total",o1_0."order_uid",o1_0."ready" from "orders" o1_0 [42102-214]
2023-09-25 20:03:46 [main] ERROR o.h.e.jdbc.spi.SqlExceptionHelper -
                Table "orders" not found; SQL statement:
select o1_0."order_pk",o1_0."closed",o1_0."created",o1_0."customer_fk",o1_0."order_total",o1_0."order_uid",o1_0."ready" from "orders" o1_0 [42102-214]
2023-09-26 12:27:23 [http-nio-auto-1-exec-10] ERROR o.h.e.jdbc.spi.SqlExceptionHelper -
                NULL not allowed for column "customer_uid"; SQL statement:
insert into "customer" ("customer_pk", "customer_uid", "email", "name", "phone_number") values (default, ?, ?, ?, ?) [23502-214]
2023-09-26 12:27:24 [http-nio-auto-1-exec-2] ERROR o.h.e.jdbc.spi.SqlExceptionHelper -
                NULL not allowed for column "customer_uid"; SQL statement:
insert into "customer" ("customer_pk", "customer_uid", "email", "name", "phone_number") values (default, ?, ?, ?, ?) [23502-214]
2023-09-26 12:29:56 [http-nio-auto-1-exec-1] ERROR o.h.e.jdbc.spi.SqlExceptionHelper -
                NULL not allowed for column "customer_uid"; SQL statement:
insert into "customer" ("customer_pk", "customer_uid", "email", "name", "phone_number") values (default, ?, ?, ?, ?) [23502-214]
2023-09-26 12:29:56 [http-nio-auto-1-exec-3] ERROR o.h.e.jdbc.spi.SqlExceptionHelper -
                NULL not allowed for column "customer_uid"; SQL statement:
insert into "customer" ("customer_pk", "customer_uid", "email", "name", "phone_number") values (default, ?, ?, ?, ?) [23502-214]
2023-09-26 12:31:00 [http-nio-auto-1-exec-2] ERROR o.h.e.jdbc.spi.SqlExceptionHelper -
                NULL not allowed for column "customer_uid"; SQL statement:
insert into "customer" ("customer_pk", "customer_uid", "email", "name", "phone_number") values (default, ?, ?, ?, ?) [23502-214]
2023-09-26 14:17:18 [http-nio-auto-1-exec-2] ERROR o.h.e.jdbc.spi.SqlExceptionHelper -
                NULL not allowed for column "customer_uid"; SQL statement:
insert into "customer" ("customer_pk", "customer_uid", "email", "name", "phone_number") values (default, ?, ?, ?, ?) [23502-214]
2023-09-26 14:20:01 [http-nio-auto-1-exec-2] ERROR o.h.e.jdbc.spi.SqlExceptionHelper -
                NULL not allowed for column "customer_uid"; SQL statement:
insert into "customer" ("customer_pk", "customer_uid", "email", "name", "phone_number") values (default, ?, ?, ?, ?) [23502-214]
2023-09-26 15:02:46 [http-nio-auto-1-exec-2] ERROR o.h.e.jdbc.spi.SqlExceptionHelper -
                NULL not allowed for column "customer_uid"; SQL statement:
insert into "customer" ("customer_pk", "customer_uid", "email", "name", "phone_number") values (default, ?, ?, ?, ?) [23502-214]
2023-09-26 15:14:44 [http-nio-auto-1-exec-2] ERROR o.h.e.jdbc.spi.SqlExceptionHelper -
                Column "o1_0.customer_uid" not found; SQL statement:
select o1_0."order_pk",o1_0."closed",o1_0."created",o1_0."customer_fk",o1_0."customer_uid",o1_0."order_total",o1_0."order_uid",o1_0."ready" from "orders" o1_0 where o1_0."order_uid"=? [42122-214]
2023-09-26 15:19:55 [http-nio-auto-1-exec-2] ERROR o.h.e.jdbc.spi.SqlExceptionHelper -
                Column "o1_0.customer_uid" not found; SQL statement:
select o1_0."order_pk",o1_0."closed",o1_0."created",o1_0."customer_fk",o1_0."customer_uid",o1_0."order_total",o1_0."order_uid",o1_0."ready" from "orders" o1_0 where o1_0."order_uid"=? [42122-214]
2023-09-26 15:22:33 [http-nio-auto-1-exec-2] ERROR o.h.e.jdbc.spi.SqlExceptionHelper -
                Column "o1_0.customer_uid" not found; SQL statement:
select o1_0."order_pk",o1_0."closed",o1_0."created",o1_0."customer_fk",o1_0."customer_uid",o1_0."order_total",o1_0."order_uid",o1_0."ready" from "orders" o1_0 where o1_0."order_uid"=? [42122-214]
2023-09-26 15:23:42 [http-nio-auto-1-exec-2] ERROR o.h.e.jdbc.spi.SqlExceptionHelper -
                Column "o1_0.customer_uid" not found; SQL statement:
select o1_0."order_pk",o1_0."closed",o1_0."created",o1_0."customer_fk",o1_0."customer_uid",o1_0."order_total",o1_0."order_uid",o1_0."ready" from "orders" o1_0 where o1_0."order_uid"=? [42122-214]
2023-09-26 15:29:29 [http-nio-auto-1-exec-3] ERROR o.h.e.jdbc.spi.SqlExceptionHelper -
                Column "o1_0.customer_uid" not found; SQL statement:
select o1_0."order_pk",o1_0."closed",o1_0."created",o1_0."customer_fk",o1_0."customer_uid",o1_0."order_total",o1_0."order_uid",o1_0."ready" from "orders" o1_0 where o1_0."order_uid"=? [42122-214]
2023-09-26 15:31:15 [http-nio-auto-1-exec-2] ERROR o.h.e.jdbc.spi.SqlExceptionHelper -
                Column "o1_0.customer_uid" not found; SQL statement:
select o1_0."order_pk",o1_0."closed",o1_0."created",o1_0."customer_fk",o1_0."customer_uid",o1_0."order_total",o1_0."order_uid",o1_0."ready" from "orders" o1_0 where o1_0."order_uid"=? [42122-214]
2023-09-26 15:33:11 [http-nio-auto-1-exec-2] ERROR o.h.e.jdbc.spi.SqlExceptionHelper -
                Column "o1_0.customer_uid" not found; SQL statement:
select o1_0."order_pk",o1_0."closed",o1_0."created",o1_0."customer_fk",o1_0."customer_uid",o1_0."order_total",o1_0."order_uid",o1_0."ready" from "orders" o1_0 where o1_0."order_uid"=? [42122-214]
2023-09-26 15:37:20 [http-nio-auto-1-exec-2] ERROR o.h.e.jdbc.spi.SqlExceptionHelper -
                Column "o1_0.customer_uid" not found; SQL statement:
select o1_0."order_pk",o1_0."closed",o1_0."created",o1_0."customer_fk",o1_0."customer_uid",o1_0."order_total",o1_0."order_uid",o1_0."ready" from "orders" o1_0 where o1_0."order_uid"=? [42122-214]
2023-09-26 15:39:37 [http-nio-auto-1-exec-2] ERROR o.h.e.jdbc.spi.SqlExceptionHelper -
                Column "o1_0.customer_uid" not found; SQL statement:
select o1_0."order_pk",o1_0."closed",o1_0."created",o1_0."customer_fk",o1_0."customer_uid",o1_0."order_total",o1_0."order_uid",o1_0."ready" from "orders" o1_0 where o1_0."order_uid"=? [42122-214]
2023-09-26 15:42:23 [http-nio-auto-1-exec-2] ERROR o.h.e.jdbc.spi.SqlExceptionHelper -
                Column "o1_0.customer_uid" not found; SQL statement:
select o1_0."order_pk",o1_0."closed",o1_0."created",o1_0."customer_fk",o1_0."customer_uid",o1_0."order_total",o1_0."order_uid",o1_0."ready" from "orders" o1_0 where o1_0."order_uid"=? [42122-214]
2023-09-26 15:44:18 [http-nio-auto-1-exec-2] ERROR o.h.e.jdbc.spi.SqlExceptionHelper -
                Column "o1_0.customer_uid" not found; SQL statement:
select o1_0."order_pk",o1_0."closed",o1_0."created",o1_0."customer_fk",o1_0."customer_uid",o1_0."order_total",o1_0."order_uid",o1_0."ready" from "orders" o1_0 where o1_0."order_uid"=? [42122-214]
2023-09-26 15:58:47 [http-nio-auto-1-exec-2] ERROR o.h.e.jdbc.spi.SqlExceptionHelper -
                Column "o1_0.customer_uid" not found; SQL statement:
select o1_0."order_pk",o1_0."closed",o1_0."created",o1_0."customer_fk",o1_0."customer_uid",o1_0."order_total",o1_0."order_uid",o1_0."ready" from "orders" o1_0 where o1_0."order_uid"=? [42122-214]
2023-09-26 16:00:02 [http-nio-auto-1-exec-2] ERROR o.h.e.jdbc.spi.SqlExceptionHelper -
                Column "o1_0.customer_uid" not found; SQL statement:
select o1_0."order_pk",o1_0."closed",o1_0."created",o1_0."customer_fk",o1_0."customer_uid",o1_0."order_total",o1_0."order_uid",o1_0."ready" from "orders" o1_0 where o1_0."order_uid"=? [42122-214]
2023-09-26 16:02:23 [http-nio-auto-1-exec-1] ERROR o.h.e.jdbc.spi.SqlExceptionHelper -
                Column "o1_0.customer_uid" not found; SQL statement:
select o1_0."order_pk",o1_0."closed",o1_0."created",o1_0."customer_fk",o1_0."customer_uid",o1_0."order_total",o1_0."order_uid",o1_0."ready" from "orders" o1_0 where o1_0."order_uid"=? [42122-214]
2023-09-26 16:13:31 [http-nio-auto-1-exec-2] ERROR o.h.e.jdbc.spi.SqlExceptionHelper -
                NULL not allowed for column "customer_uid"; SQL statement:
insert into "orders" ("order_pk", "closed", "created", "customer_fk", "customer_uid", "order_total", "order_uid", "ready") values (default, ?, ?, ?, ?, ?, ?, ?) [23502-214]
2023-10-11 18:08:43 [main] ERROR o.s.b.d.LoggingFailureAnalysisReporter -
                

***************************
APPLICATION FAILED TO START
***************************

Description:

Web server failed to start. Port 8080 was already in use.

Action:

Identify and stop the process that's listening on port 8080 or configure this application to listen on another port.

