2023-09-27 12:45:00 [main] DEBUG c.a.t.config.security.JwtAuthFilter -
                Filter 'jwtAuthFilter' configured for use
2023-09-27 12:45:03 [main] INFO  c.a.t.t.m.O.NonEmptyTests -
                Started NonEmptyTests in 12.663 seconds (process running for 17.607)
2023-09-27 12:45:47 [main] INFO  c.a.t.t.m.O.NonEmptyTests -
                Starting NonEmptyTests using Java 17.0.7 with PID 19416 (started by josie in /media/josie/Backup 1/2016/Documents/Tablet Backup/Documents/Courses/Java/personal projects/TonsOfTacosV1.2/back-end/tons-of-tacos)
2023-09-27 12:45:47 [main] DEBUG c.a.t.t.m.O.NonEmptyTests -
                Running with Spring Boot v3.0.1, Spring v6.0.3
2023-09-27 12:45:47 [main] INFO  c.a.t.t.m.O.NonEmptyTests -
                No active profile set, falling back to 1 default profile: "default"
2023-09-27 12:45:58 [main] DEBUG c.a.t.config.security.JwtAuthFilter -
                Filter 'jwtAuthFilter' configured for use
2023-09-27 12:46:00 [main] INFO  c.a.t.t.m.O.NonEmptyTests -
                Started NonEmptyTests in 14.355 seconds (process running for 17.98)
2023-09-27 19:19:41 [main] INFO  c.a.t.t.m.O.NonEmptyTests -
                Starting NonEmptyTests using Java 17.0.6 with PID 354767 (started by brian in /media/brian/Backup 22/Documents/Tablet Backup/Documents/Courses/Java/personal projects/TonsOfTacosV1.2/back-end/tons-of-tacos)
2023-09-27 19:19:41 [main] DEBUG c.a.t.t.m.O.NonEmptyTests -
                Running with Spring Boot v3.0.1, Spring v6.0.3
2023-09-27 19:19:41 [main] INFO  c.a.t.t.m.O.NonEmptyTests -
                No active profile set, falling back to 1 default profile: "default"
2023-09-27 19:19:46 [main] DEBUG c.a.t.config.security.JwtAuthFilter -
                Filter 'jwtAuthFilter' configured for use
2023-09-27 19:19:47 [main] INFO  c.a.t.t.m.O.NonEmptyTests -
                Started NonEmptyTests in 6.029 seconds (process running for 7.117)
2023-09-27 19:20:45 [main] INFO  c.a.t.t.m.O.NonEmptyTests -
                Starting NonEmptyTests using Java 17.0.6 with PID 354913 (started by brian in /media/brian/Backup 22/Documents/Tablet Backup/Documents/Courses/Java/personal projects/TonsOfTacosV1.2/back-end/tons-of-tacos)
2023-09-27 19:20:45 [main] DEBUG c.a.t.t.m.O.NonEmptyTests -
                Running with Spring Boot v3.0.1, Spring v6.0.3
2023-09-27 19:20:45 [main] INFO  c.a.t.t.m.O.NonEmptyTests -
                No active profile set, falling back to 1 default profile: "default"
2023-09-27 19:20:50 [main] DEBUG c.a.t.config.security.JwtAuthFilter -
                Filter 'jwtAuthFilter' configured for use
2023-09-27 19:20:50 [main] INFO  c.a.t.t.m.O.NonEmptyTests -
                Started NonEmptyTests in 5.826 seconds (process running for 6.847)
2023-09-27 19:21:24 [main] INFO  c.a.t.t.m.O.NonEmptyTests -
                Starting NonEmptyTests using Java 17.0.6 with PID 355059 (started by brian in /media/brian/Backup 22/Documents/Tablet Backup/Documents/Courses/Java/personal projects/TonsOfTacosV1.2/back-end/tons-of-tacos)
2023-09-27 19:21:24 [main] DEBUG c.a.t.t.m.O.NonEmptyTests -
                Running with Spring Boot v3.0.1, Spring v6.0.3
2023-09-27 19:21:24 [main] INFO  c.a.t.t.m.O.NonEmptyTests -
                No active profile set, falling back to 1 default profile: "default"
2023-09-27 19:21:30 [main] DEBUG c.a.t.config.security.JwtAuthFilter -
                Filter 'jwtAuthFilter' configured for use
2023-09-27 19:21:30 [main] INFO  c.a.t.t.m.O.NonEmptyTests -
                Started NonEmptyTests in 6.15 seconds (process running for 7.238)
2023-09-27 19:27:48 [main] INFO  c.a.t.t.m.O.NonEmptyTests -
                Starting NonEmptyTests using Java 17.0.6 with PID 356835 (started by brian in /media/brian/Backup 22/Documents/Tablet Backup/Documents/Courses/Java/personal projects/TonsOfTacosV1.2/back-end/tons-of-tacos)
2023-09-27 19:27:48 [main] DEBUG c.a.t.t.m.O.NonEmptyTests -
                Running with Spring Boot v3.0.1, Spring v6.0.3
2023-09-27 19:27:48 [main] INFO  c.a.t.t.m.O.NonEmptyTests -
                No active profile set, falling back to 1 default profile: "default"
2023-09-27 19:27:53 [main] DEBUG c.a.t.config.security.JwtAuthFilter -
                Filter 'jwtAuthFilter' configured for use
2023-09-27 19:27:54 [main] INFO  c.a.t.t.m.O.NonEmptyTests -
                Started NonEmptyTests in 5.941 seconds (process running for 7.048)
2023-09-27 19:31:12 [main] INFO  c.a.t.t.m.O.NonEmptyTests -
                Starting NonEmptyTests using Java 17.0.6 with PID 357046 (started by brian in /media/brian/Backup 22/Documents/Tablet Backup/Documents/Courses/Java/personal projects/TonsOfTacosV1.2/back-end/tons-of-tacos)
2023-09-27 19:31:12 [main] DEBUG c.a.t.t.m.O.NonEmptyTests -
                Running with Spring Boot v3.0.1, Spring v6.0.3
2023-09-27 19:31:12 [main] INFO  c.a.t.t.m.O.NonEmptyTests -
                No active profile set, falling back to 1 default profile: "default"
2023-09-27 19:31:17 [main] DEBUG c.a.t.config.security.JwtAuthFilter -
                Filter 'jwtAuthFilter' configured for use
2023-09-27 19:31:18 [main] INFO  c.a.t.t.m.O.NonEmptyTests -
                Started NonEmptyTests in 6.333 seconds (process running for 7.434)
2023-09-27 19:40:07 [main] INFO  c.a.t.t.m.O.NonEmptyTests -
                Starting NonEmptyTests using Java 17.0.6 with PID 357413 (started by brian in /media/brian/Backup 22/Documents/Tablet Backup/Documents/Courses/Java/personal projects/TonsOfTacosV1.2/back-end/tons-of-tacos)
2023-09-27 19:40:07 [main] DEBUG c.a.t.t.m.O.NonEmptyTests -
                Running with Spring Boot v3.0.1, Spring v6.0.3
2023-09-27 19:40:07 [main] INFO  c.a.t.t.m.O.NonEmptyTests -
                No active profile set, falling back to 1 default profile: "default"
2023-09-27 19:40:12 [main] DEBUG c.a.t.config.security.JwtAuthFilter -
                Filter 'jwtAuthFilter' configured for use
2023-09-27 19:40:13 [main] INFO  c.a.t.t.m.O.NonEmptyTests -
                Started NonEmptyTests in 6.042 seconds (process running for 7.192)
2023-09-27 19:40:50 [main] INFO  c.a.t.t.m.O.NonEmptyTests -
                Starting NonEmptyTests using Java 17.0.6 with PID 357565 (started by brian in /media/brian/Backup 22/Documents/Tablet Backup/Documents/Courses/Java/personal projects/TonsOfTacosV1.2/back-end/tons-of-tacos)
2023-09-27 19:40:50 [main] DEBUG c.a.t.t.m.O.NonEmptyTests -
                Running with Spring Boot v3.0.1, Spring v6.0.3
2023-09-27 19:40:50 [main] INFO  c.a.t.t.m.O.NonEmptyTests -
                No active profile set, falling back to 1 default profile: "default"
2023-09-27 19:40:55 [main] DEBUG c.a.t.config.security.JwtAuthFilter -
                Filter 'jwtAuthFilter' configured for use
2023-09-27 19:40:56 [main] INFO  c.a.t.t.m.O.NonEmptyTests -
                Started NonEmptyTests in 6.09 seconds (process running for 7.177)
2023-09-27 19:44:03 [main] INFO  c.a.t.t.m.O.NonEmptyTests -
                Starting NonEmptyTests using Java 17.0.6 with PID 357761 (started by brian in /media/brian/Backup 22/Documents/Tablet Backup/Documents/Courses/Java/personal projects/TonsOfTacosV1.2/back-end/tons-of-tacos)
2023-09-27 19:44:03 [main] DEBUG c.a.t.t.m.O.NonEmptyTests -
                Running with Spring Boot v3.0.1, Spring v6.0.3
2023-09-27 19:44:03 [main] INFO  c.a.t.t.m.O.NonEmptyTests -
                No active profile set, falling back to 1 default profile: "default"
2023-09-27 19:44:08 [main] DEBUG c.a.t.config.security.JwtAuthFilter -
                Filter 'jwtAuthFilter' configured for use
2023-09-27 19:44:09 [main] INFO  c.a.t.t.m.O.NonEmptyTests -
                Started NonEmptyTests in 6.172 seconds (process running for 7.179)
2023-09-27 19:52:17 [main] INFO  c.a.t.t.m.O.NonEmptyTests -
                Starting NonEmptyTests using Java 17.0.6 with PID 357970 (started by brian in /media/brian/Backup 22/Documents/Tablet Backup/Documents/Courses/Java/personal projects/TonsOfTacosV1.2/back-end/tons-of-tacos)
2023-09-27 19:52:17 [main] DEBUG c.a.t.t.m.O.NonEmptyTests -
                Running with Spring Boot v3.0.1, Spring v6.0.3
2023-09-27 19:52:17 [main] INFO  c.a.t.t.m.O.NonEmptyTests -
                No active profile set, falling back to 1 default profile: "default"
2023-09-27 19:52:22 [main] DEBUG c.a.t.config.security.JwtAuthFilter -
                Filter 'jwtAuthFilter' configured for use
2023-09-27 19:52:23 [main] INFO  c.a.t.t.m.O.NonEmptyTests -
                Started NonEmptyTests in 6.037 seconds (process running for 7.136)
2023-09-27 19:59:40 [main] INFO  c.a.t.t.m.OrdersDbTests.EmptyTests -
                Starting EmptyTests using Java 17.0.6 with PID 358269 (started by brian in /media/brian/Backup 22/Documents/Tablet Backup/Documents/Courses/Java/personal projects/TonsOfTacosV1.2/back-end/tons-of-tacos)
2023-09-27 19:59:40 [main] DEBUG c.a.t.t.m.OrdersDbTests.EmptyTests -
                Running with Spring Boot v3.0.1, Spring v6.0.3
2023-09-27 19:59:40 [main] INFO  c.a.t.t.m.OrdersDbTests.EmptyTests -
                No active profile set, falling back to 1 default profile: "default"
2023-09-27 19:59:45 [main] DEBUG c.a.t.config.security.JwtAuthFilter -
                Filter 'jwtAuthFilter' configured for use
2023-09-27 19:59:46 [main] INFO  c.a.t.t.m.OrdersDbTests.EmptyTests -
                Started EmptyTests in 6.249 seconds (process running for 7.318)
2023-09-27 19:59:46 [main] DEBUG c.a.t.e.GlobalExceptionHandler -
                {status code=404 NOT_FOUND, message=No orders found at all. Please contact your application team right away., uri=/api/owners-tools/orders/get-orders, timestamp=Wed, 27 Sep 2023 19:59:46 -0700}
2023-09-27 20:58:02 [main] INFO  c.a.t.t.m.OrdersDbTests.EmptyTests -
                Starting EmptyTests using Java 17.0.6 with PID 360041 (started by brian in /media/brian/Backup 22/Documents/Tablet Backup/Documents/Courses/Java/personal projects/TonsOfTacosV1.2/back-end/tons-of-tacos)
2023-09-27 20:58:02 [main] DEBUG c.a.t.t.m.OrdersDbTests.EmptyTests -
                Running with Spring Boot v3.0.1, Spring v6.0.3
2023-09-27 20:58:02 [main] INFO  c.a.t.t.m.OrdersDbTests.EmptyTests -
                No active profile set, falling back to 1 default profile: "default"
2023-09-27 20:58:06 [main] DEBUG c.a.t.config.security.JwtAuthFilter -
                Filter 'jwtAuthFilter' configured for use
