2023-09-20 06:29:15 [main] INFO  c.a.t.t.mockTests.EmptyDBTest -
                Starting EmptyDBTest using Java 17.0.6 with PID 61600 (started by brian in /media/brian/Backup 22/Documents/Tablet Backup/Documents/Courses/Java/personal projects/TonsOfTacosV1.2/back-end/tons-of-tacos)
2023-09-20 06:29:15 [main] DEBUG c.a.t.t.mockTests.EmptyDBTest -
                Running with Spring Boot v3.0.1, Spring v6.0.3
2023-09-20 06:29:15 [main] INFO  c.a.t.t.mockTests.EmptyDBTest -
                No active profile set, falling back to 1 default profile: "default"
2023-09-20 06:30:45 [main] INFO  c.a.t.t.mockTests.EmptyDBTest -
                Starting EmptyDBTest using Java 17.0.6 with PID 61755 (started by brian in /media/brian/Backup 22/Documents/Tablet Backup/Documents/Courses/Java/personal projects/TonsOfTacosV1.2/back-end/tons-of-tacos)
2023-09-20 06:30:45 [main] DEBUG c.a.t.t.mockTests.EmptyDBTest -
                Running with Spring Boot v3.0.1, Spring v6.0.3
2023-09-20 06:30:45 [main] INFO  c.a.t.t.mockTests.EmptyDBTest -
                No active profile set, falling back to 1 default profile: "default"
2023-09-20 19:36:01 [main] INFO  c.a.t.t.s.o.o.GetAllOrdersTests$testThatDoesNotPolluteTheApplicationContextUris -
                Starting GetAllOrdersTests.testThatDoesNotPolluteTheApplicationContextUris using Java 17.0.6 with PID 77933 (started by brian in /media/brian/Backup 22/Documents/Tablet Backup/Documents/Courses/Java/personal projects/TonsOfTacosV1.2/back-end/tons-of-tacos)
2023-09-20 19:36:01 [main] DEBUG c.a.t.t.s.o.o.GetAllOrdersTests$testThatDoesNotPolluteTheApplicationContextUris -
                Running with Spring Boot v3.0.1, Spring v6.0.3
2023-09-20 19:36:01 [main] INFO  c.a.t.t.s.o.o.GetAllOrdersTests$testThatDoesNotPolluteTheApplicationContextUris -
                No active profile set, falling back to 1 default profile: "default"
2023-09-20 19:36:06 [main] DEBUG c.a.t.config.security.JwtAuthFilter -
                Filter 'jwtAuthFilter' configured for use
2023-09-20 19:36:07 [main] INFO  c.a.t.t.s.o.o.GetAllOrdersTests$testThatDoesNotPolluteTheApplicationContextUris -
                Started GetAllOrdersTests.testThatDoesNotPolluteTheApplicationContextUris in 6.125 seconds (process running for 7.352)
2023-09-20 19:39:03 [main] INFO  c.a.t.t.mockTests.EmptyDBTest -
                Starting EmptyDBTest using Java 17.0.6 with PID 78099 (started by brian in /media/brian/Backup 22/Documents/Tablet Backup/Documents/Courses/Java/personal projects/TonsOfTacosV1.2/back-end/tons-of-tacos)
2023-09-20 19:39:03 [main] DEBUG c.a.t.t.mockTests.EmptyDBTest -
                Running with Spring Boot v3.0.1, Spring v6.0.3
2023-09-20 19:39:03 [main] INFO  c.a.t.t.mockTests.EmptyDBTest -
                No active profile set, falling back to 1 default profile: "default"
2023-09-20 19:40:28 [main] INFO  c.a.t.t.mockTests.EmptyDBTest -
                Starting EmptyDBTest using Java 17.0.6 with PID 78366 (started by brian in /media/brian/Backup 22/Documents/Tablet Backup/Documents/Courses/Java/personal projects/TonsOfTacosV1.2/back-end/tons-of-tacos)
2023-09-20 19:40:28 [main] DEBUG c.a.t.t.mockTests.EmptyDBTest -
                Running with Spring Boot v3.0.1, Spring v6.0.3
2023-09-20 19:40:28 [main] INFO  c.a.t.t.mockTests.EmptyDBTest -
                No active profile set, falling back to 1 default profile: "default"
2023-09-20 19:40:47 [main] INFO  c.a.t.t.mockTests.EmptyDBTest -
                Starting EmptyDBTest using Java 17.0.6 with PID 78505 (started by brian in /media/brian/Backup 22/Documents/Tablet Backup/Documents/Courses/Java/personal projects/TonsOfTacosV1.2/back-end/tons-of-tacos)
2023-09-20 19:40:47 [main] DEBUG c.a.t.t.mockTests.EmptyDBTest -
                Running with Spring Boot v3.0.1, Spring v6.0.3
2023-09-20 19:40:47 [main] INFO  c.a.t.t.mockTests.EmptyDBTest -
                No active profile set, falling back to 1 default profile: "default"
2023-09-20 19:59:14 [main] INFO  c.a.t.t.mockTests.EmptyDBTest -
                Starting EmptyDBTest using Java 17.0.6 with PID 79484 (started by brian in /media/brian/Backup 22/Documents/Tablet Backup/Documents/Courses/Java/personal projects/TonsOfTacosV1.2/back-end/tons-of-tacos)
2023-09-20 19:59:14 [main] DEBUG c.a.t.t.mockTests.EmptyDBTest -
                Running with Spring Boot v3.0.1, Spring v6.0.3
2023-09-20 19:59:14 [main] INFO  c.a.t.t.mockTests.EmptyDBTest -
                No active profile set, falling back to 1 default profile: "default"
2023-09-20 19:59:42 [main] INFO  c.a.t.t.mockTests.EmptyDBTest -
                Starting EmptyDBTest using Java 17.0.6 with PID 79625 (started by brian in /media/brian/Backup 22/Documents/Tablet Backup/Documents/Courses/Java/personal projects/TonsOfTacosV1.2/back-end/tons-of-tacos)
2023-09-20 19:59:42 [main] DEBUG c.a.t.t.mockTests.EmptyDBTest -
                Running with Spring Boot v3.0.1, Spring v6.0.3
2023-09-20 19:59:42 [main] INFO  c.a.t.t.mockTests.EmptyDBTest -
                No active profile set, falling back to 1 default profile: "default"
2023-09-20 20:15:06 [main] INFO  c.a.t.t.mockTests.EmptyDBTest -
                Starting EmptyDBTest using Java 17.0.6 with PID 81435 (started by brian in /media/brian/Backup 22/Documents/Tablet Backup/Documents/Courses/Java/personal projects/TonsOfTacosV1.2/back-end/tons-of-tacos)
2023-09-20 20:15:06 [main] DEBUG c.a.t.t.mockTests.EmptyDBTest -
                Running with Spring Boot v3.0.1, Spring v6.0.3
2023-09-20 20:15:06 [main] INFO  c.a.t.t.mockTests.EmptyDBTest -
                No active profile set, falling back to 1 default profile: "default"
2023-09-20 20:27:22 [main] INFO  c.a.t.t.mockTests.EmptyDBTest -
                Starting EmptyDBTest using Java 17.0.6 with PID 82475 (started by brian in /media/brian/Backup 22/Documents/Tablet Backup/Documents/Courses/Java/personal projects/TonsOfTacosV1.2/back-end/tons-of-tacos)
2023-09-20 20:27:22 [main] DEBUG c.a.t.t.mockTests.EmptyDBTest -
                Running with Spring Boot v3.0.1, Spring v6.0.3
2023-09-20 20:27:22 [main] INFO  c.a.t.t.mockTests.EmptyDBTest -
                No active profile set, falling back to 1 default profile: "default"
2023-09-20 20:28:19 [main] INFO  c.a.t.t.mockTests.EmptyDBTest -
                Starting EmptyDBTest using Java 17.0.6 with PID 82610 (started by brian in /media/brian/Backup 22/Documents/Tablet Backup/Documents/Courses/Java/personal projects/TonsOfTacosV1.2/back-end/tons-of-tacos)
2023-09-20 20:28:19 [main] DEBUG c.a.t.t.mockTests.EmptyDBTest -
                Running with Spring Boot v3.0.1, Spring v6.0.3
2023-09-20 20:28:19 [main] INFO  c.a.t.t.mockTests.EmptyDBTest -
                No active profile set, falling back to 1 default profile: "default"
2023-09-20 20:28:24 [main] INFO  c.a.t.t.mockTests.EmptyDBTest -
                Started EmptyDBTest in 5.167 seconds (process running for 6.222)
2023-09-20 20:31:46 [main] INFO  c.a.t.t.mockTests.EmptyDBTest -
                Starting EmptyDBTest using Java 17.0.6 with PID 82879 (started by brian in /media/brian/Backup 22/Documents/Tablet Backup/Documents/Courses/Java/personal projects/TonsOfTacosV1.2/back-end/tons-of-tacos)
2023-09-20 20:31:46 [main] DEBUG c.a.t.t.mockTests.EmptyDBTest -
                Running with Spring Boot v3.0.1, Spring v6.0.3
2023-09-20 20:31:46 [main] INFO  c.a.t.t.mockTests.EmptyDBTest -
                No active profile set, falling back to 1 default profile: "default"
2023-09-20 20:31:51 [main] INFO  c.a.t.t.mockTests.EmptyDBTest -
                Started EmptyDBTest in 5.084 seconds (process running for 6.192)
