2023-09-12 20:03:29 [main] DEBUG c.a.t.config.security.JwtAuthFilter -
                Filter 'jwtAuthFilter' configured for use
2023-09-12 20:03:30 [main] INFO  c.a.t.t.s.o.o.DeleteCustomerByUidTest$testThatDoesNotPolluteTheApplicationContextUris -
                Started DeleteCustomerByUidTest.testThatDoesNotPolluteTheApplicationContextUris in 6.009 seconds (process running for 7.185)
2023-09-12 20:05:24 [main] INFO  c.a.t.t.s.o.o.DeleteCustomerByUidTest$testThatDoesNotPolluteTheApplicationContextUris -
                Starting DeleteCustomerByUidTest.testThatDoesNotPolluteTheApplicationContextUris using Java 17.0.6 with PID 503133 (started by brian in /media/brian/Backup 22/Documents/Tablet Backup/Documents/Courses/Java/personal projects/TonsOfTacosV1.2/back-end/tons-of-tacos)
2023-09-12 20:05:24 [main] DEBUG c.a.t.t.s.o.o.DeleteCustomerByUidTest$testThatDoesNotPolluteTheApplicationContextUris -
                Running with Spring Boot v3.0.1, Spring v6.0.3
2023-09-12 20:05:24 [main] INFO  c.a.t.t.s.o.o.DeleteCustomerByUidTest$testThatDoesNotPolluteTheApplicationContextUris -
                No active profile set, falling back to 1 default profile: "default"
2023-09-12 20:05:29 [main] DEBUG c.a.t.config.security.JwtAuthFilter -
                Filter 'jwtAuthFilter' configured for use
2023-09-12 20:05:29 [main] INFO  c.a.t.t.s.o.o.DeleteCustomerByUidTest$testThatDoesNotPolluteTheApplicationContextUris -
                Started DeleteCustomerByUidTest.testThatDoesNotPolluteTheApplicationContextUris in 6.114 seconds (process running for 7.234)
2023-09-12 20:09:41 [main] INFO  c.a.t.t.s.o.o.DeleteCustomerByUidTest$testThatDoesNotPolluteTheApplicationContextUris -
                Starting DeleteCustomerByUidTest.testThatDoesNotPolluteTheApplicationContextUris using Java 17.0.6 with PID 503351 (started by brian in /media/brian/Backup 22/Documents/Tablet Backup/Documents/Courses/Java/personal projects/TonsOfTacosV1.2/back-end/tons-of-tacos)
2023-09-12 20:09:41 [main] DEBUG c.a.t.t.s.o.o.DeleteCustomerByUidTest$testThatDoesNotPolluteTheApplicationContextUris -
                Running with Spring Boot v3.0.1, Spring v6.0.3
2023-09-12 20:09:41 [main] INFO  c.a.t.t.s.o.o.DeleteCustomerByUidTest$testThatDoesNotPolluteTheApplicationContextUris -
                No active profile set, falling back to 1 default profile: "default"
2023-09-12 20:09:46 [main] DEBUG c.a.t.config.security.JwtAuthFilter -
                Filter 'jwtAuthFilter' configured for use
2023-09-12 20:09:46 [main] INFO  c.a.t.t.s.o.o.DeleteCustomerByUidTest$testThatDoesNotPolluteTheApplicationContextUris -
                Started DeleteCustomerByUidTest.testThatDoesNotPolluteTheApplicationContextUris in 5.994 seconds (process running for 7.157)
2023-09-12 20:09:47 [http-nio-auto-1-exec-3] DEBUG c.a.t.e.GlobalExceptionHandler -
                {status code=404 NOT_FOUND, message=No customer found with that UID. Please verify and try  again., uri=/api/owners-tools/customers/get-customer-uid/customerUid, timestamp=Tue, 12 Sep 2023 20:09:47 -0700}
2023-09-12 20:12:02 [main] INFO  c.a.t.t.s.o.o.DeleteCustomerByUidTest$testThatDoesNotPolluteTheApplicationContextUris -
                Starting DeleteCustomerByUidTest.testThatDoesNotPolluteTheApplicationContextUris using Java 17.0.6 with PID 503528 (started by brian in /media/brian/Backup 22/Documents/Tablet Backup/Documents/Courses/Java/personal projects/TonsOfTacosV1.2/back-end/tons-of-tacos)
2023-09-12 20:12:02 [main] DEBUG c.a.t.t.s.o.o.DeleteCustomerByUidTest$testThatDoesNotPolluteTheApplicationContextUris -
                Running with Spring Boot v3.0.1, Spring v6.0.3
2023-09-12 20:12:02 [main] INFO  c.a.t.t.s.o.o.DeleteCustomerByUidTest$testThatDoesNotPolluteTheApplicationContextUris -
                No active profile set, falling back to 1 default profile: "default"
2023-09-12 20:12:07 [main] DEBUG c.a.t.config.security.JwtAuthFilter -
                Filter 'jwtAuthFilter' configured for use
2023-09-12 20:12:08 [main] INFO  c.a.t.t.s.o.o.DeleteCustomerByUidTest$testThatDoesNotPolluteTheApplicationContextUris -
                Started DeleteCustomerByUidTest.testThatDoesNotPolluteTheApplicationContextUris in 6.063 seconds (process running for 7.276)
2023-09-12 20:12:09 [http-nio-auto-1-exec-3] DEBUG c.a.t.e.GlobalExceptionHandler -
                {status code=404 NOT_FOUND, message=No customer found with that UID. Please verify and try  again., uri=/api/owners-tools/customers/get-customer-uid/customerUid, timestamp=Tue, 12 Sep 2023 20:12:09 -0700}
2023-09-12 20:12:13 [main] INFO  c.a.t.TonsOfTacosApplication -
                Starting TonsOfTacosApplication using Java 17.0.6 with PID 503653 (/media/brian/Backup 22/Documents/Tablet Backup/Documents/Courses/Java/personal projects/TonsOfTacosV1.2/back-end/tons-of-tacos/target/classes started by brian in /media/brian/Backup 22/Documents/Tablet Backup/Documents/Courses/Java/personal projects/TonsOfTacosV1.2/back-end/tons-of-tacos)
2023-09-12 20:12:13 [main] DEBUG c.a.t.TonsOfTacosApplication -
                Running with Spring Boot v3.0.1, Spring v6.0.3
2023-09-12 20:12:13 [main] INFO  c.a.t.TonsOfTacosApplication -
                No active profile set, falling back to 1 default profile: "default"
2023-09-12 20:12:16 [main] DEBUG c.a.t.config.security.JwtAuthFilter -
                Filter 'jwtAuthFilter' configured for use
2023-09-12 20:12:17 [main] INFO  c.a.t.TonsOfTacosApplication -
                Started TonsOfTacosApplication in 4.611 seconds (process running for 5.061)
2023-09-12 20:13:27 [main] INFO  c.a.t.TonsOfTacosApplication -
                Starting TonsOfTacosApplication using Java 17.0.6 with PID 503798 (/media/brian/Backup 22/Documents/Tablet Backup/Documents/Courses/Java/personal projects/TonsOfTacosV1.2/back-end/tons-of-tacos/target/classes started by brian in /media/brian/Backup 22/Documents/Tablet Backup/Documents/Courses/Java/personal projects/TonsOfTacosV1.2/back-end/tons-of-tacos)
2023-09-12 20:13:27 [main] DEBUG c.a.t.TonsOfTacosApplication -
                Running with Spring Boot v3.0.1, Spring v6.0.3
2023-09-12 20:13:27 [main] INFO  c.a.t.TonsOfTacosApplication -
                No active profile set, falling back to 1 default profile: "default"
2023-09-12 20:13:31 [main] DEBUG c.a.t.config.security.JwtAuthFilter -
                Filter 'jwtAuthFilter' configured for use
2023-09-12 20:13:31 [main] INFO  c.a.t.TonsOfTacosApplication -
                Started TonsOfTacosApplication in 4.387 seconds (process running for 4.817)
2023-09-12 20:15:32 [http-nio-8080-exec-8] DEBUG c.a.t.e.GlobalExceptionHandler -
                {status code=403 FORBIDDEN, message=Session expired., uri=/api/owners-tools/customers/get-customer-uid/customerUid, timestamp=Tue, 12 Sep 2023 20:15:32 -0700}
2023-09-12 20:16:28 [main] INFO  c.a.t.TonsOfTacosApplication -
                Starting TonsOfTacosApplication using Java 17.0.6 with PID 504050 (/media/brian/Backup 22/Documents/Tablet Backup/Documents/Courses/Java/personal projects/TonsOfTacosV1.2/back-end/tons-of-tacos/target/classes started by brian in /media/brian/Backup 22/Documents/Tablet Backup/Documents/Courses/Java/personal projects/TonsOfTacosV1.2/back-end/tons-of-tacos)
2023-09-12 20:16:28 [main] DEBUG c.a.t.TonsOfTacosApplication -
                Running with Spring Boot v3.0.1, Spring v6.0.3
2023-09-12 20:16:28 [main] INFO  c.a.t.TonsOfTacosApplication -
                No active profile set, falling back to 1 default profile: "default"
2023-09-12 20:16:32 [main] DEBUG c.a.t.config.security.JwtAuthFilter -
                Filter 'jwtAuthFilter' configured for use
2023-09-12 20:16:33 [main] INFO  c.a.t.TonsOfTacosApplication -
                Started TonsOfTacosApplication in 4.694 seconds (process running for 5.133)
2023-09-12 20:17:09 [main] INFO  c.a.t.TonsOfTacosApplication -
                Starting TonsOfTacosApplication using Java 17.0.6 with PID 504205 (/media/brian/Backup 22/Documents/Tablet Backup/Documents/Courses/Java/personal projects/TonsOfTacosV1.2/back-end/tons-of-tacos/target/classes started by brian in /media/brian/Backup 22/Documents/Tablet Backup/Documents/Courses/Java/personal projects/TonsOfTacosV1.2/back-end/tons-of-tacos)
2023-09-12 20:17:09 [main] DEBUG c.a.t.TonsOfTacosApplication -
                Running with Spring Boot v3.0.1, Spring v6.0.3
2023-09-12 20:17:09 [main] INFO  c.a.t.TonsOfTacosApplication -
                No active profile set, falling back to 1 default profile: "default"
2023-09-12 20:17:12 [main] DEBUG c.a.t.config.security.JwtAuthFilter -
                Filter 'jwtAuthFilter' configured for use
2023-09-12 20:17:13 [main] INFO  c.a.t.TonsOfTacosApplication -
                Started TonsOfTacosApplication in 4.472 seconds (process running for 4.91)
2023-09-12 20:18:43 [main] INFO  c.a.t.TonsOfTacosApplication -
                Starting TonsOfTacosApplication using Java 17.0.6 with PID 504371 (/media/brian/Backup 22/Documents/Tablet Backup/Documents/Courses/Java/personal projects/TonsOfTacosV1.2/back-end/tons-of-tacos/target/classes started by brian in /media/brian/Backup 22/Documents/Tablet Backup/Documents/Courses/Java/personal projects/TonsOfTacosV1.2/back-end/tons-of-tacos)
2023-09-12 20:18:43 [main] DEBUG c.a.t.TonsOfTacosApplication -
                Running with Spring Boot v3.0.1, Spring v6.0.3
2023-09-12 20:18:43 [main] INFO  c.a.t.TonsOfTacosApplication -
                No active profile set, falling back to 1 default profile: "default"
2023-09-12 20:18:47 [main] DEBUG c.a.t.config.security.JwtAuthFilter -
                Filter 'jwtAuthFilter' configured for use
2023-09-12 20:18:47 [main] INFO  c.a.t.TonsOfTacosApplication -
                Started TonsOfTacosApplication in 4.472 seconds (process running for 4.873)
2023-09-12 20:20:25 [main] INFO  c.a.t.TonsOfTacosApplication -
                Starting TonsOfTacosApplication using Java 17.0.6 with PID 504556 (/media/brian/Backup 22/Documents/Tablet Backup/Documents/Courses/Java/personal projects/TonsOfTacosV1.2/back-end/tons-of-tacos/target/classes started by brian in /media/brian/Backup 22/Documents/Tablet Backup/Documents/Courses/Java/personal projects/TonsOfTacosV1.2/back-end/tons-of-tacos)
2023-09-12 20:20:25 [main] DEBUG c.a.t.TonsOfTacosApplication -
                Running with Spring Boot v3.0.1, Spring v6.0.3
2023-09-12 20:20:25 [main] INFO  c.a.t.TonsOfTacosApplication -
                No active profile set, falling back to 1 default profile: "default"
