2023-09-24 08:30:46 [main] INFO  c.a.t.t.mockTests.EmptyDBTest -
                Starting EmptyDBTest using Java 17.0.6 with PID 201805 (started by brian in /media/brian/Backup 22/Documents/Tablet Backup/Documents/Courses/Java/personal projects/TonsOfTacosV1.2/back-end/tons-of-tacos)
2023-09-24 08:30:46 [main] DEBUG c.a.t.t.mockTests.EmptyDBTest -
                Running with Spring Boot v3.0.1, Spring v6.0.3
2023-09-24 08:30:46 [main] INFO  c.a.t.t.mockTests.EmptyDBTest -
                No active profile set, falling back to 1 default profile: "default"
2023-09-24 08:30:49 [main] INFO  c.a.t.t.mockTests.EmptyDBTest -
                Started EmptyDBTest in 3.419 seconds (process running for 4.818)
2023-09-24 08:31:53 [main] INFO  c.a.t.t.mockTests.EmptyDBTest -
                Starting EmptyDBTest using Java 17.0.6 with PID 201915 (started by brian in /media/brian/Backup 22/Documents/Tablet Backup/Documents/Courses/Java/personal projects/TonsOfTacosV1.2/back-end/tons-of-tacos)
2023-09-24 08:31:53 [main] DEBUG c.a.t.t.mockTests.EmptyDBTest -
                Running with Spring Boot v3.0.1, Spring v6.0.3
2023-09-24 08:31:53 [main] INFO  c.a.t.t.mockTests.EmptyDBTest -
                No active profile set, falling back to 1 default profile: "default"
2023-09-24 08:31:55 [main] INFO  c.a.t.t.mockTests.EmptyDBTest -
                Started EmptyDBTest in 2.08 seconds (process running for 3.137)
2023-09-24 08:35:07 [main] INFO  c.a.t.t.mockTests.EmptyDBTest -
                Starting EmptyDBTest using Java 17.0.6 with PID 202056 (started by brian in /media/brian/Backup 22/Documents/Tablet Backup/Documents/Courses/Java/personal projects/TonsOfTacosV1.2/back-end/tons-of-tacos)
2023-09-24 08:35:07 [main] DEBUG c.a.t.t.mockTests.EmptyDBTest -
                Running with Spring Boot v3.0.1, Spring v6.0.3
2023-09-24 08:35:07 [main] INFO  c.a.t.t.mockTests.EmptyDBTest -
                No active profile set, falling back to 1 default profile: "default"
2023-09-24 08:35:09 [main] INFO  c.a.t.t.mockTests.EmptyDBTest -
                Started EmptyDBTest in 2.222 seconds (process running for 3.337)
2023-09-24 08:36:45 [main] INFO  c.a.t.t.mockTests.EmptyDBTest -
                Starting EmptyDBTest using Java 17.0.6 with PID 202170 (started by brian in /media/brian/Backup 22/Documents/Tablet Backup/Documents/Courses/Java/personal projects/TonsOfTacosV1.2/back-end/tons-of-tacos)
2023-09-24 08:36:45 [main] DEBUG c.a.t.t.mockTests.EmptyDBTest -
                Running with Spring Boot v3.0.1, Spring v6.0.3
2023-09-24 08:36:45 [main] INFO  c.a.t.t.mockTests.EmptyDBTest -
                No active profile set, falling back to 1 default profile: "default"
2023-09-24 08:36:47 [main] INFO  c.a.t.t.mockTests.EmptyDBTest -
                Started EmptyDBTest in 2.233 seconds (process running for 3.224)
2023-09-24 08:37:39 [main] INFO  c.a.t.t.mockTests.EmptyDBTest -
                Starting EmptyDBTest using Java 17.0.6 with PID 202277 (started by brian in /media/brian/Backup 22/Documents/Tablet Backup/Documents/Courses/Java/personal projects/TonsOfTacosV1.2/back-end/tons-of-tacos)
2023-09-24 08:37:39 [main] DEBUG c.a.t.t.mockTests.EmptyDBTest -
                Running with Spring Boot v3.0.1, Spring v6.0.3
2023-09-24 08:37:39 [main] INFO  c.a.t.t.mockTests.EmptyDBTest -
                No active profile set, falling back to 1 default profile: "default"
2023-09-24 08:37:41 [main] INFO  c.a.t.t.mockTests.EmptyDBTest -
                Started EmptyDBTest in 2.215 seconds (process running for 3.297)
2023-09-24 08:38:30 [main] INFO  c.a.t.t.mockTests.EmptyDBTest -
                Starting EmptyDBTest using Java 17.0.6 with PID 202422 (started by brian in /media/brian/Backup 22/Documents/Tablet Backup/Documents/Courses/Java/personal projects/TonsOfTacosV1.2/back-end/tons-of-tacos)
2023-09-24 08:38:30 [main] DEBUG c.a.t.t.mockTests.EmptyDBTest -
                Running with Spring Boot v3.0.1, Spring v6.0.3
2023-09-24 08:38:30 [main] INFO  c.a.t.t.mockTests.EmptyDBTest -
                No active profile set, falling back to 1 default profile: "default"
2023-09-24 08:38:32 [main] INFO  c.a.t.t.mockTests.EmptyDBTest -
                Started EmptyDBTest in 2.181 seconds (process running for 3.228)
2023-09-24 08:44:48 [main] INFO  c.a.t.t.mockTests.EmptyDBTest -
                Starting EmptyDBTest using Java 17.0.6 with PID 202658 (started by brian in /media/brian/Backup 22/Documents/Tablet Backup/Documents/Courses/Java/personal projects/TonsOfTacosV1.2/back-end/tons-of-tacos)
2023-09-24 08:44:48 [main] DEBUG c.a.t.t.mockTests.EmptyDBTest -
                Running with Spring Boot v3.0.1, Spring v6.0.3
2023-09-24 08:44:48 [main] INFO  c.a.t.t.mockTests.EmptyDBTest -
                No active profile set, falling back to 1 default profile: "default"
2023-09-24 08:44:50 [main] INFO  c.a.t.t.mockTests.EmptyDBTest -
                Started EmptyDBTest in 2.13 seconds (process running for 3.198)
2023-09-24 08:45:57 [main] INFO  c.a.t.t.mockTests.EmptyDBTest -
                Starting EmptyDBTest using Java 17.0.6 with PID 202770 (started by brian in /media/brian/Backup 22/Documents/Tablet Backup/Documents/Courses/Java/personal projects/TonsOfTacosV1.2/back-end/tons-of-tacos)
2023-09-24 08:45:57 [main] DEBUG c.a.t.t.mockTests.EmptyDBTest -
                Running with Spring Boot v3.0.1, Spring v6.0.3
2023-09-24 08:45:57 [main] INFO  c.a.t.t.mockTests.EmptyDBTest -
                No active profile set, falling back to 1 default profile: "default"
2023-09-24 08:45:59 [main] INFO  c.a.t.t.mockTests.EmptyDBTest -
                Started EmptyDBTest in 2.162 seconds (process running for 3.241)
2023-09-24 08:47:18 [main] INFO  c.a.t.t.mockTests.EmptyDBTest -
                Starting EmptyDBTest using Java 17.0.6 with PID 202895 (started by brian in /media/brian/Backup 22/Documents/Tablet Backup/Documents/Courses/Java/personal projects/TonsOfTacosV1.2/back-end/tons-of-tacos)
2023-09-24 08:47:18 [main] DEBUG c.a.t.t.mockTests.EmptyDBTest -
                Running with Spring Boot v3.0.1, Spring v6.0.3
2023-09-24 08:47:18 [main] INFO  c.a.t.t.mockTests.EmptyDBTest -
                No active profile set, falling back to 1 default profile: "default"
2023-09-24 08:47:20 [main] INFO  c.a.t.t.mockTests.EmptyDBTest -
                Started EmptyDBTest in 2.251 seconds (process running for 3.358)
2023-09-24 08:47:52 [main] INFO  c.a.t.t.mockTests.EmptyDBTest -
                Starting EmptyDBTest using Java 17.0.6 with PID 203004 (started by brian in /media/brian/Backup 22/Documents/Tablet Backup/Documents/Courses/Java/personal projects/TonsOfTacosV1.2/back-end/tons-of-tacos)
2023-09-24 08:47:52 [main] DEBUG c.a.t.t.mockTests.EmptyDBTest -
                Running with Spring Boot v3.0.1, Spring v6.0.3
2023-09-24 08:47:52 [main] INFO  c.a.t.t.mockTests.EmptyDBTest -
                No active profile set, falling back to 1 default profile: "default"
2023-09-24 08:47:54 [main] INFO  c.a.t.t.mockTests.EmptyDBTest -
                Started EmptyDBTest in 2.208 seconds (process running for 3.269)
2023-09-24 08:50:03 [main] INFO  c.a.t.t.mockTests.EmptyDBTest -
                Starting EmptyDBTest using Java 17.0.6 with PID 203118 (started by brian in /media/brian/Backup 22/Documents/Tablet Backup/Documents/Courses/Java/personal projects/TonsOfTacosV1.2/back-end/tons-of-tacos)
2023-09-24 08:50:03 [main] DEBUG c.a.t.t.mockTests.EmptyDBTest -
                Running with Spring Boot v3.0.1, Spring v6.0.3
2023-09-24 08:50:03 [main] INFO  c.a.t.t.mockTests.EmptyDBTest -
                No active profile set, falling back to 1 default profile: "default"
2023-09-24 08:50:05 [main] INFO  c.a.t.t.mockTests.EmptyDBTest -
                Started EmptyDBTest in 2.234 seconds (process running for 3.327)
2023-09-24 08:51:43 [main] INFO  c.a.t.t.mockTests.EmptyDBTest -
                Starting EmptyDBTest using Java 17.0.6 with PID 203259 (started by brian in /media/brian/Backup 22/Documents/Tablet Backup/Documents/Courses/Java/personal projects/TonsOfTacosV1.2/back-end/tons-of-tacos)
2023-09-24 08:51:43 [main] DEBUG c.a.t.t.mockTests.EmptyDBTest -
                Running with Spring Boot v3.0.1, Spring v6.0.3
2023-09-24 08:51:43 [main] INFO  c.a.t.t.mockTests.EmptyDBTest -
                No active profile set, falling back to 1 default profile: "default"
2023-09-24 08:51:45 [main] INFO  c.a.t.t.mockTests.EmptyDBTest -
                Started EmptyDBTest in 2.301 seconds (process running for 3.364)
2023-09-24 08:54:14 [main] INFO  c.a.t.t.mockTests.EmptyDBTest -
                Starting EmptyDBTest using Java 17.0.6 with PID 203389 (started by brian in /media/brian/Backup 22/Documents/Tablet Backup/Documents/Courses/Java/personal projects/TonsOfTacosV1.2/back-end/tons-of-tacos)
2023-09-24 08:54:14 [main] DEBUG c.a.t.t.mockTests.EmptyDBTest -
                Running with Spring Boot v3.0.1, Spring v6.0.3
2023-09-24 08:54:14 [main] INFO  c.a.t.t.mockTests.EmptyDBTest -
                No active profile set, falling back to 1 default profile: "default"
2023-09-24 08:54:16 [main] INFO  c.a.t.t.mockTests.EmptyDBTest -
                Started EmptyDBTest in 2.311 seconds (process running for 3.354)
2023-09-24 09:27:31 [main] INFO  c.a.t.t.mockTests.EmptyDBTest -
                Starting EmptyDBTest using Java 17.0.6 with PID 205506 (started by brian in /media/brian/Backup 22/Documents/Tablet Backup/Documents/Courses/Java/personal projects/TonsOfTacosV1.2/back-end/tons-of-tacos)
2023-09-24 09:27:31 [main] DEBUG c.a.t.t.mockTests.EmptyDBTest -
                Running with Spring Boot v3.0.1, Spring v6.0.3
2023-09-24 09:27:31 [main] INFO  c.a.t.t.mockTests.EmptyDBTest -
                No active profile set, falling back to 1 default profile: "default"
2023-09-24 09:27:33 [main] INFO  c.a.t.t.mockTests.EmptyDBTest -
                Started EmptyDBTest in 2.299 seconds (process running for 3.418)
2023-09-24 09:30:11 [main] INFO  c.a.t.t.mockTests.EmptyDBTest -
                Starting EmptyDBTest using Java 17.0.6 with PID 205651 (started by brian in /media/brian/Backup 22/Documents/Tablet Backup/Documents/Courses/Java/personal projects/TonsOfTacosV1.2/back-end/tons-of-tacos)
2023-09-24 09:30:12 [main] DEBUG c.a.t.t.mockTests.EmptyDBTest -
                Running with Spring Boot v3.0.1, Spring v6.0.3
2023-09-24 09:30:12 [main] INFO  c.a.t.t.mockTests.EmptyDBTest -
                No active profile set, falling back to 1 default profile: "default"
