2023-09-06 19:02:47 [http-nio-auto-1-exec-2] DEBUG c.a.t.e.GlobalExceptionHandler -
                {status code=404 NOT_FOUND, message=Order item not updated. Verify order exists., uri=/api/owners-tools/orders/update-order-item/77/3/2, timestamp=Wed, 6 Sep 2023 19:02:47 -0700}
2023-09-06 19:04:18 [main] INFO  c.a.t.t.s.o.o.EditOrderItemQuantityTest$testThatDoesNotPolluteTheApplicationContextUris -
                Starting EditOrderItemQuantityTest.testThatDoesNotPolluteTheApplicationContextUris using Java 17.0.6 with PID 227386 (started by brian in /media/brian/Backup 22/Documents/Tablet Backup/Documents/Courses/Java/personal projects/TonsOfTacosV1.2/back-end/tons-of-tacos)
2023-09-06 19:04:18 [main] DEBUG c.a.t.t.s.o.o.EditOrderItemQuantityTest$testThatDoesNotPolluteTheApplicationContextUris -
                Running with Spring Boot v3.0.1, Spring v6.0.3
2023-09-06 19:04:18 [main] INFO  c.a.t.t.s.o.o.EditOrderItemQuantityTest$testThatDoesNotPolluteTheApplicationContextUris -
                No active profile set, falling back to 1 default profile: "default"
2023-09-06 19:04:24 [main] DEBUG c.a.t.config.security.JwtAuthFilter -
                Filter 'jwtAuthFilter' configured for use
2023-09-06 19:04:25 [main] INFO  c.a.t.t.s.o.o.EditOrderItemQuantityTest$testThatDoesNotPolluteTheApplicationContextUris -
                Started EditOrderItemQuantityTest.testThatDoesNotPolluteTheApplicationContextUris in 7.232 seconds (process running for 8.576)
2023-09-06 19:04:26 [http-nio-auto-1-exec-2] DEBUG c.a.t.e.GlobalExceptionHandler -
                {status code=404 NOT_FOUND, message=Order item not updated. Verify order item is part of order., uri=/api/owners-tools/orders/update-order-item/654654-465465-555/88/2, timestamp=Wed, 6 Sep 2023 19:04:26 -0700}
2023-09-06 19:05:13 [main] INFO  c.a.t.t.s.o.o.EditOrderItemQuantityTest$testThatDoesNotPolluteTheApplicationContextUris -
                Starting EditOrderItemQuantityTest.testThatDoesNotPolluteTheApplicationContextUris using Java 17.0.6 with PID 227541 (started by brian in /media/brian/Backup 22/Documents/Tablet Backup/Documents/Courses/Java/personal projects/TonsOfTacosV1.2/back-end/tons-of-tacos)
2023-09-06 19:05:13 [main] DEBUG c.a.t.t.s.o.o.EditOrderItemQuantityTest$testThatDoesNotPolluteTheApplicationContextUris -
                Running with Spring Boot v3.0.1, Spring v6.0.3
2023-09-06 19:05:13 [main] INFO  c.a.t.t.s.o.o.EditOrderItemQuantityTest$testThatDoesNotPolluteTheApplicationContextUris -
                No active profile set, falling back to 1 default profile: "default"
2023-09-06 19:05:19 [main] DEBUG c.a.t.config.security.JwtAuthFilter -
                Filter 'jwtAuthFilter' configured for use
2023-09-06 19:05:20 [main] INFO  c.a.t.t.s.o.o.EditOrderItemQuantityTest$testThatDoesNotPolluteTheApplicationContextUris -
                Started EditOrderItemQuantityTest.testThatDoesNotPolluteTheApplicationContextUris in 7.341 seconds (process running for 8.86)
2023-09-06 19:05:21 [http-nio-auto-1-exec-2] DEBUG c.a.t.e.GlobalExceptionHandler -
                {status code=404 NOT_FOUND, message=Order item not updated. Verify order item is part of order., uri=/api/owners-tools/orders/update-order-item/654654-465465-555/88/2, timestamp=Wed, 6 Sep 2023 19:05:21 -0700}
2023-09-06 19:06:56 [main] INFO  c.a.t.t.s.o.o.EditOrderItemQuantityTest$testThatDoesNotPolluteTheApplicationContextUris -
                Starting EditOrderItemQuantityTest.testThatDoesNotPolluteTheApplicationContextUris using Java 17.0.6 with PID 227735 (started by brian in /media/brian/Backup 22/Documents/Tablet Backup/Documents/Courses/Java/personal projects/TonsOfTacosV1.2/back-end/tons-of-tacos)
2023-09-06 19:06:56 [main] DEBUG c.a.t.t.s.o.o.EditOrderItemQuantityTest$testThatDoesNotPolluteTheApplicationContextUris -
                Running with Spring Boot v3.0.1, Spring v6.0.3
2023-09-06 19:06:56 [main] INFO  c.a.t.t.s.o.o.EditOrderItemQuantityTest$testThatDoesNotPolluteTheApplicationContextUris -
                No active profile set, falling back to 1 default profile: "default"
2023-09-06 19:07:02 [main] DEBUG c.a.t.config.security.JwtAuthFilter -
                Filter 'jwtAuthFilter' configured for use
2023-09-06 19:07:03 [main] INFO  c.a.t.t.s.o.o.EditOrderItemQuantityTest$testThatDoesNotPolluteTheApplicationContextUris -
                Started EditOrderItemQuantityTest.testThatDoesNotPolluteTheApplicationContextUris in 7.229 seconds (process running for 8.685)
2023-09-06 19:07:04 [http-nio-auto-1-exec-2] DEBUG c.a.t.e.GlobalExceptionHandler -
                {status code=400 BAD_REQUEST, message=We were unable to process your request. Please contact us when trying to order more than 10 of any given item., uri=/api/owners-tools/orders/update-order-item/654654-465465-555/3/12, timestamp=Wed, 6 Sep 2023 19:07:04 -0700}
2023-09-06 19:07:43 [main] INFO  c.a.t.t.s.o.o.EditOrderItemQuantityTest$testThatDoesNotPolluteTheApplicationContextUris -
                Starting EditOrderItemQuantityTest.testThatDoesNotPolluteTheApplicationContextUris using Java 17.0.6 with PID 227891 (started by brian in /media/brian/Backup 22/Documents/Tablet Backup/Documents/Courses/Java/personal projects/TonsOfTacosV1.2/back-end/tons-of-tacos)
2023-09-06 19:07:43 [main] DEBUG c.a.t.t.s.o.o.EditOrderItemQuantityTest$testThatDoesNotPolluteTheApplicationContextUris -
                Running with Spring Boot v3.0.1, Spring v6.0.3
2023-09-06 19:07:43 [main] INFO  c.a.t.t.s.o.o.EditOrderItemQuantityTest$testThatDoesNotPolluteTheApplicationContextUris -
                No active profile set, falling back to 1 default profile: "default"
2023-09-06 19:07:49 [main] DEBUG c.a.t.config.security.JwtAuthFilter -
                Filter 'jwtAuthFilter' configured for use
2023-09-06 19:07:50 [main] INFO  c.a.t.t.s.o.o.EditOrderItemQuantityTest$testThatDoesNotPolluteTheApplicationContextUris -
                Started EditOrderItemQuantityTest.testThatDoesNotPolluteTheApplicationContextUris in 7.23 seconds (process running for 8.628)
2023-09-06 19:07:51 [http-nio-auto-1-exec-2] DEBUG c.a.t.e.GlobalExceptionHandler -
                {status code=404 NOT_FOUND, message=Order item not updated. Verify order item is part of order., uri=/api/owners-tools/orders/update-order-item/654654-465465-555/88/2, timestamp=Wed, 6 Sep 2023 19:07:51 -0700}
2023-09-06 19:07:51 [http-nio-auto-1-exec-4] DEBUG c.a.t.e.GlobalExceptionHandler -
                {status code=400 BAD_REQUEST, message=We were unable to process your request. Please contact us when trying to order more than 10 of any given item., uri=/api/owners-tools/orders/update-order-item/654654-465465-555/3/12, timestamp=Wed, 6 Sep 2023 19:07:51 -0700}
2023-09-06 19:07:52 [http-nio-auto-1-exec-10] DEBUG c.a.t.e.GlobalExceptionHandler -
                {status code=404 NOT_FOUND, message=Order item not updated. Verify order exists., uri=/api/owners-tools/orders/update-order-item/77/3/2, timestamp=Wed, 6 Sep 2023 19:07:52 -0700}
2023-09-06 19:10:06 [main] INFO  c.a.t.t.s.o.o.GetAllOrdersTests$testThatDoesNotPolluteTheApplicationContextUris -
                Starting GetAllOrdersTests.testThatDoesNotPolluteTheApplicationContextUris using Java 17.0.6 with PID 228123 (started by brian in /media/brian/Backup 22/Documents/Tablet Backup/Documents/Courses/Java/personal projects/TonsOfTacosV1.2/back-end/tons-of-tacos)
2023-09-06 19:10:06 [main] DEBUG c.a.t.t.s.o.o.GetAllOrdersTests$testThatDoesNotPolluteTheApplicationContextUris -
                Running with Spring Boot v3.0.1, Spring v6.0.3
2023-09-06 19:10:06 [main] INFO  c.a.t.t.s.o.o.GetAllOrdersTests$testThatDoesNotPolluteTheApplicationContextUris -
                No active profile set, falling back to 1 default profile: "default"
2023-09-06 19:10:12 [main] DEBUG c.a.t.config.security.JwtAuthFilter -
                Filter 'jwtAuthFilter' configured for use
2023-09-06 19:10:13 [main] INFO  c.a.t.t.s.o.o.GetAllOrdersTests$testThatDoesNotPolluteTheApplicationContextUris -
                Started GetAllOrdersTests.testThatDoesNotPolluteTheApplicationContextUris in 7.338 seconds (process running for 8.799)
2023-09-06 19:17:00 [main] INFO  c.a.t.t.s.o.o.GetOrderByUidTests$testThatDoesNotPolluteTheApplicationContextUris -
                Starting GetOrderByUidTests.testThatDoesNotPolluteTheApplicationContextUris using Java 17.0.6 with PID 228398 (started by brian in /media/brian/Backup 22/Documents/Tablet Backup/Documents/Courses/Java/personal projects/TonsOfTacosV1.2/back-end/tons-of-tacos)
2023-09-06 19:17:00 [main] DEBUG c.a.t.t.s.o.o.GetOrderByUidTests$testThatDoesNotPolluteTheApplicationContextUris -
                Running with Spring Boot v3.0.1, Spring v6.0.3
2023-09-06 19:17:00 [main] INFO  c.a.t.t.s.o.o.GetOrderByUidTests$testThatDoesNotPolluteTheApplicationContextUris -
                No active profile set, falling back to 1 default profile: "default"
2023-09-06 19:17:06 [main] DEBUG c.a.t.config.security.JwtAuthFilter -
                Filter 'jwtAuthFilter' configured for use
2023-09-06 19:17:07 [main] INFO  c.a.t.t.s.o.o.GetOrderByUidTests$testThatDoesNotPolluteTheApplicationContextUris -
                Started GetOrderByUidTests.testThatDoesNotPolluteTheApplicationContextUris in 7.287 seconds (process running for 8.726)
2023-09-06 19:17:08 [http-nio-auto-1-exec-4] DEBUG c.a.t.e.GlobalExceptionHandler -
                {status code=404 NOT_FOUND, message=No order found with that UID. Please verify and try again., uri=/api/owners-tools/orders/get-order/orderUid, timestamp=Wed, 6 Sep 2023 19:17:08 -0700}
2023-09-06 19:18:02 [main] INFO  c.a.t.t.s.o.o.GetOrdersByCustomerTests$testThatDoesNotPolluteTheApplicationContextUris -
                Starting GetOrdersByCustomerTests.testThatDoesNotPolluteTheApplicationContextUris using Java 17.0.6 with PID 228543 (started by brian in /media/brian/Backup 22/Documents/Tablet Backup/Documents/Courses/Java/personal projects/TonsOfTacosV1.2/back-end/tons-of-tacos)
2023-09-06 19:18:02 [main] DEBUG c.a.t.t.s.o.o.GetOrdersByCustomerTests$testThatDoesNotPolluteTheApplicationContextUris -
                Running with Spring Boot v3.0.1, Spring v6.0.3
2023-09-06 19:18:02 [main] INFO  c.a.t.t.s.o.o.GetOrdersByCustomerTests$testThatDoesNotPolluteTheApplicationContextUris -
                No active profile set, falling back to 1 default profile: "default"
