2023-09-06 19:50:35 [main] DEBUG c.a.t.config.security.JwtAuthFilter -
                Filter 'jwtAuthFilter' configured for use
2023-09-06 19:50:36 [main] INFO  c.a.t.TonsOfTacosApplication -
                Started TonsOfTacosApplication in 5.88 seconds (process running for 6.399)
2023-09-06 19:53:08 [main] INFO  c.a.t.TonsOfTacosApplication -
                Starting TonsOfTacosApplication using Java 17.0.6 with PID 232035 (/media/brian/Backup 22/Documents/Tablet Backup/Documents/Courses/Java/personal projects/TonsOfTacosV1.2/back-end/tons-of-tacos/target/classes started by brian in /media/brian/Backup 22/Documents/Tablet Backup/Documents/Courses/Java/personal projects/TonsOfTacosV1.2/back-end/tons-of-tacos)
2023-09-06 19:53:08 [main] DEBUG c.a.t.TonsOfTacosApplication -
                Running with Spring Boot v3.0.1, Spring v6.0.3
2023-09-06 19:53:08 [main] INFO  c.a.t.TonsOfTacosApplication -
                No active profile set, falling back to 1 default profile: "default"
2023-09-06 19:53:13 [main] DEBUG c.a.t.config.security.JwtAuthFilter -
                Filter 'jwtAuthFilter' configured for use
2023-09-06 19:53:13 [main] INFO  c.a.t.TonsOfTacosApplication -
                Started TonsOfTacosApplication in 5.558 seconds (process running for 6.047)
2023-09-06 19:53:21 [http-nio-8080-exec-1] DEBUG c.a.t.e.GlobalExceptionHandler -
                {status code=404 NOT_FOUND, message=order equals: null, uri=/api/owners-tools/orders/close-order/66, timestamp=Wed, 6 Sep 2023 19:53:21 -0700}
2023-09-06 19:54:58 [main] INFO  c.a.t.TonsOfTacosApplication -
                Starting TonsOfTacosApplication using Java 17.0.6 with PID 232216 (/media/brian/Backup 22/Documents/Tablet Backup/Documents/Courses/Java/personal projects/TonsOfTacosV1.2/back-end/tons-of-tacos/target/classes started by brian in /media/brian/Backup 22/Documents/Tablet Backup/Documents/Courses/Java/personal projects/TonsOfTacosV1.2/back-end/tons-of-tacos)
2023-09-06 19:54:58 [main] DEBUG c.a.t.TonsOfTacosApplication -
                Running with Spring Boot v3.0.1, Spring v6.0.3
2023-09-06 19:54:58 [main] INFO  c.a.t.TonsOfTacosApplication -
                No active profile set, falling back to 1 default profile: "default"
2023-09-06 19:55:02 [main] DEBUG c.a.t.config.security.JwtAuthFilter -
                Filter 'jwtAuthFilter' configured for use
2023-09-06 19:55:03 [main] INFO  c.a.t.TonsOfTacosApplication -
                Started TonsOfTacosApplication in 5.925 seconds (process running for 6.491)
2023-09-06 19:55:23 [main] INFO  c.a.t.t.s.o.o.OrderClosedTests$testThatDoesNotPolluteTheApplicationContextUris -
                Starting OrderClosedTests.testThatDoesNotPolluteTheApplicationContextUris using Java 17.0.6 with PID 232363 (started by brian in /media/brian/Backup 22/Documents/Tablet Backup/Documents/Courses/Java/personal projects/TonsOfTacosV1.2/back-end/tons-of-tacos)
2023-09-06 19:55:23 [main] DEBUG c.a.t.t.s.o.o.OrderClosedTests$testThatDoesNotPolluteTheApplicationContextUris -
                Running with Spring Boot v3.0.1, Spring v6.0.3
2023-09-06 19:55:23 [main] INFO  c.a.t.t.s.o.o.OrderClosedTests$testThatDoesNotPolluteTheApplicationContextUris -
                No active profile set, falling back to 1 default profile: "default"
2023-09-06 19:55:29 [main] DEBUG c.a.t.config.security.JwtAuthFilter -
                Filter 'jwtAuthFilter' configured for use
2023-09-06 19:55:30 [main] INFO  c.a.t.t.s.o.o.OrderClosedTests$testThatDoesNotPolluteTheApplicationContextUris -
                Started OrderClosedTests.testThatDoesNotPolluteTheApplicationContextUris in 7.113 seconds (process running for 8.487)
2023-09-06 19:55:31 [http-nio-auto-1-exec-2] DEBUG c.a.t.e.GlobalExceptionHandler -
                {status code=404 NOT_FOUND, message=Order cannot be found and as such can not be closed. Please verify order id., uri=/api/owners-tools/orders/close-order/66, timestamp=Wed, 6 Sep 2023 19:55:31 -0700}
2023-09-06 19:57:21 [main] INFO  c.a.t.t.s.o.o.OrderClosedTests$testThatDoesNotPolluteTheApplicationContextUris -
                Starting OrderClosedTests.testThatDoesNotPolluteTheApplicationContextUris using Java 17.0.6 with PID 232519 (started by brian in /media/brian/Backup 22/Documents/Tablet Backup/Documents/Courses/Java/personal projects/TonsOfTacosV1.2/back-end/tons-of-tacos)
2023-09-06 19:57:21 [main] DEBUG c.a.t.t.s.o.o.OrderClosedTests$testThatDoesNotPolluteTheApplicationContextUris -
                Running with Spring Boot v3.0.1, Spring v6.0.3
2023-09-06 19:57:21 [main] INFO  c.a.t.t.s.o.o.OrderClosedTests$testThatDoesNotPolluteTheApplicationContextUris -
                No active profile set, falling back to 1 default profile: "default"
2023-09-06 19:57:26 [main] DEBUG c.a.t.config.security.JwtAuthFilter -
                Filter 'jwtAuthFilter' configured for use
2023-09-06 19:57:28 [main] INFO  c.a.t.t.s.o.o.OrderClosedTests$testThatDoesNotPolluteTheApplicationContextUris -
                Started OrderClosedTests.testThatDoesNotPolluteTheApplicationContextUris in 7.248 seconds (process running for 8.591)
2023-09-06 19:57:28 [http-nio-auto-1-exec-2] DEBUG c.a.t.e.GlobalExceptionHandler -
                {status code=400 BAD_REQUEST, message=Order can not be closed if order is not ready., uri=/api/owners-tools/orders/close-order/654654-465465-555, timestamp=Wed, 6 Sep 2023 19:57:28 -0700}
2023-09-06 20:02:17 [main] INFO  c.a.t.t.s.o.o.OrderReadyTests$testThatDoesNotPolluteTheApplicationContextUris -
                Starting OrderReadyTests.testThatDoesNotPolluteTheApplicationContextUris using Java 17.0.6 with PID 232821 (started by brian in /media/brian/Backup 22/Documents/Tablet Backup/Documents/Courses/Java/personal projects/TonsOfTacosV1.2/back-end/tons-of-tacos)
2023-09-06 20:02:17 [main] DEBUG c.a.t.t.s.o.o.OrderReadyTests$testThatDoesNotPolluteTheApplicationContextUris -
                Running with Spring Boot v3.0.1, Spring v6.0.3
2023-09-06 20:02:17 [main] INFO  c.a.t.t.s.o.o.OrderReadyTests$testThatDoesNotPolluteTheApplicationContextUris -
                No active profile set, falling back to 1 default profile: "default"
2023-09-06 20:02:23 [main] DEBUG c.a.t.config.security.JwtAuthFilter -
                Filter 'jwtAuthFilter' configured for use
2023-09-06 20:02:24 [main] INFO  c.a.t.t.s.o.o.OrderReadyTests$testThatDoesNotPolluteTheApplicationContextUris -
                Started OrderReadyTests.testThatDoesNotPolluteTheApplicationContextUris in 7.374 seconds (process running for 8.801)
2023-09-06 20:04:44 [main] INFO  c.a.t.t.s.o.o.OrderReadyTests$testThatDoesNotPolluteTheApplicationContextUris -
                Starting OrderReadyTests.testThatDoesNotPolluteTheApplicationContextUris using Java 17.0.6 with PID 232996 (started by brian in /media/brian/Backup 22/Documents/Tablet Backup/Documents/Courses/Java/personal projects/TonsOfTacosV1.2/back-end/tons-of-tacos)
2023-09-06 20:04:44 [main] DEBUG c.a.t.t.s.o.o.OrderReadyTests$testThatDoesNotPolluteTheApplicationContextUris -
                Running with Spring Boot v3.0.1, Spring v6.0.3
2023-09-06 20:04:44 [main] INFO  c.a.t.t.s.o.o.OrderReadyTests$testThatDoesNotPolluteTheApplicationContextUris -
                No active profile set, falling back to 1 default profile: "default"
2023-09-06 20:04:50 [main] DEBUG c.a.t.config.security.JwtAuthFilter -
                Filter 'jwtAuthFilter' configured for use
2023-09-06 20:04:51 [main] INFO  c.a.t.t.s.o.o.OrderReadyTests$testThatDoesNotPolluteTheApplicationContextUris -
                Started OrderReadyTests.testThatDoesNotPolluteTheApplicationContextUris in 7.198 seconds (process running for 8.597)
2023-09-06 20:06:05 [main] INFO  c.a.t.t.s.o.o.OrderReadyTests$testThatDoesNotPolluteTheApplicationContextUris -
                Starting OrderReadyTests.testThatDoesNotPolluteTheApplicationContextUris using Java 17.0.6 with PID 233155 (started by brian in /media/brian/Backup 22/Documents/Tablet Backup/Documents/Courses/Java/personal projects/TonsOfTacosV1.2/back-end/tons-of-tacos)
2023-09-06 20:06:05 [main] DEBUG c.a.t.t.s.o.o.OrderReadyTests$testThatDoesNotPolluteTheApplicationContextUris -
                Running with Spring Boot v3.0.1, Spring v6.0.3
2023-09-06 20:06:05 [main] INFO  c.a.t.t.s.o.o.OrderReadyTests$testThatDoesNotPolluteTheApplicationContextUris -
                No active profile set, falling back to 1 default profile: "default"
2023-09-06 20:06:10 [main] DEBUG c.a.t.config.security.JwtAuthFilter -
                Filter 'jwtAuthFilter' configured for use
2023-09-06 20:06:11 [main] INFO  c.a.t.t.s.o.o.OrderReadyTests$testThatDoesNotPolluteTheApplicationContextUris -
                Started OrderReadyTests.testThatDoesNotPolluteTheApplicationContextUris in 7.019 seconds (process running for 8.411)
2023-09-06 20:08:15 [main] INFO  c.a.t.t.s.o.o.OrderReadyTests$testThatDoesNotPolluteTheApplicationContextUris -
                Starting OrderReadyTests.testThatDoesNotPolluteTheApplicationContextUris using Java 17.0.6 with PID 233318 (started by brian in /media/brian/Backup 22/Documents/Tablet Backup/Documents/Courses/Java/personal projects/TonsOfTacosV1.2/back-end/tons-of-tacos)
2023-09-06 20:08:15 [main] DEBUG c.a.t.t.s.o.o.OrderReadyTests$testThatDoesNotPolluteTheApplicationContextUris -
                Running with Spring Boot v3.0.1, Spring v6.0.3
2023-09-06 20:08:15 [main] INFO  c.a.t.t.s.o.o.OrderReadyTests$testThatDoesNotPolluteTheApplicationContextUris -
                No active profile set, falling back to 1 default profile: "default"
2023-09-06 20:08:21 [main] DEBUG c.a.t.config.security.JwtAuthFilter -
                Filter 'jwtAuthFilter' configured for use
2023-09-06 20:08:22 [main] INFO  c.a.t.t.s.o.o.OrderReadyTests$testThatDoesNotPolluteTheApplicationContextUris -
                Started OrderReadyTests.testThatDoesNotPolluteTheApplicationContextUris in 7.027 seconds (process running for 8.436)
2023-09-06 20:08:23 [http-nio-auto-1-exec-2] DEBUG c.a.t.e.GlobalExceptionHandler -
                {status code=404 NOT_FOUND, message=Order does not exist. Please verify order id and try again., uri=/api/owners-tools/orders/order-ready/88, timestamp=Wed, 6 Sep 2023 20:08:23 -0700}
