2023-09-28 05:29:53 [main] INFO  c.a.t.t.s.o.a.LoginTest$testThatDoesNotPolluteTheApplicationContextUris -
                Starting LoginTest.testThatDoesNotPolluteTheApplicationContextUris using Java 17.0.6 with PID 374246 (started by brian in /media/brian/Backup 22/Documents/Tablet Backup/Documents/Courses/Java/personal projects/TonsOfTacosV1.2/back-end/tons-of-tacos)
2023-09-28 05:29:53 [main] DEBUG c.a.t.t.s.o.a.LoginTest$testThatDoesNotPolluteTheApplicationContextUris -
                Running with Spring Boot v3.0.1, Spring v6.0.3
2023-09-28 05:29:53 [main] INFO  c.a.t.t.s.o.a.LoginTest$testThatDoesNotPolluteTheApplicationContextUris -
                No active profile set, falling back to 1 default profile: "default"
2023-09-28 05:30:00 [main] DEBUG c.a.t.config.security.JwtAuthFilter -
                Filter 'jwtAuthFilter' configured for use
2023-09-28 05:30:01 [main] INFO  c.a.t.t.s.o.a.LoginTest$testThatDoesNotPolluteTheApplicationContextUris -
                Started LoginTest.testThatDoesNotPolluteTheApplicationContextUris in 7.671 seconds (process running for 9.143)
2023-09-28 05:30:01 [http-nio-auto-1-exec-1] DEBUG c.a.t.e.GlobalExceptionHandler -
                {status code=401 UNAUTHORIZED, message=Bad credentials. username: m)Km7y{f0~nd$,hvNLOw0.F5FlP5u?5 password: -Kje>IElzFPj^M4WB+Cr+#Aq>!6|.^157qI5VQI, uri=/api/owners-tools/login, timestamp=Thu, 28 Sep 2023 05:30:01 -0700}
2023-09-28 05:30:09 [main] INFO  c.a.t.t.s.o.a.LoginTest$testThatDoesNotPolluteTheApplicationContextUris -
                Starting LoginTest.testThatDoesNotPolluteTheApplicationContextUris using Java 17.0.6 with PID 374422 (started by brian in /media/brian/Backup 22/Documents/Tablet Backup/Documents/Courses/Java/personal projects/TonsOfTacosV1.2/back-end/tons-of-tacos)
2023-09-28 05:30:09 [main] DEBUG c.a.t.t.s.o.a.LoginTest$testThatDoesNotPolluteTheApplicationContextUris -
                Running with Spring Boot v3.0.1, Spring v6.0.3
2023-09-28 05:30:09 [main] INFO  c.a.t.t.s.o.a.LoginTest$testThatDoesNotPolluteTheApplicationContextUris -
                No active profile set, falling back to 1 default profile: "default"
2023-09-28 05:30:16 [main] DEBUG c.a.t.config.security.JwtAuthFilter -
                Filter 'jwtAuthFilter' configured for use
2023-09-28 05:30:17 [main] INFO  c.a.t.t.s.o.a.LoginTest$testThatDoesNotPolluteTheApplicationContextUris -
                Started LoginTest.testThatDoesNotPolluteTheApplicationContextUris in 7.604 seconds (process running for 9.185)
2023-09-28 05:53:31 [main] INFO  c.a.t.t.s.o.a.LoginTest$testThatDoesNotPolluteTheApplicationContextUris -
                Starting LoginTest.testThatDoesNotPolluteTheApplicationContextUris using Java 17.0.6 with PID 375086 (started by brian in /media/brian/Backup 22/Documents/Tablet Backup/Documents/Courses/Java/personal projects/TonsOfTacosV1.2/back-end/tons-of-tacos)
2023-09-28 05:53:31 [main] DEBUG c.a.t.t.s.o.a.LoginTest$testThatDoesNotPolluteTheApplicationContextUris -
                Running with Spring Boot v3.0.1, Spring v6.0.3
2023-09-28 05:53:31 [main] INFO  c.a.t.t.s.o.a.LoginTest$testThatDoesNotPolluteTheApplicationContextUris -
                No active profile set, falling back to 1 default profile: "default"
2023-09-28 05:53:37 [main] DEBUG c.a.t.config.security.JwtAuthFilter -
                Filter 'jwtAuthFilter' configured for use
2023-09-28 05:53:39 [main] INFO  c.a.t.t.s.o.a.LoginTest$testThatDoesNotPolluteTheApplicationContextUris -
                Started LoginTest.testThatDoesNotPolluteTheApplicationContextUris in 7.836 seconds (process running for 9.351)
2023-09-28 06:20:20 [main] INFO  c.a.t.t.s.o.a.LoginTest$testThatDoesNotPolluteTheApplicationContextUris -
                Starting LoginTest.testThatDoesNotPolluteTheApplicationContextUris using Java 17.0.6 with PID 376875 (started by brian in /media/brian/Backup 22/Documents/Tablet Backup/Documents/Courses/Java/personal projects/TonsOfTacosV1.2/back-end/tons-of-tacos)
2023-09-28 06:20:20 [main] DEBUG c.a.t.t.s.o.a.LoginTest$testThatDoesNotPolluteTheApplicationContextUris -
                Running with Spring Boot v3.0.1, Spring v6.0.3
2023-09-28 06:20:20 [main] INFO  c.a.t.t.s.o.a.LoginTest$testThatDoesNotPolluteTheApplicationContextUris -
                No active profile set, falling back to 1 default profile: "default"
2023-09-28 06:20:27 [main] DEBUG c.a.t.config.security.JwtAuthFilter -
                Filter 'jwtAuthFilter' configured for use
2023-09-28 06:20:28 [main] INFO  c.a.t.t.s.o.a.LoginTest$testThatDoesNotPolluteTheApplicationContextUris -
                Started LoginTest.testThatDoesNotPolluteTheApplicationContextUris in 7.864 seconds (process running for 9.464)
2023-09-28 06:21:00 [main] INFO  c.a.t.t.s.o.a.LoginTest$testThatDoesNotPolluteTheApplicationContextUris -
                Starting LoginTest.testThatDoesNotPolluteTheApplicationContextUris using Java 17.0.6 with PID 377017 (started by brian in /media/brian/Backup 22/Documents/Tablet Backup/Documents/Courses/Java/personal projects/TonsOfTacosV1.2/back-end/tons-of-tacos)
2023-09-28 06:21:00 [main] DEBUG c.a.t.t.s.o.a.LoginTest$testThatDoesNotPolluteTheApplicationContextUris -
                Running with Spring Boot v3.0.1, Spring v6.0.3
2023-09-28 06:21:00 [main] INFO  c.a.t.t.s.o.a.LoginTest$testThatDoesNotPolluteTheApplicationContextUris -
                No active profile set, falling back to 1 default profile: "default"
2023-09-28 06:21:07 [main] DEBUG c.a.t.config.security.JwtAuthFilter -
                Filter 'jwtAuthFilter' configured for use
2023-09-28 06:21:08 [main] INFO  c.a.t.t.s.o.a.LoginTest$testThatDoesNotPolluteTheApplicationContextUris -
                Started LoginTest.testThatDoesNotPolluteTheApplicationContextUris in 7.889 seconds (process running for 9.448)
2023-09-28 06:21:09 [http-nio-auto-1-exec-1] DEBUG c.a.t.e.GlobalExceptionHandler -
                {status code=403 FORBIDDEN, message=Bad credentials. username: m)Km7y{f0~nd$,hvNLOw0.F5FlP5u?5 password: RGIeTSkl(m2jz#0W?qir,ycqKSv|y5l59ds5q05, uri=/api/owners-tools/login, timestamp=Thu, 28 Sep 2023 06:21:09 -0700}
2023-09-28 06:25:10 [main] INFO  c.a.t.t.s.o.a.LoginTest$testThatDoesNotPolluteTheApplicationContextUris -
                Starting LoginTest.testThatDoesNotPolluteTheApplicationContextUris using Java 17.0.6 with PID 377306 (started by brian in /media/brian/Backup 22/Documents/Tablet Backup/Documents/Courses/Java/personal projects/TonsOfTacosV1.2/back-end/tons-of-tacos)
2023-09-28 06:25:10 [main] DEBUG c.a.t.t.s.o.a.LoginTest$testThatDoesNotPolluteTheApplicationContextUris -
                Running with Spring Boot v3.0.1, Spring v6.0.3
2023-09-28 06:25:10 [main] INFO  c.a.t.t.s.o.a.LoginTest$testThatDoesNotPolluteTheApplicationContextUris -
                No active profile set, falling back to 1 default profile: "default"
2023-09-28 06:25:16 [main] DEBUG c.a.t.config.security.JwtAuthFilter -
                Filter 'jwtAuthFilter' configured for use
2023-09-28 06:25:17 [main] INFO  c.a.t.t.s.o.a.LoginTest$testThatDoesNotPolluteTheApplicationContextUris -
                Started LoginTest.testThatDoesNotPolluteTheApplicationContextUris in 7.938 seconds (process running for 9.522)
2023-09-28 06:26:19 [main] INFO  c.a.t.t.s.o.a.LoginTest$testThatDoesNotPolluteTheApplicationContextUris -
                Starting LoginTest.testThatDoesNotPolluteTheApplicationContextUris using Java 17.0.6 with PID 377466 (started by brian in /media/brian/Backup 22/Documents/Tablet Backup/Documents/Courses/Java/personal projects/TonsOfTacosV1.2/back-end/tons-of-tacos)
2023-09-28 06:26:19 [main] DEBUG c.a.t.t.s.o.a.LoginTest$testThatDoesNotPolluteTheApplicationContextUris -
                Running with Spring Boot v3.0.1, Spring v6.0.3
2023-09-28 06:26:19 [main] INFO  c.a.t.t.s.o.a.LoginTest$testThatDoesNotPolluteTheApplicationContextUris -
                No active profile set, falling back to 1 default profile: "default"
2023-09-28 06:26:25 [main] DEBUG c.a.t.config.security.JwtAuthFilter -
                Filter 'jwtAuthFilter' configured for use
2023-09-28 06:26:27 [main] INFO  c.a.t.t.s.o.a.LoginTest$testThatDoesNotPolluteTheApplicationContextUris -
                Started LoginTest.testThatDoesNotPolluteTheApplicationContextUris in 8.201 seconds (process running for 9.705)
2023-09-28 06:26:58 [main] INFO  c.a.t.t.s.o.a.LoginTest$testThatDoesNotPolluteTheApplicationContextUris -
                Starting LoginTest.testThatDoesNotPolluteTheApplicationContextUris using Java 17.0.6 with PID 377606 (started by brian in /media/brian/Backup 22/Documents/Tablet Backup/Documents/Courses/Java/personal projects/TonsOfTacosV1.2/back-end/tons-of-tacos)
2023-09-28 06:26:58 [main] DEBUG c.a.t.t.s.o.a.LoginTest$testThatDoesNotPolluteTheApplicationContextUris -
                Running with Spring Boot v3.0.1, Spring v6.0.3
2023-09-28 06:26:58 [main] INFO  c.a.t.t.s.o.a.LoginTest$testThatDoesNotPolluteTheApplicationContextUris -
                No active profile set, falling back to 1 default profile: "default"
2023-09-28 06:27:05 [main] DEBUG c.a.t.config.security.JwtAuthFilter -
                Filter 'jwtAuthFilter' configured for use
2023-09-28 06:27:06 [main] INFO  c.a.t.t.s.o.a.LoginTest$testThatDoesNotPolluteTheApplicationContextUris -
                Started LoginTest.testThatDoesNotPolluteTheApplicationContextUris in 8.005 seconds (process running for 9.589)
2023-09-28 06:27:07 [http-nio-auto-1-exec-1] DEBUG c.a.t.e.GlobalExceptionHandler -
                {status code=403 FORBIDDEN, message=Bad credentials. username: m)Km7y{f0~nd$,hvNLOw0.F5FlP5u?5 password: 2t!ei1TlBQ!j10<W^;.rR9+qZ(a|INj5[J85<{4, uri=/api/owners-tools/login, timestamp=Thu, 28 Sep 2023 06:27:07 -0700}
2023-09-28 06:27:57 [main] INFO  c.a.t.t.s.o.a.LoginTest$testThatDoesNotPolluteTheApplicationContextUris -
                Starting LoginTest.testThatDoesNotPolluteTheApplicationContextUris using Java 17.0.6 with PID 377743 (started by brian in /media/brian/Backup 22/Documents/Tablet Backup/Documents/Courses/Java/personal projects/TonsOfTacosV1.2/back-end/tons-of-tacos)
2023-09-28 06:27:57 [main] DEBUG c.a.t.t.s.o.a.LoginTest$testThatDoesNotPolluteTheApplicationContextUris -
                Running with Spring Boot v3.0.1, Spring v6.0.3
2023-09-28 06:27:57 [main] INFO  c.a.t.t.s.o.a.LoginTest$testThatDoesNotPolluteTheApplicationContextUris -
                No active profile set, falling back to 1 default profile: "default"
