2023-09-05 20:06:57 [main] DEBUG c.a.t.config.security.JwtAuthFilter -
                Filter 'jwtAuthFilter' configured for use
2023-09-05 20:06:58 [main] INFO  c.a.t.t.s.o.o.AddToOrderTest$testThatDoesNotPolluteTheApplicationContextUris -
                Started AddToOrderTest.testThatDoesNotPolluteTheApplicationContextUris in 6.074 seconds (process running for 7.156)
2023-09-05 20:06:59 [http-nio-auto-1-exec-2] DEBUG c.a.t.e.GlobalExceptionHandler -
                {status code=404 NOT_FOUND, message=Menu item can not be added to order. Verify order id., uri=/api/owners-tools/orders/add-to-order/78/2/2, timestamp=Tue, 5 Sep 2023 20:06:59 -0700}
2023-09-05 20:06:59 [http-nio-auto-1-exec-4] DEBUG c.a.t.e.GlobalExceptionHandler -
                {status code=404 NOT_FOUND, message=Unable to find com.adamstraub.tonsoftacos.entities.MenuItem with id 66, uri=/api/owners-tools/orders/add-to-order/654654-465465-555/66/2, timestamp=Tue, 5 Sep 2023 20:06:59 -0700}
2023-09-05 20:11:16 [main] INFO  c.a.t.t.s.o.o.AddToOrderTest$testThatDoesNotPolluteTheApplicationContextUris -
                Starting AddToOrderTest.testThatDoesNotPolluteTheApplicationContextUris using Java 17.0.6 with PID 186480 (started by brian in /media/brian/Backup 22/Documents/Tablet Backup/Documents/Courses/Java/personal projects/TonsOfTacosV1.2/back-end/tons-of-tacos)
2023-09-05 20:11:16 [main] DEBUG c.a.t.t.s.o.o.AddToOrderTest$testThatDoesNotPolluteTheApplicationContextUris -
                Running with Spring Boot v3.0.1, Spring v6.0.3
2023-09-05 20:11:16 [main] INFO  c.a.t.t.s.o.o.AddToOrderTest$testThatDoesNotPolluteTheApplicationContextUris -
                No active profile set, falling back to 1 default profile: "default"
2023-09-05 20:11:21 [main] DEBUG c.a.t.config.security.JwtAuthFilter -
                Filter 'jwtAuthFilter' configured for use
2023-09-05 20:11:22 [main] INFO  c.a.t.t.s.o.o.AddToOrderTest$testThatDoesNotPolluteTheApplicationContextUris -
                Started AddToOrderTest.testThatDoesNotPolluteTheApplicationContextUris in 6.218 seconds (process running for 7.273)
2023-09-05 20:11:23 [http-nio-auto-1-exec-2] DEBUG c.a.t.e.GlobalExceptionHandler -
                {status code=404 NOT_FOUND, message=Unable to find com.adamstraub.tonsoftacos.entities.MenuItem with id 66, uri=/api/owners-tools/orders/add-to-order/654654-465465-555/66/2, timestamp=Tue, 5 Sep 2023 20:11:23 -0700}
2023-09-05 20:13:39 [main] INFO  c.a.t.t.s.o.o.AddToOrderTest$testThatDoesNotPolluteTheApplicationContextUris -
                Starting AddToOrderTest.testThatDoesNotPolluteTheApplicationContextUris using Java 17.0.6 with PID 186654 (started by brian in /media/brian/Backup 22/Documents/Tablet Backup/Documents/Courses/Java/personal projects/TonsOfTacosV1.2/back-end/tons-of-tacos)
2023-09-05 20:13:39 [main] DEBUG c.a.t.t.s.o.o.AddToOrderTest$testThatDoesNotPolluteTheApplicationContextUris -
                Running with Spring Boot v3.0.1, Spring v6.0.3
2023-09-05 20:13:39 [main] INFO  c.a.t.t.s.o.o.AddToOrderTest$testThatDoesNotPolluteTheApplicationContextUris -
                No active profile set, falling back to 1 default profile: "default"
2023-09-05 20:13:43 [main] DEBUG c.a.t.config.security.JwtAuthFilter -
                Filter 'jwtAuthFilter' configured for use
2023-09-05 20:13:44 [main] INFO  c.a.t.t.s.o.o.AddToOrderTest$testThatDoesNotPolluteTheApplicationContextUris -
                Started AddToOrderTest.testThatDoesNotPolluteTheApplicationContextUris in 5.966 seconds (process running for 7.082)
2023-09-05 20:13:45 [http-nio-auto-1-exec-2] DEBUG c.a.t.e.GlobalExceptionHandler -
                {status code=404 NOT_FOUND, message=Unable to find com.adamstraub.tonsoftacos.entities.MenuItem with id 66, uri=/api/owners-tools/orders/add-to-order/654654-465465-555/66/2, timestamp=Tue, 5 Sep 2023 20:13:45 -0700}
2023-09-05 20:15:27 [main] INFO  c.a.t.t.s.o.o.AddToOrderTest$testThatDoesNotPolluteTheApplicationContextUris -
                Starting AddToOrderTest.testThatDoesNotPolluteTheApplicationContextUris using Java 17.0.6 with PID 186859 (started by brian in /media/brian/Backup 22/Documents/Tablet Backup/Documents/Courses/Java/personal projects/TonsOfTacosV1.2/back-end/tons-of-tacos)
2023-09-05 20:15:27 [main] DEBUG c.a.t.t.s.o.o.AddToOrderTest$testThatDoesNotPolluteTheApplicationContextUris -
                Running with Spring Boot v3.0.1, Spring v6.0.3
2023-09-05 20:15:27 [main] INFO  c.a.t.t.s.o.o.AddToOrderTest$testThatDoesNotPolluteTheApplicationContextUris -
                No active profile set, falling back to 1 default profile: "default"
2023-09-05 20:15:32 [main] DEBUG c.a.t.config.security.JwtAuthFilter -
                Filter 'jwtAuthFilter' configured for use
2023-09-05 20:15:32 [main] INFO  c.a.t.t.s.o.o.AddToOrderTest$testThatDoesNotPolluteTheApplicationContextUris -
                Started AddToOrderTest.testThatDoesNotPolluteTheApplicationContextUris in 6.04 seconds (process running for 7.14)
2023-09-05 20:15:33 [http-nio-auto-1-exec-2] DEBUG c.a.t.e.GlobalExceptionHandler -
                {status code=404 NOT_FOUND, message=Unable to find com.adamstraub.tonsoftacos.entities.MenuItem with id 66, uri=/api/owners-tools/orders/add-to-order/654654-465465-555/66/2, timestamp=Tue, 5 Sep 2023 20:15:33 -0700}
2023-09-05 20:16:32 [main] INFO  c.a.t.t.s.m.GetMenuItemsByIdTests$testThatDoesNotPolluteTheApplicationContextUris -
                Starting GetMenuItemsByIdTests.testThatDoesNotPolluteTheApplicationContextUris using Java 17.0.6 with PID 187046 (started by brian in /media/brian/Backup 22/Documents/Tablet Backup/Documents/Courses/Java/personal projects/TonsOfTacosV1.2/back-end/tons-of-tacos)
2023-09-05 20:16:32 [main] DEBUG c.a.t.t.s.m.GetMenuItemsByIdTests$testThatDoesNotPolluteTheApplicationContextUris -
                Running with Spring Boot v3.0.1, Spring v6.0.3
2023-09-05 20:16:32 [main] INFO  c.a.t.t.s.m.GetMenuItemsByIdTests$testThatDoesNotPolluteTheApplicationContextUris -
                No active profile set, falling back to 1 default profile: "default"
2023-09-05 20:16:37 [main] DEBUG c.a.t.config.security.JwtAuthFilter -
                Filter 'jwtAuthFilter' configured for use
2023-09-05 20:16:38 [main] INFO  c.a.t.t.s.m.GetMenuItemsByIdTests$testThatDoesNotPolluteTheApplicationContextUris -
                Started GetMenuItemsByIdTests.testThatDoesNotPolluteTheApplicationContextUris in 6.008 seconds (process running for 7.071)
2023-09-05 20:17:26 [main] INFO  c.a.t.t.s.m.GetMenuItemsByIdTests$testThatDoesNotPolluteTheApplicationContextUris -
                Starting GetMenuItemsByIdTests.testThatDoesNotPolluteTheApplicationContextUris using Java 17.0.6 with PID 187187 (started by brian in /media/brian/Backup 22/Documents/Tablet Backup/Documents/Courses/Java/personal projects/TonsOfTacosV1.2/back-end/tons-of-tacos)
2023-09-05 20:17:26 [main] DEBUG c.a.t.t.s.m.GetMenuItemsByIdTests$testThatDoesNotPolluteTheApplicationContextUris -
                Running with Spring Boot v3.0.1, Spring v6.0.3
2023-09-05 20:17:26 [main] INFO  c.a.t.t.s.m.GetMenuItemsByIdTests$testThatDoesNotPolluteTheApplicationContextUris -
                No active profile set, falling back to 1 default profile: "default"
2023-09-05 20:17:31 [main] DEBUG c.a.t.config.security.JwtAuthFilter -
                Filter 'jwtAuthFilter' configured for use
2023-09-05 20:17:32 [main] INFO  c.a.t.t.s.m.GetMenuItemsByIdTests$testThatDoesNotPolluteTheApplicationContextUris -
                Started GetMenuItemsByIdTests.testThatDoesNotPolluteTheApplicationContextUris in 6.033 seconds (process running for 7.197)
2023-09-05 20:19:29 [main] INFO  c.a.t.t.s.m.GetMenuItemsByIdTests$testThatDoesNotPolluteTheApplicationContextUris -
                Starting GetMenuItemsByIdTests.testThatDoesNotPolluteTheApplicationContextUris using Java 17.0.6 with PID 187373 (started by brian in /media/brian/Backup 22/Documents/Tablet Backup/Documents/Courses/Java/personal projects/TonsOfTacosV1.2/back-end/tons-of-tacos)
2023-09-05 20:19:29 [main] DEBUG c.a.t.t.s.m.GetMenuItemsByIdTests$testThatDoesNotPolluteTheApplicationContextUris -
                Running with Spring Boot v3.0.1, Spring v6.0.3
2023-09-05 20:19:29 [main] INFO  c.a.t.t.s.m.GetMenuItemsByIdTests$testThatDoesNotPolluteTheApplicationContextUris -
                No active profile set, falling back to 1 default profile: "default"
2023-09-05 20:19:34 [main] DEBUG c.a.t.config.security.JwtAuthFilter -
                Filter 'jwtAuthFilter' configured for use
2023-09-05 20:19:35 [main] INFO  c.a.t.t.s.m.GetMenuItemsByIdTests$testThatDoesNotPolluteTheApplicationContextUris -
                Started GetMenuItemsByIdTests.testThatDoesNotPolluteTheApplicationContextUris in 6.085 seconds (process running for 7.129)
2023-09-05 20:19:35 [http-nio-auto-1-exec-1] DEBUG c.a.t.e.GlobalExceptionHandler -
                {status code=404 NOT_FOUND, message=You have chosen a menu item that does not exist., uri=/api/menu/id, timestamp=Tue, 5 Sep 2023 20:19:35 -0700}
2023-09-05 20:21:21 [main] INFO  c.a.t.t.s.o.o.AddToOrderTest$testThatDoesNotPolluteTheApplicationContextUris -
                Starting AddToOrderTest.testThatDoesNotPolluteTheApplicationContextUris using Java 17.0.6 with PID 187525 (started by brian in /media/brian/Backup 22/Documents/Tablet Backup/Documents/Courses/Java/personal projects/TonsOfTacosV1.2/back-end/tons-of-tacos)
2023-09-05 20:21:21 [main] DEBUG c.a.t.t.s.o.o.AddToOrderTest$testThatDoesNotPolluteTheApplicationContextUris -
                Running with Spring Boot v3.0.1, Spring v6.0.3
2023-09-05 20:21:21 [main] INFO  c.a.t.t.s.o.o.AddToOrderTest$testThatDoesNotPolluteTheApplicationContextUris -
                No active profile set, falling back to 1 default profile: "default"
2023-09-05 20:21:27 [main] DEBUG c.a.t.config.security.JwtAuthFilter -
                Filter 'jwtAuthFilter' configured for use
2023-09-05 20:21:28 [main] INFO  c.a.t.t.s.o.o.AddToOrderTest$testThatDoesNotPolluteTheApplicationContextUris -
                Started AddToOrderTest.testThatDoesNotPolluteTheApplicationContextUris in 6.591 seconds (process running for 7.741)
2023-09-05 20:21:29 [http-nio-auto-1-exec-2] DEBUG c.a.t.e.GlobalExceptionHandler -
                {status code=404 NOT_FOUND, message=Unable to find com.adamstraub.tonsoftacos.entities.MenuItem with id 66, uri=/api/owners-tools/orders/add-to-order/654654-465465-555/66/2, timestamp=Tue, 5 Sep 2023 20:21:29 -0700}
2023-09-05 20:22:51 [main] INFO  c.a.t.t.s.o.o.AddToOrderTest$testThatDoesNotPolluteTheApplicationContextUris -
                Starting AddToOrderTest.testThatDoesNotPolluteTheApplicationContextUris using Java 17.0.6 with PID 187693 (started by brian in /media/brian/Backup 22/Documents/Tablet Backup/Documents/Courses/Java/personal projects/TonsOfTacosV1.2/back-end/tons-of-tacos)
2023-09-05 20:22:51 [main] DEBUG c.a.t.t.s.o.o.AddToOrderTest$testThatDoesNotPolluteTheApplicationContextUris -
                Running with Spring Boot v3.0.1, Spring v6.0.3
2023-09-05 20:22:51 [main] INFO  c.a.t.t.s.o.o.AddToOrderTest$testThatDoesNotPolluteTheApplicationContextUris -
                No active profile set, falling back to 1 default profile: "default"
