2023-09-26 12:29:50 [http-nio-auto-2-exec-5] DEBUG c.a.t.e.GlobalExceptionHandler -
                {status code=404 NOT_FOUND, message=No order found with that UID. Please verify and try again., uri=/api/owners-tools/orders/get-order-uid/orderUid, timestamp=Tue, 26 Sep 2023 12:29:50 -0400}
2023-09-26 12:29:50 [http-nio-auto-2-exec-7] DEBUG c.a.t.e.GlobalExceptionHandler -
                {status code=404 NOT_FOUND, message=Can not delete order. Verify order exists., uri=/api/owners-tools/orders/delete-order/78, timestamp=Tue, 26 Sep 2023 12:29:50 -0400}
2023-09-26 12:29:51 [http-nio-auto-2-exec-1] DEBUG c.a.t.e.GlobalExceptionHandler -
                {status code=404 NOT_FOUND, message=No customer found by that name. Please check your spelling and formatting., uri=/api/owners-tools/customers/get-customer-name/name, timestamp=Tue, 26 Sep 2023 12:29:51 -0400}
2023-09-26 12:29:51 [http-nio-auto-2-exec-3] DEBUG c.a.t.e.GlobalExceptionHandler -
                {status code=404 NOT_FOUND, message=Menu item can not be added to order. Verify order id., uri=/api/owners-tools/orders/add-to-order/78/2/2, timestamp=Tue, 26 Sep 2023 12:29:51 -0400}
2023-09-26 12:29:51 [http-nio-auto-2-exec-4] DEBUG c.a.t.e.GlobalExceptionHandler -
                {status code=404 NOT_FOUND, message=Unable to find com.adamstraub.tonsoftacos.entities.MenuItem with id 66, uri=/api/owners-tools/orders/add-to-order/654654-465465-555/66/2, timestamp=Tue, 26 Sep 2023 12:29:51 -0400}
2023-09-26 12:29:52 [http-nio-auto-2-exec-10] DEBUG c.a.t.e.GlobalExceptionHandler -
                {status code=404 NOT_FOUND, message=No order found with that UID. Please verify and try again., uri=/api/owners-tools/orders/get-order-uid/orderUid, timestamp=Tue, 26 Sep 2023 12:29:52 -0400}
2023-09-26 12:29:53 [http-nio-auto-1-exec-7] DEBUG c.a.t.e.GlobalExceptionHandler -
                {status code=404 NOT_FOUND, message=No orders for customer found., uri=/api/owners-tools/orders/get-order-customer/customer, timestamp=Tue, 26 Sep 2023 12:29:53 -0400}
2023-09-26 12:29:53 [http-nio-auto-1-exec-8] DEBUG c.a.t.e.GlobalExceptionHandler -
                {status code=403 FORBIDDEN, message=Session expired., uri=/api/owners-tools/customers/delete-customer/1, timestamp=Tue, 26 Sep 2023 12:29:53 -0400}
2023-09-26 12:29:53 [http-nio-auto-1-exec-9] DEBUG c.a.t.e.GlobalExceptionHandler -
                {status code=401 UNAUTHORIZED, message=User unauthorized., uri=/api/owners-tools/customers/delete-customer/1, timestamp=Tue, 26 Sep 2023 12:29:53 -0400}
2023-09-26 12:29:53 [http-nio-auto-2-exec-1] DEBUG c.a.t.e.GlobalExceptionHandler -
                {status code=400 BAD_REQUEST, message=Order can not be closed if order is not ready., uri=/api/owners-tools/orders/close-order/654654-465465-555, timestamp=Tue, 26 Sep 2023 12:29:53 -0400}
2023-09-26 12:29:54 [http-nio-auto-2-exec-8] DEBUG c.a.t.e.GlobalExceptionHandler -
                {status code=404 NOT_FOUND, message=Order cannot be found and as such can not be closed. Please verify order id., uri=/api/owners-tools/orders/close-order/66, timestamp=Tue, 26 Sep 2023 12:29:54 -0400}
2023-09-26 12:29:54 [http-nio-auto-2-exec-10] DEBUG c.a.t.e.GlobalExceptionHandler -
                {status code=404 NOT_FOUND, message=No customer found with that UID. Please verify and try  again., uri=/api/owners-tools/customers/get-customer-uid/customerUid, timestamp=Tue, 26 Sep 2023 12:29:54 -0400}
2023-09-26 12:29:55 [http-nio-auto-2-exec-9] DEBUG c.a.t.e.GlobalExceptionHandler -
                {status code=404 NOT_FOUND, message=Order does not exist. Please verify order id and try again., uri=/api/owners-tools/orders/order-ready/88, timestamp=Tue, 26 Sep 2023 12:29:55 -0400}
2023-09-26 12:29:57 [http-nio-auto-1-exec-6] DEBUG c.a.t.e.GlobalExceptionHandler -
                {status code=401 UNAUTHORIZED, message=Bad credentials. username: 4b-w6FBrrXlqdK,|gjS password: ?aNwlfCd7glf(E&r)lLr}W?fT, uri=/api/owners-tools/login, timestamp=Tue, 26 Sep 2023 12:29:57 -0400}
2023-09-26 12:29:57 [http-nio-auto-2-exec-1] DEBUG c.a.t.e.GlobalExceptionHandler -
                {status code=404 NOT_FOUND, message=No customer with that id found., uri=/api/owners-tools/customers/edit-customer-email/13/larry@larbo.com, timestamp=Tue, 26 Sep 2023 12:29:57 -0400}
2023-09-26 12:29:58 [http-nio-auto-2-exec-7] DEBUG c.a.t.e.GlobalExceptionHandler -
                {status code=400 BAD_REQUEST, message=Email does not match formatting requirements, please consult the docs., uri=/api/owners-tools/customers/edit-customer-email/gd34-igjr/larrylarbo.com, timestamp=Tue, 26 Sep 2023 12:29:58 -0400}
2023-09-26 12:30:44 [main] INFO  c.a.t.t.s.o.CreateOrderTests$testThatDoesNotPolluteTheApplicationContextUris -
                Starting CreateOrderTests.testThatDoesNotPolluteTheApplicationContextUris using Java 17.0.7 with PID 7608 (started by josie in /media/josie/Backup 1/2016/Documents/Tablet Backup/Documents/Courses/Java/personal projects/TonsOfTacosV1.2/back-end/tons-of-tacos)
2023-09-26 12:30:44 [main] DEBUG c.a.t.t.s.o.CreateOrderTests$testThatDoesNotPolluteTheApplicationContextUris -
                Running with Spring Boot v3.0.1, Spring v6.0.3
2023-09-26 12:30:44 [main] INFO  c.a.t.t.s.o.CreateOrderTests$testThatDoesNotPolluteTheApplicationContextUris -
                No active profile set, falling back to 1 default profile: "default"
2023-09-26 12:30:55 [main] DEBUG c.a.t.config.security.JwtAuthFilter -
                Filter 'jwtAuthFilter' configured for use
2023-09-26 12:30:57 [main] INFO  c.a.t.t.s.o.CreateOrderTests$testThatDoesNotPolluteTheApplicationContextUris -
                Started CreateOrderTests.testThatDoesNotPolluteTheApplicationContextUris in 14.363 seconds (process running for 18.25)
2023-09-26 14:17:05 [main] INFO  c.a.t.t.s.o.CreateOrderTests$testThatDoesNotPolluteTheApplicationContextUris -
                Starting CreateOrderTests.testThatDoesNotPolluteTheApplicationContextUris using Java 17.0.7 with PID 8396 (started by josie in /media/josie/Backup 1/2016/Documents/Tablet Backup/Documents/Courses/Java/personal projects/TonsOfTacosV1.2/back-end/tons-of-tacos)
2023-09-26 14:17:05 [main] DEBUG c.a.t.t.s.o.CreateOrderTests$testThatDoesNotPolluteTheApplicationContextUris -
                Running with Spring Boot v3.0.1, Spring v6.0.3
2023-09-26 14:17:05 [main] INFO  c.a.t.t.s.o.CreateOrderTests$testThatDoesNotPolluteTheApplicationContextUris -
                No active profile set, falling back to 1 default profile: "default"
2023-09-26 14:17:14 [main] DEBUG c.a.t.config.security.JwtAuthFilter -
                Filter 'jwtAuthFilter' configured for use
2023-09-26 14:17:16 [main] INFO  c.a.t.t.s.o.CreateOrderTests$testThatDoesNotPolluteTheApplicationContextUris -
                Started CreateOrderTests.testThatDoesNotPolluteTheApplicationContextUris in 11.774 seconds (process running for 15.52)
2023-09-26 14:19:46 [main] INFO  c.a.t.t.s.o.CreateOrderTests$testThatDoesNotPolluteTheApplicationContextUris -
                Starting CreateOrderTests.testThatDoesNotPolluteTheApplicationContextUris using Java 17.0.7 with PID 8502 (started by josie in /media/josie/Backup 1/2016/Documents/Tablet Backup/Documents/Courses/Java/personal projects/TonsOfTacosV1.2/back-end/tons-of-tacos)
2023-09-26 14:19:46 [main] DEBUG c.a.t.t.s.o.CreateOrderTests$testThatDoesNotPolluteTheApplicationContextUris -
                Running with Spring Boot v3.0.1, Spring v6.0.3
2023-09-26 14:19:46 [main] INFO  c.a.t.t.s.o.CreateOrderTests$testThatDoesNotPolluteTheApplicationContextUris -
                No active profile set, falling back to 1 default profile: "default"
2023-09-26 14:19:56 [main] DEBUG c.a.t.config.security.JwtAuthFilter -
                Filter 'jwtAuthFilter' configured for use
2023-09-26 14:19:58 [main] INFO  c.a.t.t.s.o.CreateOrderTests$testThatDoesNotPolluteTheApplicationContextUris -
                Started CreateOrderTests.testThatDoesNotPolluteTheApplicationContextUris in 13.346 seconds (process running for 18.315)
2023-09-26 15:02:27 [main] INFO  c.a.t.t.s.o.CreateOrderTests$testThatDoesNotPolluteTheApplicationContextUris -
                Starting CreateOrderTests.testThatDoesNotPolluteTheApplicationContextUris using Java 17.0.7 with PID 10106 (started by josie in /media/josie/Backup 1/2016/Documents/Tablet Backup/Documents/Courses/Java/personal projects/TonsOfTacosV1.2/back-end/tons-of-tacos)
2023-09-26 15:02:27 [main] DEBUG c.a.t.t.s.o.CreateOrderTests$testThatDoesNotPolluteTheApplicationContextUris -
                Running with Spring Boot v3.0.1, Spring v6.0.3
2023-09-26 15:02:27 [main] INFO  c.a.t.t.s.o.CreateOrderTests$testThatDoesNotPolluteTheApplicationContextUris -
                No active profile set, falling back to 1 default profile: "default"
2023-09-26 15:02:39 [main] DEBUG c.a.t.config.security.JwtAuthFilter -
                Filter 'jwtAuthFilter' configured for use
2023-09-26 15:02:43 [main] INFO  c.a.t.t.s.o.CreateOrderTests$testThatDoesNotPolluteTheApplicationContextUris -
                Started CreateOrderTests.testThatDoesNotPolluteTheApplicationContextUris in 16.402 seconds (process running for 20.284)
2023-09-26 15:14:24 [main] INFO  c.a.t.t.s.o.CreateOrderTests$testThatDoesNotPolluteTheApplicationContextUris -
                Starting CreateOrderTests.testThatDoesNotPolluteTheApplicationContextUris using Java 17.0.7 with PID 10302 (started by josie in /media/josie/Backup 1/2016/Documents/Tablet Backup/Documents/Courses/Java/personal projects/TonsOfTacosV1.2/back-end/tons-of-tacos)
2023-09-26 15:14:24 [main] DEBUG c.a.t.t.s.o.CreateOrderTests$testThatDoesNotPolluteTheApplicationContextUris -
                Running with Spring Boot v3.0.1, Spring v6.0.3
2023-09-26 15:14:24 [main] INFO  c.a.t.t.s.o.CreateOrderTests$testThatDoesNotPolluteTheApplicationContextUris -
                No active profile set, falling back to 1 default profile: "default"
2023-09-26 15:14:37 [main] DEBUG c.a.t.config.security.JwtAuthFilter -
                Filter 'jwtAuthFilter' configured for use
2023-09-26 15:14:41 [main] INFO  c.a.t.t.s.o.CreateOrderTests$testThatDoesNotPolluteTheApplicationContextUris -
                Started CreateOrderTests.testThatDoesNotPolluteTheApplicationContextUris in 17.626 seconds (process running for 21.633)
2023-09-26 15:19:39 [main] INFO  c.a.t.t.s.o.CreateOrderTests$testThatDoesNotPolluteTheApplicationContextUris -
                Starting CreateOrderTests.testThatDoesNotPolluteTheApplicationContextUris using Java 17.0.7 with PID 10424 (started by josie in /media/josie/Backup 1/2016/Documents/Tablet Backup/Documents/Courses/Java/personal projects/TonsOfTacosV1.2/back-end/tons-of-tacos)
2023-09-26 15:19:39 [main] DEBUG c.a.t.t.s.o.CreateOrderTests$testThatDoesNotPolluteTheApplicationContextUris -
                Running with Spring Boot v3.0.1, Spring v6.0.3
2023-09-26 15:19:39 [main] INFO  c.a.t.t.s.o.CreateOrderTests$testThatDoesNotPolluteTheApplicationContextUris -
                No active profile set, falling back to 1 default profile: "default"
