2023-09-28 07:30:59 [http-nio-auto-1-exec-5] DEBUG c.a.t.e.GlobalExceptionHandler -
                {status code=403 FORBIDDEN, message=Bad credentials. username: Tv)who#rp;oqS(k|yQf password: ?aNwlfCd7glf(E&r)lLr}W?fT, uri=/api/owners-tools/login, timestamp=Thu, 28 Sep 2023 07:30:59 -0700}
2023-09-28 07:34:08 [main] INFO  c.a.t.t.s.o.o.GetAllOrdersTests$testThatDoesNotPolluteTheApplicationContextUris -
                Starting GetAllOrdersTests.testThatDoesNotPolluteTheApplicationContextUris using Java 17.0.6 with PID 383092 (started by brian in /media/brian/Backup 22/Documents/Tablet Backup/Documents/Courses/Java/personal projects/TonsOfTacosV1.2/back-end/tons-of-tacos)
2023-09-28 07:34:08 [main] DEBUG c.a.t.t.s.o.o.GetAllOrdersTests$testThatDoesNotPolluteTheApplicationContextUris -
                Running with Spring Boot v3.0.1, Spring v6.0.3
2023-09-28 07:34:08 [main] INFO  c.a.t.t.s.o.o.GetAllOrdersTests$testThatDoesNotPolluteTheApplicationContextUris -
                No active profile set, falling back to 1 default profile: "default"
2023-09-28 07:34:13 [main] DEBUG c.a.t.config.security.JwtAuthFilter -
                Filter 'jwtAuthFilter' configured for use
2023-09-28 07:34:13 [main] DEBUG c.a.t.c.s.FilterChainExceptionHandler -
                Filter 'filterChainExceptionHandler' configured for use
2023-09-28 07:34:14 [main] INFO  c.a.t.t.s.o.o.GetAllOrdersTests$testThatDoesNotPolluteTheApplicationContextUris -
                Started GetAllOrdersTests.testThatDoesNotPolluteTheApplicationContextUris in 6.01 seconds (process running for 7.412)
2023-09-28 07:34:15 [main] INFO  c.a.t.t.s.o.o.DeleteCustomerByUidTest$testThatDoesNotPolluteTheApplicationContextUris -
                Starting DeleteCustomerByUidTest.testThatDoesNotPolluteTheApplicationContextUris using Java 17.0.6 with PID 383092 (started by brian in /media/brian/Backup 22/Documents/Tablet Backup/Documents/Courses/Java/personal projects/TonsOfTacosV1.2/back-end/tons-of-tacos)
2023-09-28 07:34:15 [main] DEBUG c.a.t.t.s.o.o.DeleteCustomerByUidTest$testThatDoesNotPolluteTheApplicationContextUris -
                Running with Spring Boot v3.0.1, Spring v6.0.3
2023-09-28 07:34:15 [main] INFO  c.a.t.t.s.o.o.DeleteCustomerByUidTest$testThatDoesNotPolluteTheApplicationContextUris -
                No active profile set, falling back to 1 default profile: "default"
2023-09-28 07:34:16 [main] DEBUG c.a.t.config.security.JwtAuthFilter -
                Filter 'jwtAuthFilter' configured for use
2023-09-28 07:34:16 [main] DEBUG c.a.t.c.s.FilterChainExceptionHandler -
                Filter 'filterChainExceptionHandler' configured for use
2023-09-28 07:34:16 [main] INFO  c.a.t.t.s.o.o.DeleteCustomerByUidTest$testThatDoesNotPolluteTheApplicationContextUris -
                Started DeleteCustomerByUidTest.testThatDoesNotPolluteTheApplicationContextUris in 1.132 seconds (process running for 9.583)
2023-09-28 07:34:16 [http-nio-auto-2-exec-3] DEBUG c.a.t.e.GlobalExceptionHandler -
                {status code=404 NOT_FOUND, message=No customer found with that UID. Please verify and try  again., uri=/api/owners-tools/customers/get-customer-uid/customerUid, timestamp=Thu, 28 Sep 2023 07:34:16 -0700}
2023-09-28 07:34:16 [http-nio-auto-2-exec-5] DEBUG c.a.t.e.GlobalExceptionHandler -
                {status code=404 NOT_FOUND, message=No customer with that uid found. Please check formatting and verify customer exists., uri=/api/owners-tools/customers/delete-customer/85, timestamp=Thu, 28 Sep 2023 07:34:16 -0700}
2023-09-28 07:34:17 [http-nio-auto-2-exec-7] DEBUG c.a.t.e.GlobalExceptionHandler -
                {status code=404 NOT_FOUND, message=You have chosen a category that does not exist. Please check your spelling and formatting., uri=/api/menu/category, timestamp=Thu, 28 Sep 2023 07:34:17 -0700}
2023-09-28 07:34:17 [http-nio-auto-2-exec-3] DEBUG c.a.t.e.GlobalExceptionHandler -
                {status code=404 NOT_FOUND, message=No customer with that uid found. Please check formatting and verify customer exists., uri=/api/owners-tools/customers/edit-customer-phone/14/555.555.5156, timestamp=Thu, 28 Sep 2023 07:34:17 -0700}
2023-09-28 07:34:17 [http-nio-auto-2-exec-5] DEBUG c.a.t.e.GlobalExceptionHandler -
                {status code=404 NOT_FOUND, message=You have chosen a menu item that does not exist., uri=/api/menu/id, timestamp=Thu, 28 Sep 2023 07:34:17 -0700}
2023-09-28 07:34:17 [main] INFO  c.a.t.t.m.O.NonEmptyTests -
                Starting NonEmptyTests using Java 17.0.6 with PID 383092 (started by brian in /media/brian/Backup 22/Documents/Tablet Backup/Documents/Courses/Java/personal projects/TonsOfTacosV1.2/back-end/tons-of-tacos)
2023-09-28 07:34:17 [main] DEBUG c.a.t.t.m.O.NonEmptyTests -
                Running with Spring Boot v3.0.1, Spring v6.0.3
2023-09-28 07:34:17 [main] INFO  c.a.t.t.m.O.NonEmptyTests -
                No active profile set, falling back to 1 default profile: "default"
2023-09-28 07:34:18 [main] DEBUG c.a.t.config.security.JwtAuthFilter -
                Filter 'jwtAuthFilter' configured for use
2023-09-28 07:34:18 [main] DEBUG c.a.t.c.s.FilterChainExceptionHandler -
                Filter 'filterChainExceptionHandler' configured for use
2023-09-28 07:34:18 [main] INFO  c.a.t.t.m.O.NonEmptyTests -
                Started NonEmptyTests in 1.004 seconds (process running for 11.674)
2023-09-28 07:34:18 [http-nio-auto-2-exec-7] DEBUG c.a.t.e.GlobalExceptionHandler -
                {status code=404 NOT_FOUND, message=Order item not updated. Verify order item is part of order., uri=/api/owners-tools/orders/update-order-item/654654-465465-555/88/2, timestamp=Thu, 28 Sep 2023 07:34:18 -0700}
2023-09-28 07:34:18 [http-nio-auto-2-exec-9] DEBUG c.a.t.e.GlobalExceptionHandler -
                {status code=400 BAD_REQUEST, message=We were unable to process your request. Please contact us when trying to order more than 10 of any given item., uri=/api/owners-tools/orders/update-order-item/654654-465465-555/3/12, timestamp=Thu, 28 Sep 2023 07:34:18 -0700}
2023-09-28 07:34:19 [http-nio-auto-2-exec-5] DEBUG c.a.t.e.GlobalExceptionHandler -
                {status code=404 NOT_FOUND, message=Order item not updated. Verify order exists., uri=/api/owners-tools/orders/update-order-item/77/3/2, timestamp=Thu, 28 Sep 2023 07:34:19 -0700}
2023-09-28 07:34:19 [http-nio-auto-2-exec-8] DEBUG c.a.t.e.GlobalExceptionHandler -
                {status code=404 NOT_FOUND, message=No order found with that UID. Please verify and try again., uri=/api/owners-tools/orders/get-order-uid/orderUid, timestamp=Thu, 28 Sep 2023 07:34:19 -0700}
2023-09-28 07:34:19 [http-nio-auto-2-exec-10] DEBUG c.a.t.e.GlobalExceptionHandler -
                {status code=404 NOT_FOUND, message=Can not delete order. Verify order exists., uri=/api/owners-tools/orders/delete-order/78, timestamp=Thu, 28 Sep 2023 07:34:19 -0700}
2023-09-28 07:34:19 [http-nio-auto-2-exec-4] DEBUG c.a.t.e.GlobalExceptionHandler -
                {status code=404 NOT_FOUND, message=No customer found by that name. Please check your spelling and formatting., uri=/api/owners-tools/customers/get-customer-name/name, timestamp=Thu, 28 Sep 2023 07:34:19 -0700}
2023-09-28 07:34:19 [http-nio-auto-2-exec-6] DEBUG c.a.t.e.GlobalExceptionHandler -
                {status code=404 NOT_FOUND, message=Menu item can not be added to order. Verify order id., uri=/api/owners-tools/orders/add-to-order/78/2/2, timestamp=Thu, 28 Sep 2023 07:34:19 -0700}
2023-09-28 07:34:19 [http-nio-auto-2-exec-8] DEBUG c.a.t.e.GlobalExceptionHandler -
                {status code=404 NOT_FOUND, message=Unable to find com.adamstraub.tonsoftacos.entities.MenuItem with id 66, uri=/api/owners-tools/orders/add-to-order/654654-465465-555/66/2, timestamp=Thu, 28 Sep 2023 07:34:19 -0700}
2023-09-28 07:34:20 [http-nio-auto-2-exec-6] DEBUG c.a.t.e.GlobalExceptionHandler -
                {status code=404 NOT_FOUND, message=No order found with that UID. Please verify and try again., uri=/api/owners-tools/orders/get-order-uid/orderUid, timestamp=Thu, 28 Sep 2023 07:34:20 -0700}
2023-09-28 07:34:20 [http-nio-auto-1-exec-10] DEBUG c.a.t.e.GlobalExceptionHandler -
                {status code=404 NOT_FOUND, message=No orders for customer found., uri=/api/owners-tools/orders/get-order-customer/customer, timestamp=Thu, 28 Sep 2023 07:34:20 -0700}
2023-09-28 07:34:20 [http-nio-auto-1-exec-1] DEBUG c.a.t.e.GlobalExceptionHandler -
                {status code=403 FORBIDDEN, message=Session expired., uri=/api/owners-tools/customers/delete-customer/1, timestamp=Thu, 28 Sep 2023 07:34:20 -0700}
2023-09-28 07:34:20 [http-nio-auto-1-exec-2] DEBUG c.a.t.e.GlobalExceptionHandler -
                {status code=403 FORBIDDEN, message=User unauthorized., uri=/api/owners-tools/customers/delete-customer/1, timestamp=Thu, 28 Sep 2023 07:34:20 -0700}
2023-09-28 07:34:20 [http-nio-auto-2-exec-2] DEBUG c.a.t.e.GlobalExceptionHandler -
                {status code=400 BAD_REQUEST, message=Customer name incorrectly formatted. Please consult the documentation., uri=/api/owners-tools/customers/edit-customer-name/gd34-igjr/dsfk%20jh!@, timestamp=Thu, 28 Sep 2023 07:34:20 -0700}
2023-09-28 07:34:20 [http-nio-auto-2-exec-4] DEBUG c.a.t.e.GlobalExceptionHandler -
                {status code=404 NOT_FOUND, message=No customer with that id found., uri=/api/owners-tools/customers/edit-customer-name/54/Gary%20Garrison, timestamp=Thu, 28 Sep 2023 07:34:20 -0700}
2023-09-28 07:34:20 [http-nio-auto-2-exec-6] DEBUG c.a.t.e.GlobalExceptionHandler -
                {status code=400 BAD_REQUEST, message=Order can not be closed if order is not ready., uri=/api/owners-tools/orders/close-order/654654-465465-555, timestamp=Thu, 28 Sep 2023 07:34:20 -0700}
2023-09-28 07:34:21 [http-nio-auto-2-exec-4] DEBUG c.a.t.e.GlobalExceptionHandler -
                {status code=404 NOT_FOUND, message=Order cannot be found and as such can not be closed. Please verify order id., uri=/api/owners-tools/orders/close-order/66, timestamp=Thu, 28 Sep 2023 07:34:21 -0700}
2023-09-28 07:34:21 [main] INFO  c.a.t.t.m.OrdersDbTests.EmptyTests -
                Starting EmptyTests using Java 17.0.6 with PID 383092 (started by brian in /media/brian/Backup 22/Documents/Tablet Backup/Documents/Courses/Java/personal projects/TonsOfTacosV1.2/back-end/tons-of-tacos)
2023-09-28 07:34:21 [main] DEBUG c.a.t.t.m.OrdersDbTests.EmptyTests -
                Running with Spring Boot v3.0.1, Spring v6.0.3
