2023-09-26 18:50:11 [main] DEBUG c.a.t.config.security.JwtAuthFilter -
                Filter 'jwtAuthFilter' configured for use
2023-09-26 18:50:14 [main] INFO  c.a.t.t.s.o.a.LoginTest$testThatDoesNotPolluteTheApplicationContextUris -
                Started LoginTest.testThatDoesNotPolluteTheApplicationContextUris in 14.249 seconds (process running for 18.298)
2023-09-26 18:50:15 [http-nio-auto-1-exec-1] DEBUG c.a.t.e.GlobalExceptionHandler -
                {status code=401 UNAUTHORIZED, message=Bad credentials. username: m)Km7y{f0~nd$,hvNLOw0.F5FlP5u?5 password: D}9e]3Olhd2j1|<WQ@]r`;jqO1{|]u65f)556]I, uri=/api/owners-tools/login, timestamp=Tue, 26 Sep 2023 18:50:15 -0400}
2023-09-26 18:50:53 [main] INFO  c.a.t.t.s.o.a.LoginTest$testThatDoesNotPolluteTheApplicationContextUris -
                Starting LoginTest.testThatDoesNotPolluteTheApplicationContextUris using Java 17.0.7 with PID 15386 (started by josie in /media/josie/Backup 1/2016/Documents/Tablet Backup/Documents/Courses/Java/personal projects/TonsOfTacosV1.2/back-end/tons-of-tacos)
2023-09-26 18:50:53 [main] DEBUG c.a.t.t.s.o.a.LoginTest$testThatDoesNotPolluteTheApplicationContextUris -
                Running with Spring Boot v3.0.1, Spring v6.0.3
2023-09-26 18:50:53 [main] INFO  c.a.t.t.s.o.a.LoginTest$testThatDoesNotPolluteTheApplicationContextUris -
                No active profile set, falling back to 1 default profile: "default"
2023-09-26 18:51:04 [main] DEBUG c.a.t.config.security.JwtAuthFilter -
                Filter 'jwtAuthFilter' configured for use
2023-09-26 18:51:06 [main] INFO  c.a.t.t.s.o.a.LoginTest$testThatDoesNotPolluteTheApplicationContextUris -
                Started LoginTest.testThatDoesNotPolluteTheApplicationContextUris in 14.083 seconds (process running for 17.965)
2023-09-26 18:51:08 [http-nio-auto-1-exec-1] DEBUG c.a.t.e.GlobalExceptionHandler -
                {status code=401 UNAUTHORIZED, message=Bad credentials. username: m)Km7y{f0~nd$,hvNLOw0.F5FlP5u?5 password: C}}eEOVlCbzjb5:W.zdrE$@qCp(|B;k5H(F5[`(, uri=/api/owners-tools/login, timestamp=Tue, 26 Sep 2023 18:51:08 -0400}
2023-09-26 18:51:24 [main] INFO  c.a.t.t.s.o.o.GetAllOrdersTests$testThatDoesNotPolluteTheApplicationContextUris -
                Starting GetAllOrdersTests.testThatDoesNotPolluteTheApplicationContextUris using Java 17.0.7 with PID 15474 (started by josie in /media/josie/Backup 1/2016/Documents/Tablet Backup/Documents/Courses/Java/personal projects/TonsOfTacosV1.2/back-end/tons-of-tacos)
2023-09-26 18:51:24 [main] DEBUG c.a.t.t.s.o.o.GetAllOrdersTests$testThatDoesNotPolluteTheApplicationContextUris -
                Running with Spring Boot v3.0.1, Spring v6.0.3
2023-09-26 18:51:24 [main] INFO  c.a.t.t.s.o.o.GetAllOrdersTests$testThatDoesNotPolluteTheApplicationContextUris -
                No active profile set, falling back to 1 default profile: "default"
2023-09-26 18:51:35 [main] DEBUG c.a.t.config.security.JwtAuthFilter -
                Filter 'jwtAuthFilter' configured for use
2023-09-26 18:51:37 [main] INFO  c.a.t.t.s.o.o.GetAllOrdersTests$testThatDoesNotPolluteTheApplicationContextUris -
                Started GetAllOrdersTests.testThatDoesNotPolluteTheApplicationContextUris in 13.506 seconds (process running for 17.983)
2023-09-26 18:51:39 [main] INFO  c.a.t.t.s.m.GetMenuItemsByCategoryTests$testThatDoesNotPolluteTheApplicationContextUris -
                Starting GetMenuItemsByCategoryTests.testThatDoesNotPolluteTheApplicationContextUris using Java 17.0.7 with PID 15474 (started by josie in /media/josie/Backup 1/2016/Documents/Tablet Backup/Documents/Courses/Java/personal projects/TonsOfTacosV1.2/back-end/tons-of-tacos)
2023-09-26 18:51:39 [main] DEBUG c.a.t.t.s.m.GetMenuItemsByCategoryTests$testThatDoesNotPolluteTheApplicationContextUris -
                Running with Spring Boot v3.0.1, Spring v6.0.3
2023-09-26 18:51:39 [main] INFO  c.a.t.t.s.m.GetMenuItemsByCategoryTests$testThatDoesNotPolluteTheApplicationContextUris -
                No active profile set, falling back to 1 default profile: "default"
2023-09-26 18:51:42 [main] DEBUG c.a.t.config.security.JwtAuthFilter -
                Filter 'jwtAuthFilter' configured for use
2023-09-26 18:51:42 [main] INFO  c.a.t.t.s.m.GetMenuItemsByCategoryTests$testThatDoesNotPolluteTheApplicationContextUris -
                Started GetMenuItemsByCategoryTests.testThatDoesNotPolluteTheApplicationContextUris in 2.885 seconds (process running for 23.27)
2023-09-26 18:51:43 [http-nio-auto-2-exec-2] DEBUG c.a.t.e.GlobalExceptionHandler -
                {status code=404 NOT_FOUND, message=You have chosen a category that does not exist. Please check your spelling and formatting., uri=/api/menu/category, timestamp=Tue, 26 Sep 2023 18:51:43 -0400}
2023-09-26 18:51:43 [http-nio-auto-2-exec-4] DEBUG c.a.t.e.GlobalExceptionHandler -
                {status code=404 NOT_FOUND, message=You have chosen a menu item that does not exist., uri=/api/menu/id, timestamp=Tue, 26 Sep 2023 18:51:43 -0400}
2023-09-26 18:51:43 [http-nio-auto-2-exec-6] DEBUG c.a.t.e.GlobalExceptionHandler -
                {status code=404 NOT_FOUND, message=Order item not updated. Verify order item is part of order., uri=/api/owners-tools/orders/update-order-item/654654-465465-555/88/2, timestamp=Tue, 26 Sep 2023 18:51:43 -0400}
2023-09-26 18:51:44 [http-nio-auto-2-exec-8] DEBUG c.a.t.e.GlobalExceptionHandler -
                {status code=400 BAD_REQUEST, message=We were unable to process your request. Please contact us when trying to order more than 10 of any given item., uri=/api/owners-tools/orders/update-order-item/654654-465465-555/3/12, timestamp=Tue, 26 Sep 2023 18:51:44 -0400}
2023-09-26 18:51:45 [http-nio-auto-2-exec-2] DEBUG c.a.t.e.GlobalExceptionHandler -
                {status code=404 NOT_FOUND, message=Order item not updated. Verify order exists., uri=/api/owners-tools/orders/update-order-item/77/3/2, timestamp=Tue, 26 Sep 2023 18:51:45 -0400}
2023-09-26 18:51:45 [http-nio-auto-2-exec-5] DEBUG c.a.t.e.GlobalExceptionHandler -
                {status code=404 NOT_FOUND, message=No order found with that UID. Please verify and try again., uri=/api/owners-tools/orders/get-order-uid/orderUid, timestamp=Tue, 26 Sep 2023 18:51:45 -0400}
2023-09-26 18:51:45 [http-nio-auto-2-exec-6] DEBUG c.a.t.e.GlobalExceptionHandler -
                {status code=404 NOT_FOUND, message=Can not delete order. Verify order exists., uri=/api/owners-tools/orders/delete-order/78, timestamp=Tue, 26 Sep 2023 18:51:45 -0400}
2023-09-26 18:51:46 [http-nio-auto-2-exec-8] DEBUG c.a.t.e.GlobalExceptionHandler -
                {status code=404 NOT_FOUND, message=No customer found by that name. Please check your spelling and formatting., uri=/api/owners-tools/customers/get-customer-name/name, timestamp=Tue, 26 Sep 2023 18:51:46 -0400}
2023-09-26 18:51:46 [http-nio-auto-2-exec-9] DEBUG c.a.t.e.GlobalExceptionHandler -
                {status code=404 NOT_FOUND, message=Menu item can not be added to order. Verify order id., uri=/api/owners-tools/orders/add-to-order/78/2/2, timestamp=Tue, 26 Sep 2023 18:51:46 -0400}
2023-09-26 18:51:47 [http-nio-auto-2-exec-10] DEBUG c.a.t.e.GlobalExceptionHandler -
                {status code=404 NOT_FOUND, message=Unable to find com.adamstraub.tonsoftacos.entities.MenuItem with id 66, uri=/api/owners-tools/orders/add-to-order/654654-465465-555/66/2, timestamp=Tue, 26 Sep 2023 18:51:47 -0400}
2023-09-26 18:51:48 [http-nio-auto-2-exec-8] DEBUG c.a.t.e.GlobalExceptionHandler -
                {status code=404 NOT_FOUND, message=No order found with that UID. Please verify and try again., uri=/api/owners-tools/orders/get-order-uid/orderUid, timestamp=Tue, 26 Sep 2023 18:51:48 -0400}
2023-09-26 18:51:48 [http-nio-auto-1-exec-6] DEBUG c.a.t.e.GlobalExceptionHandler -
                {status code=404 NOT_FOUND, message=No orders for customer found., uri=/api/owners-tools/orders/get-order-customer/customer, timestamp=Tue, 26 Sep 2023 18:51:48 -0400}
2023-09-26 18:51:48 [http-nio-auto-1-exec-7] DEBUG c.a.t.e.GlobalExceptionHandler -
                {status code=403 FORBIDDEN, message=Session expired., uri=/api/owners-tools/customers/delete-customer/1, timestamp=Tue, 26 Sep 2023 18:51:48 -0400}
2023-09-26 18:51:48 [http-nio-auto-1-exec-8] DEBUG c.a.t.e.GlobalExceptionHandler -
                {status code=401 UNAUTHORIZED, message=User unauthorized., uri=/api/owners-tools/customers/delete-customer/1, timestamp=Tue, 26 Sep 2023 18:51:48 -0400}
2023-09-26 18:51:49 [http-nio-auto-2-exec-10] DEBUG c.a.t.e.GlobalExceptionHandler -
                {status code=400 BAD_REQUEST, message=Order can not be closed if order is not ready., uri=/api/owners-tools/orders/close-order/654654-465465-555, timestamp=Tue, 26 Sep 2023 18:51:49 -0400}
2023-09-26 18:51:49 [http-nio-auto-2-exec-8] DEBUG c.a.t.e.GlobalExceptionHandler -
                {status code=404 NOT_FOUND, message=Order cannot be found and as such can not be closed. Please verify order id., uri=/api/owners-tools/orders/close-order/66, timestamp=Tue, 26 Sep 2023 18:51:49 -0400}
2023-09-26 18:51:50 [http-nio-auto-2-exec-10] DEBUG c.a.t.e.GlobalExceptionHandler -
                {status code=404 NOT_FOUND, message=No customer found with that UID. Please verify and try  again., uri=/api/owners-tools/customers/get-customer-uid/customerUid, timestamp=Tue, 26 Sep 2023 18:51:50 -0400}
2023-09-26 18:51:50 [http-nio-auto-2-exec-10] DEBUG c.a.t.e.GlobalExceptionHandler -
                {status code=404 NOT_FOUND, message=Order does not exist. Please verify order id and try again., uri=/api/owners-tools/orders/order-ready/88, timestamp=Tue, 26 Sep 2023 18:51:50 -0400}
2023-09-26 18:51:51 [http-nio-auto-1-exec-3] DEBUG c.a.t.e.GlobalExceptionHandler -
                {status code=400 BAD_REQUEST, message=Customer name incorrectly formatted. Please consult the documentation., uri=/api/order/checkout, timestamp=Tue, 26 Sep 2023 18:51:51 -0400}
2023-09-26 18:51:52 [http-nio-auto-1-exec-5] DEBUG c.a.t.e.GlobalExceptionHandler -
                {status code=401 UNAUTHORIZED, message=Bad credentials. username: m)Km7y{f0~nd$,hvNLOw0.F5FlP5u?5 password: ;U[eaH)l)m3jEc-W=07rpV]q}F{|(-,58/_5WtD, uri=/api/owners-tools/login, timestamp=Tue, 26 Sep 2023 18:51:52 -0400}
