2023-09-24 13:57:56 [main] DEBUG c.a.t.config.security.JwtAuthFilter -
                Filter 'jwtAuthFilter' configured for use
2023-09-24 13:57:56 [main] INFO  c.a.t.t.mockTests.EmptyDBTest -
                Started EmptyDBTest in 5.788 seconds (process running for 7.28)
2023-09-24 13:58:18 [main] INFO  c.a.t.t.mockTests.EmptyDBTest -
                Starting EmptyDBTest using Java 17.0.6 with PID 221666 (started by brian in /media/brian/Backup 22/Documents/Tablet Backup/Documents/Courses/Java/personal projects/TonsOfTacosV1.2/back-end/tons-of-tacos)
2023-09-24 13:58:18 [main] DEBUG c.a.t.t.mockTests.EmptyDBTest -
                Running with Spring Boot v3.0.1, Spring v6.0.3
2023-09-24 13:58:18 [main] INFO  c.a.t.t.mockTests.EmptyDBTest -
                No active profile set, falling back to 1 default profile: "default"
2023-09-24 13:58:22 [main] DEBUG c.a.t.config.security.JwtAuthFilter -
                Filter 'jwtAuthFilter' configured for use
2023-09-24 13:58:23 [main] INFO  c.a.t.t.mockTests.EmptyDBTest -
                Started EmptyDBTest in 5.677 seconds (process running for 7.402)
2023-09-24 13:58:42 [main] INFO  c.a.t.t.mockTests.EmptyDBTest -
                Starting EmptyDBTest using Java 17.0.6 with PID 221816 (started by brian in /media/brian/Backup 22/Documents/Tablet Backup/Documents/Courses/Java/personal projects/TonsOfTacosV1.2/back-end/tons-of-tacos)
2023-09-24 13:58:42 [main] DEBUG c.a.t.t.mockTests.EmptyDBTest -
                Running with Spring Boot v3.0.1, Spring v6.0.3
2023-09-24 13:58:42 [main] INFO  c.a.t.t.mockTests.EmptyDBTest -
                No active profile set, falling back to 1 default profile: "default"
2023-09-24 13:58:47 [main] DEBUG c.a.t.config.security.JwtAuthFilter -
                Filter 'jwtAuthFilter' configured for use
2023-09-24 13:58:47 [main] INFO  c.a.t.t.mockTests.EmptyDBTest -
                Started EmptyDBTest in 5.773 seconds (process running for 7.437)
2023-09-24 13:59:31 [main] INFO  c.a.t.t.mockTests.EmptyDBTest -
                Starting EmptyDBTest using Java 17.0.6 with PID 221946 (started by brian in /media/brian/Backup 22/Documents/Tablet Backup/Documents/Courses/Java/personal projects/TonsOfTacosV1.2/back-end/tons-of-tacos)
2023-09-24 13:59:31 [main] DEBUG c.a.t.t.mockTests.EmptyDBTest -
                Running with Spring Boot v3.0.1, Spring v6.0.3
2023-09-24 13:59:31 [main] INFO  c.a.t.t.mockTests.EmptyDBTest -
                No active profile set, falling back to 1 default profile: "default"
2023-09-24 13:59:35 [main] DEBUG c.a.t.config.security.JwtAuthFilter -
                Filter 'jwtAuthFilter' configured for use
2023-09-24 13:59:36 [main] INFO  c.a.t.t.mockTests.EmptyDBTest -
                Started EmptyDBTest in 5.613 seconds (process running for 7.164)
2023-09-24 14:00:23 [main] INFO  c.a.t.t.mockTests.EmptyDBTest -
                Starting EmptyDBTest using Java 17.0.6 with PID 222138 (started by brian in /media/brian/Backup 22/Documents/Tablet Backup/Documents/Courses/Java/personal projects/TonsOfTacosV1.2/back-end/tons-of-tacos)
2023-09-24 14:00:23 [main] DEBUG c.a.t.t.mockTests.EmptyDBTest -
                Running with Spring Boot v3.0.1, Spring v6.0.3
2023-09-24 14:00:23 [main] INFO  c.a.t.t.mockTests.EmptyDBTest -
                No active profile set, falling back to 1 default profile: "default"
2023-09-24 14:00:28 [main] DEBUG c.a.t.config.security.JwtAuthFilter -
                Filter 'jwtAuthFilter' configured for use
2023-09-24 14:00:28 [main] INFO  c.a.t.t.mockTests.EmptyDBTest -
                Started EmptyDBTest in 5.637 seconds (process running for 7.328)
2023-09-24 14:01:22 [main] INFO  c.a.t.t.mockTests.EmptyDBTest -
                Starting EmptyDBTest using Java 17.0.6 with PID 222300 (started by brian in /media/brian/Backup 22/Documents/Tablet Backup/Documents/Courses/Java/personal projects/TonsOfTacosV1.2/back-end/tons-of-tacos)
2023-09-24 14:01:22 [main] DEBUG c.a.t.t.mockTests.EmptyDBTest -
                Running with Spring Boot v3.0.1, Spring v6.0.3
2023-09-24 14:01:22 [main] INFO  c.a.t.t.mockTests.EmptyDBTest -
                No active profile set, falling back to 1 default profile: "default"
2023-09-24 14:01:26 [main] DEBUG c.a.t.config.security.JwtAuthFilter -
                Filter 'jwtAuthFilter' configured for use
2023-09-24 14:01:27 [main] INFO  c.a.t.t.mockTests.EmptyDBTest -
                Started EmptyDBTest in 5.268 seconds (process running for 6.793)
2023-09-24 14:02:01 [main] INFO  c.a.t.t.mockTests.EmptyDBTest -
                Starting EmptyDBTest using Java 17.0.6 with PID 222437 (started by brian in /media/brian/Backup 22/Documents/Tablet Backup/Documents/Courses/Java/personal projects/TonsOfTacosV1.2/back-end/tons-of-tacos)
2023-09-24 14:02:01 [main] DEBUG c.a.t.t.mockTests.EmptyDBTest -
                Running with Spring Boot v3.0.1, Spring v6.0.3
2023-09-24 14:02:01 [main] INFO  c.a.t.t.mockTests.EmptyDBTest -
                No active profile set, falling back to 1 default profile: "default"
2023-09-24 14:02:05 [main] DEBUG c.a.t.config.security.JwtAuthFilter -
                Filter 'jwtAuthFilter' configured for use
2023-09-24 14:02:06 [main] INFO  c.a.t.t.mockTests.EmptyDBTest -
                Started EmptyDBTest in 5.557 seconds (process running for 7.123)
2023-09-24 14:14:31 [main] INFO  c.a.t.t.mockTests.EmptyDBTest -
                Starting EmptyDBTest using Java 17.0.6 with PID 222734 (started by brian in /media/brian/Backup 22/Documents/Tablet Backup/Documents/Courses/Java/personal projects/TonsOfTacosV1.2/back-end/tons-of-tacos)
2023-09-24 14:14:31 [main] DEBUG c.a.t.t.mockTests.EmptyDBTest -
                Running with Spring Boot v3.0.1, Spring v6.0.3
2023-09-24 14:14:31 [main] INFO  c.a.t.t.mockTests.EmptyDBTest -
                No active profile set, falling back to 1 default profile: "default"
2023-09-24 14:14:35 [main] DEBUG c.a.t.config.security.JwtAuthFilter -
                Filter 'jwtAuthFilter' configured for use
2023-09-24 14:14:36 [main] INFO  c.a.t.t.mockTests.EmptyDBTest -
                Started EmptyDBTest in 5.356 seconds (process running for 7.015)
2023-09-24 14:15:37 [main] INFO  c.a.t.t.mockTests.EmptyDBTest -
                Starting EmptyDBTest using Java 17.0.6 with PID 222865 (started by brian in /media/brian/Backup 22/Documents/Tablet Backup/Documents/Courses/Java/personal projects/TonsOfTacosV1.2/back-end/tons-of-tacos)
2023-09-24 14:15:37 [main] DEBUG c.a.t.t.mockTests.EmptyDBTest -
                Running with Spring Boot v3.0.1, Spring v6.0.3
2023-09-24 14:15:37 [main] INFO  c.a.t.t.mockTests.EmptyDBTest -
                No active profile set, falling back to 1 default profile: "default"
2023-09-24 14:15:42 [main] DEBUG c.a.t.config.security.JwtAuthFilter -
                Filter 'jwtAuthFilter' configured for use
2023-09-24 14:15:42 [main] INFO  c.a.t.t.mockTests.EmptyDBTest -
                Started EmptyDBTest in 5.82 seconds (process running for 7.479)
2023-09-24 14:20:34 [main] INFO  c.a.t.t.mockTests.EmptyDBTest -
                Starting EmptyDBTest using Java 17.0.6 with PID 223089 (started by brian in /media/brian/Backup 22/Documents/Tablet Backup/Documents/Courses/Java/personal projects/TonsOfTacosV1.2/back-end/tons-of-tacos)
2023-09-24 14:20:34 [main] DEBUG c.a.t.t.mockTests.EmptyDBTest -
                Running with Spring Boot v3.0.1, Spring v6.0.3
2023-09-24 14:20:34 [main] INFO  c.a.t.t.mockTests.EmptyDBTest -
                No active profile set, falling back to 1 default profile: "default"
2023-09-24 14:20:39 [main] DEBUG c.a.t.config.security.JwtAuthFilter -
                Filter 'jwtAuthFilter' configured for use
2023-09-24 14:20:40 [main] INFO  c.a.t.t.mockTests.EmptyDBTest -
                Started EmptyDBTest in 5.621 seconds (process running for 7.254)
2023-09-24 14:21:25 [main] INFO  c.a.t.t.mockTests.EmptyDBTest -
                Starting EmptyDBTest using Java 17.0.6 with PID 223227 (started by brian in /media/brian/Backup 22/Documents/Tablet Backup/Documents/Courses/Java/personal projects/TonsOfTacosV1.2/back-end/tons-of-tacos)
2023-09-24 14:21:25 [main] DEBUG c.a.t.t.mockTests.EmptyDBTest -
                Running with Spring Boot v3.0.1, Spring v6.0.3
2023-09-24 14:21:25 [main] INFO  c.a.t.t.mockTests.EmptyDBTest -
                No active profile set, falling back to 1 default profile: "default"
2023-09-24 14:21:29 [main] DEBUG c.a.t.config.security.JwtAuthFilter -
                Filter 'jwtAuthFilter' configured for use
2023-09-24 14:21:30 [main] INFO  c.a.t.t.mockTests.EmptyDBTest -
                Started EmptyDBTest in 5.532 seconds (process running for 7.201)
2023-09-24 14:28:51 [main] INFO  c.a.t.t.mockTests.EmptyDBTest -
                Starting EmptyDBTest using Java 17.0.6 with PID 223398 (started by brian in /media/brian/Backup 22/Documents/Tablet Backup/Documents/Courses/Java/personal projects/TonsOfTacosV1.2/back-end/tons-of-tacos)
2023-09-24 14:28:51 [main] DEBUG c.a.t.t.mockTests.EmptyDBTest -
                Running with Spring Boot v3.0.1, Spring v6.0.3
2023-09-24 14:28:51 [main] INFO  c.a.t.t.mockTests.EmptyDBTest -
                No active profile set, falling back to 1 default profile: "default"
2023-09-24 14:28:56 [main] DEBUG c.a.t.config.security.JwtAuthFilter -
                Filter 'jwtAuthFilter' configured for use
2023-09-24 14:28:57 [main] INFO  c.a.t.t.mockTests.EmptyDBTest -
                Started EmptyDBTest in 5.558 seconds (process running for 7.335)
2023-09-24 14:30:53 [main] INFO  c.a.t.t.mockTests.EmptyDBTest -
                Starting EmptyDBTest using Java 17.0.6 with PID 223554 (started by brian in /media/brian/Backup 22/Documents/Tablet Backup/Documents/Courses/Java/personal projects/TonsOfTacosV1.2/back-end/tons-of-tacos)
2023-09-24 14:30:53 [main] DEBUG c.a.t.t.mockTests.EmptyDBTest -
                Running with Spring Boot v3.0.1, Spring v6.0.3
2023-09-24 14:30:53 [main] INFO  c.a.t.t.mockTests.EmptyDBTest -
                No active profile set, falling back to 1 default profile: "default"
2023-09-24 14:30:58 [main] DEBUG c.a.t.config.security.JwtAuthFilter -
                Filter 'jwtAuthFilter' configured for use
2023-09-24 14:30:59 [main] INFO  c.a.t.t.mockTests.EmptyDBTest -
                Started EmptyDBTest in 5.536 seconds (process running for 7.148)
2023-09-24 14:31:23 [main] INFO  c.a.t.t.mockTests.EmptyDBTest -
                Starting EmptyDBTest using Java 17.0.6 with PID 223688 (started by brian in /media/brian/Backup 22/Documents/Tablet Backup/Documents/Courses/Java/personal projects/TonsOfTacosV1.2/back-end/tons-of-tacos)
2023-09-24 14:31:23 [main] DEBUG c.a.t.t.mockTests.EmptyDBTest -
                Running with Spring Boot v3.0.1, Spring v6.0.3
2023-09-24 14:31:23 [main] INFO  c.a.t.t.mockTests.EmptyDBTest -
                No active profile set, falling back to 1 default profile: "default"
