2023-09-21 06:53:35 [main] INFO  c.a.t.t.mockTests.EmptyDBTest -
                Started EmptyDBTest in 2.296 seconds (process running for 3.257)
2023-09-21 06:55:27 [main] INFO  c.a.t.t.mockTests.EmptyDBTest -
                Starting EmptyDBTest using Java 17.0.6 with PID 107421 (started by brian in /media/brian/Backup 22/Documents/Tablet Backup/Documents/Courses/Java/personal projects/TonsOfTacosV1.2/back-end/tons-of-tacos)
2023-09-21 06:55:27 [main] DEBUG c.a.t.t.mockTests.EmptyDBTest -
                Running with Spring Boot v3.0.1, Spring v6.0.3
2023-09-21 06:55:27 [main] INFO  c.a.t.t.mockTests.EmptyDBTest -
                No active profile set, falling back to 1 default profile: "default"
2023-09-21 06:55:30 [main] INFO  c.a.t.t.mockTests.EmptyDBTest -
                Started EmptyDBTest in 2.401 seconds (process running for 3.454)
2023-09-21 06:56:54 [main] INFO  c.a.t.t.mockTests.EmptyDBTest -
                Starting EmptyDBTest using Java 17.0.6 with PID 107540 (started by brian in /media/brian/Backup 22/Documents/Tablet Backup/Documents/Courses/Java/personal projects/TonsOfTacosV1.2/back-end/tons-of-tacos)
2023-09-21 06:56:54 [main] DEBUG c.a.t.t.mockTests.EmptyDBTest -
                Running with Spring Boot v3.0.1, Spring v6.0.3
2023-09-21 06:56:54 [main] INFO  c.a.t.t.mockTests.EmptyDBTest -
                No active profile set, falling back to 1 default profile: "default"
2023-09-21 06:56:56 [main] INFO  c.a.t.t.mockTests.EmptyDBTest -
                Started EmptyDBTest in 2.184 seconds (process running for 3.184)
2023-09-21 07:06:49 [main] INFO  c.a.t.t.mockTests.EmptyDBTest -
                Starting EmptyDBTest using Java 17.0.6 with PID 107907 (started by brian in /media/brian/Backup 22/Documents/Tablet Backup/Documents/Courses/Java/personal projects/TonsOfTacosV1.2/back-end/tons-of-tacos)
2023-09-21 07:06:49 [main] DEBUG c.a.t.t.mockTests.EmptyDBTest -
                Running with Spring Boot v3.0.1, Spring v6.0.3
2023-09-21 07:06:49 [main] INFO  c.a.t.t.mockTests.EmptyDBTest -
                No active profile set, falling back to 1 default profile: "default"
2023-09-21 07:06:51 [main] INFO  c.a.t.t.mockTests.EmptyDBTest -
                Started EmptyDBTest in 2.289 seconds (process running for 3.368)
2023-09-21 07:11:10 [main] INFO  c.a.t.t.mockTests.EmptyDBTest -
                Starting EmptyDBTest using Java 17.0.6 with PID 108081 (started by brian in /media/brian/Backup 22/Documents/Tablet Backup/Documents/Courses/Java/personal projects/TonsOfTacosV1.2/back-end/tons-of-tacos)
2023-09-21 07:11:10 [main] DEBUG c.a.t.t.mockTests.EmptyDBTest -
                Running with Spring Boot v3.0.1, Spring v6.0.3
2023-09-21 07:11:10 [main] INFO  c.a.t.t.mockTests.EmptyDBTest -
                No active profile set, falling back to 1 default profile: "default"
2023-09-21 07:11:11 [main] INFO  c.a.t.t.mockTests.EmptyDBTest -
                Started EmptyDBTest in 1.764 seconds (process running for 3.235)
2023-09-21 07:11:41 [main] INFO  c.a.t.t.mockTests.EmptyDBTest -
                Starting EmptyDBTest using Java 17.0.6 with PID 108215 (started by brian in /media/brian/Backup 22/Documents/Tablet Backup/Documents/Courses/Java/personal projects/TonsOfTacosV1.2/back-end/tons-of-tacos)
2023-09-21 07:11:41 [main] DEBUG c.a.t.t.mockTests.EmptyDBTest -
                Running with Spring Boot v3.0.1, Spring v6.0.3
2023-09-21 07:11:41 [main] INFO  c.a.t.t.mockTests.EmptyDBTest -
                No active profile set, falling back to 1 default profile: "default"
2023-09-21 07:12:30 [main] INFO  c.a.t.t.mockTests.EmptyDBTest -
                Starting EmptyDBTest using Java 17.0.6 with PID 108355 (started by brian in /media/brian/Backup 22/Documents/Tablet Backup/Documents/Courses/Java/personal projects/TonsOfTacosV1.2/back-end/tons-of-tacos)
2023-09-21 07:12:30 [main] DEBUG c.a.t.t.mockTests.EmptyDBTest -
                Running with Spring Boot v3.0.1, Spring v6.0.3
2023-09-21 07:12:30 [main] INFO  c.a.t.t.mockTests.EmptyDBTest -
                No active profile set, falling back to 1 default profile: "default"
2023-09-21 07:12:32 [main] INFO  c.a.t.t.mockTests.EmptyDBTest -
                Started EmptyDBTest in 2.295 seconds (process running for 3.305)
2023-09-21 07:18:22 [main] INFO  c.a.t.t.mockTests.EmptyDBTest -
                Starting EmptyDBTest using Java 17.0.6 with PID 110068 (started by brian in /media/brian/Backup 22/Documents/Tablet Backup/Documents/Courses/Java/personal projects/TonsOfTacosV1.2/back-end/tons-of-tacos)
2023-09-21 07:18:22 [main] DEBUG c.a.t.t.mockTests.EmptyDBTest -
                Running with Spring Boot v3.0.1, Spring v6.0.3
2023-09-21 07:18:22 [main] INFO  c.a.t.t.mockTests.EmptyDBTest -
                No active profile set, falling back to 1 default profile: "default"
2023-09-21 07:18:24 [main] INFO  c.a.t.t.mockTests.EmptyDBTest -
                Started EmptyDBTest in 2.232 seconds (process running for 3.173)
2023-09-21 07:19:18 [main] INFO  c.a.t.t.mockTests.EmptyDBTest -
                Starting EmptyDBTest using Java 17.0.6 with PID 110173 (started by brian in /media/brian/Backup 22/Documents/Tablet Backup/Documents/Courses/Java/personal projects/TonsOfTacosV1.2/back-end/tons-of-tacos)
2023-09-21 07:19:18 [main] DEBUG c.a.t.t.mockTests.EmptyDBTest -
                Running with Spring Boot v3.0.1, Spring v6.0.3
2023-09-21 07:19:18 [main] INFO  c.a.t.t.mockTests.EmptyDBTest -
                No active profile set, falling back to 1 default profile: "default"
2023-09-21 07:19:20 [main] INFO  c.a.t.t.mockTests.EmptyDBTest -
                Started EmptyDBTest in 2.19 seconds (process running for 3.138)
2023-09-21 07:20:00 [main] INFO  c.a.t.t.mockTests.EmptyDBTest -
                Starting EmptyDBTest using Java 17.0.6 with PID 110406 (started by brian in /media/brian/Backup 22/Documents/Tablet Backup/Documents/Courses/Java/personal projects/TonsOfTacosV1.2/back-end/tons-of-tacos)
2023-09-21 07:20:00 [main] DEBUG c.a.t.t.mockTests.EmptyDBTest -
                Running with Spring Boot v3.0.1, Spring v6.0.3
2023-09-21 07:20:00 [main] INFO  c.a.t.t.mockTests.EmptyDBTest -
                No active profile set, falling back to 1 default profile: "default"
2023-09-21 07:20:02 [main] INFO  c.a.t.t.mockTests.EmptyDBTest -
                Started EmptyDBTest in 2.161 seconds (process running for 3.134)
2023-09-21 07:20:35 [main] INFO  c.a.t.t.mockTests.EmptyDBTest -
                Starting EmptyDBTest using Java 17.0.6 with PID 110513 (started by brian in /media/brian/Backup 22/Documents/Tablet Backup/Documents/Courses/Java/personal projects/TonsOfTacosV1.2/back-end/tons-of-tacos)
2023-09-21 07:20:35 [main] DEBUG c.a.t.t.mockTests.EmptyDBTest -
                Running with Spring Boot v3.0.1, Spring v6.0.3
2023-09-21 07:20:35 [main] INFO  c.a.t.t.mockTests.EmptyDBTest -
                No active profile set, falling back to 1 default profile: "default"
2023-09-21 07:20:37 [main] INFO  c.a.t.t.mockTests.EmptyDBTest -
                Started EmptyDBTest in 2.187 seconds (process running for 3.148)
2023-09-21 07:28:00 [main] INFO  c.a.t.t.mockTests.EmptyDBTest -
                Starting EmptyDBTest using Java 17.0.6 with PID 110664 (started by brian in /media/brian/Backup 22/Documents/Tablet Backup/Documents/Courses/Java/personal projects/TonsOfTacosV1.2/back-end/tons-of-tacos)
2023-09-21 07:28:00 [main] DEBUG c.a.t.t.mockTests.EmptyDBTest -
                Running with Spring Boot v3.0.1, Spring v6.0.3
2023-09-21 07:28:00 [main] INFO  c.a.t.t.mockTests.EmptyDBTest -
                No active profile set, falling back to 1 default profile: "default"
2023-09-21 07:28:02 [main] INFO  c.a.t.t.mockTests.EmptyDBTest -
                Started EmptyDBTest in 2.084 seconds (process running for 3.103)
2023-09-21 07:29:16 [main] INFO  c.a.t.t.mockTests.EmptyDBTest -
                Starting EmptyDBTest using Java 17.0.6 with PID 110782 (started by brian in /media/brian/Backup 22/Documents/Tablet Backup/Documents/Courses/Java/personal projects/TonsOfTacosV1.2/back-end/tons-of-tacos)
2023-09-21 07:29:16 [main] DEBUG c.a.t.t.mockTests.EmptyDBTest -
                Running with Spring Boot v3.0.1, Spring v6.0.3
2023-09-21 07:29:16 [main] INFO  c.a.t.t.mockTests.EmptyDBTest -
                No active profile set, falling back to 1 default profile: "default"
2023-09-21 07:29:18 [main] INFO  c.a.t.t.mockTests.EmptyDBTest -
                Started EmptyDBTest in 2.175 seconds (process running for 3.14)
2023-09-21 07:29:41 [main] INFO  c.a.t.t.mockTests.EmptyDBTest -
                Starting EmptyDBTest using Java 17.0.6 with PID 110892 (started by brian in /media/brian/Backup 22/Documents/Tablet Backup/Documents/Courses/Java/personal projects/TonsOfTacosV1.2/back-end/tons-of-tacos)
2023-09-21 07:29:41 [main] DEBUG c.a.t.t.mockTests.EmptyDBTest -
                Running with Spring Boot v3.0.1, Spring v6.0.3
2023-09-21 07:29:41 [main] INFO  c.a.t.t.mockTests.EmptyDBTest -
                No active profile set, falling back to 1 default profile: "default"
2023-09-21 07:29:43 [main] INFO  c.a.t.t.mockTests.EmptyDBTest -
                Started EmptyDBTest in 2.042 seconds (process running for 3.003)
2023-09-21 07:30:47 [main] INFO  c.a.t.t.mockTests.EmptyDBTest -
                Starting EmptyDBTest using Java 17.0.6 with PID 111014 (started by brian in /media/brian/Backup 22/Documents/Tablet Backup/Documents/Courses/Java/personal projects/TonsOfTacosV1.2/back-end/tons-of-tacos)
2023-09-21 07:30:47 [main] DEBUG c.a.t.t.mockTests.EmptyDBTest -
                Running with Spring Boot v3.0.1, Spring v6.0.3
2023-09-21 07:30:47 [main] INFO  c.a.t.t.mockTests.EmptyDBTest -
                No active profile set, falling back to 1 default profile: "default"
2023-09-21 07:30:49 [main] INFO  c.a.t.t.mockTests.EmptyDBTest -
                Started EmptyDBTest in 2.075 seconds (process running for 3.032)
2023-09-21 07:33:16 [main] INFO  c.a.t.t.mockTests.EmptyDBTest -
                Starting EmptyDBTest using Java 17.0.6 with PID 111188 (started by brian in /media/brian/Backup 22/Documents/Tablet Backup/Documents/Courses/Java/personal projects/TonsOfTacosV1.2/back-end/tons-of-tacos)
2023-09-21 07:33:16 [main] DEBUG c.a.t.t.mockTests.EmptyDBTest -
                Running with Spring Boot v3.0.1, Spring v6.0.3
2023-09-21 07:33:16 [main] INFO  c.a.t.t.mockTests.EmptyDBTest -
                No active profile set, falling back to 1 default profile: "default"
