2023-09-26 21:20:09 [http-nio-8080-exec-2] DEBUG c.a.t.e.GlobalExceptionHandler -
                {status code=401 UNAUTHORIZED, message=Bad credentials. username: m)Km7y{f0~nd$,hvNLOw0.F5FlP5u?5 password: ?aNwlfCd7glf(E&r)lLr}W?fT#Ld?aFw_ic, uri=/api/owners-tools/login, timestamp=Tue, 26 Sep 2023 21:20:09 -0700}
2023-09-26 21:34:36 [main] INFO  c.a.t.TonsOfTacosApplication -
                Starting TonsOfTacosApplication using Java 17.0.6 with PID 320999 (/media/brian/Backup 22/Documents/Tablet Backup/Documents/Courses/Java/personal projects/TonsOfTacosV1.2/back-end/tons-of-tacos/target/classes started by brian in /media/brian/Backup 22/Documents/Tablet Backup/Documents/Courses/Java/personal projects/TonsOfTacosV1.2/back-end/tons-of-tacos)
2023-09-26 21:34:36 [main] DEBUG c.a.t.TonsOfTacosApplication -
                Running with Spring Boot v3.0.1, Spring v6.0.3
2023-09-26 21:34:36 [main] INFO  c.a.t.TonsOfTacosApplication -
                No active profile set, falling back to 1 default profile: "default"
2023-09-26 21:34:39 [main] DEBUG c.a.t.config.security.JwtAuthFilter -
                Filter 'jwtAuthFilter' configured for use
2023-09-26 21:34:40 [main] INFO  c.a.t.TonsOfTacosApplication -
                Started TonsOfTacosApplication in 4.748 seconds (process running for 5.208)
2023-09-26 21:40:54 [main] INFO  c.a.t.t.mockTests.CustomersDBTests -
                Starting CustomersDBTests using Java 17.0.6 with PID 321389 (started by brian in /media/brian/Backup 22/Documents/Tablet Backup/Documents/Courses/Java/personal projects/TonsOfTacosV1.2/back-end/tons-of-tacos)
2023-09-26 21:40:54 [main] DEBUG c.a.t.t.mockTests.CustomersDBTests -
                Running with Spring Boot v3.0.1, Spring v6.0.3
2023-09-26 21:40:54 [main] INFO  c.a.t.t.mockTests.CustomersDBTests -
                No active profile set, falling back to 1 default profile: "default"
2023-09-26 21:40:59 [main] DEBUG c.a.t.config.security.JwtAuthFilter -
                Filter 'jwtAuthFilter' configured for use
2023-09-26 21:41:00 [main] INFO  c.a.t.t.mockTests.CustomersDBTests -
                Started CustomersDBTests in 5.989 seconds (process running for 7.5)
2023-09-26 21:41:00 [main] DEBUG c.a.t.e.GlobalExceptionHandler -
                {status code=404 NOT_FOUND, message=No customers found. Verify database integrity., uri=/api/owners-tools/customers/get-customers, timestamp=Tue, 26 Sep 2023 21:41:00 -0700}
2023-09-26 21:52:23 [main] INFO  c.a.t.t.mockTests.CustomersDBTests -
                Starting CustomersDBTests using Java 17.0.6 with PID 321629 (started by brian in /media/brian/Backup 22/Documents/Tablet Backup/Documents/Courses/Java/personal projects/TonsOfTacosV1.2/back-end/tons-of-tacos)
2023-09-26 21:52:23 [main] DEBUG c.a.t.t.mockTests.CustomersDBTests -
                Running with Spring Boot v3.0.1, Spring v6.0.3
2023-09-26 21:52:23 [main] INFO  c.a.t.t.mockTests.CustomersDBTests -
                No active profile set, falling back to 1 default profile: "default"
2023-09-26 21:52:28 [main] DEBUG c.a.t.config.security.JwtAuthFilter -
                Filter 'jwtAuthFilter' configured for use
2023-09-26 21:52:29 [main] INFO  c.a.t.t.mockTests.CustomersDBTests -
                Started CustomersDBTests in 6.055 seconds (process running for 7.502)
2023-09-26 21:55:15 [main] INFO  c.a.t.TonsOfTacosApplication -
                Starting TonsOfTacosApplication using Java 17.0.6 with PID 321790 (/media/brian/Backup 22/Documents/Tablet Backup/Documents/Courses/Java/personal projects/TonsOfTacosV1.2/back-end/tons-of-tacos/target/classes started by brian in /media/brian/Backup 22/Documents/Tablet Backup/Documents/Courses/Java/personal projects/TonsOfTacosV1.2/back-end/tons-of-tacos)
2023-09-26 21:55:15 [main] DEBUG c.a.t.TonsOfTacosApplication -
                Running with Spring Boot v3.0.1, Spring v6.0.3
2023-09-26 21:55:15 [main] INFO  c.a.t.TonsOfTacosApplication -
                No active profile set, falling back to 1 default profile: "default"
2023-09-26 21:55:19 [main] DEBUG c.a.t.config.security.JwtAuthFilter -
                Filter 'jwtAuthFilter' configured for use
2023-09-26 21:55:19 [main] INFO  c.a.t.TonsOfTacosApplication -
                Started TonsOfTacosApplication in 4.81 seconds (process running for 5.215)
2023-09-26 21:56:27 [main] INFO  c.a.t.t.mockTests.OrdersDBTests -
                Starting OrdersDBTests using Java 17.0.6 with PID 321963 (started by brian in /media/brian/Backup 22/Documents/Tablet Backup/Documents/Courses/Java/personal projects/TonsOfTacosV1.2/back-end/tons-of-tacos)
2023-09-26 21:56:27 [main] DEBUG c.a.t.t.mockTests.OrdersDBTests -
                Running with Spring Boot v3.0.1, Spring v6.0.3
2023-09-26 21:56:27 [main] INFO  c.a.t.t.mockTests.OrdersDBTests -
                No active profile set, falling back to 1 default profile: "default"
2023-09-26 21:56:32 [main] DEBUG c.a.t.config.security.JwtAuthFilter -
                Filter 'jwtAuthFilter' configured for use
2023-09-26 21:56:33 [main] INFO  c.a.t.t.mockTests.OrdersDBTests -
                Started OrdersDBTests in 5.849 seconds (process running for 7.307)
2023-09-26 21:57:09 [main] INFO  c.a.t.t.mockTests.OrdersDBTests -
                Starting OrdersDBTests using Java 17.0.6 with PID 322109 (started by brian in /media/brian/Backup 22/Documents/Tablet Backup/Documents/Courses/Java/personal projects/TonsOfTacosV1.2/back-end/tons-of-tacos)
2023-09-26 21:57:09 [main] DEBUG c.a.t.t.mockTests.OrdersDBTests -
                Running with Spring Boot v3.0.1, Spring v6.0.3
2023-09-26 21:57:09 [main] INFO  c.a.t.t.mockTests.OrdersDBTests -
                No active profile set, falling back to 1 default profile: "default"
2023-09-26 21:57:13 [main] DEBUG c.a.t.config.security.JwtAuthFilter -
                Filter 'jwtAuthFilter' configured for use
2023-09-26 21:57:14 [main] INFO  c.a.t.t.mockTests.OrdersDBTests -
                Started OrdersDBTests in 5.611 seconds (process running for 7.107)
2023-09-26 22:01:11 [main] INFO  c.a.t.t.mockTests.OrdersDBTests -
                Starting OrdersDBTests using Java 17.0.6 with PID 322366 (started by brian in /media/brian/Backup 22/Documents/Tablet Backup/Documents/Courses/Java/personal projects/TonsOfTacosV1.2/back-end/tons-of-tacos)
2023-09-26 22:01:11 [main] DEBUG c.a.t.t.mockTests.OrdersDBTests -
                Running with Spring Boot v3.0.1, Spring v6.0.3
2023-09-26 22:01:11 [main] INFO  c.a.t.t.mockTests.OrdersDBTests -
                No active profile set, falling back to 1 default profile: "default"
2023-09-26 22:01:16 [main] DEBUG c.a.t.config.security.JwtAuthFilter -
                Filter 'jwtAuthFilter' configured for use
2023-09-26 22:01:17 [main] INFO  c.a.t.t.mockTests.OrdersDBTests -
                Started OrdersDBTests in 5.58 seconds (process running for 7.039)
2023-09-26 22:05:48 [main] INFO  c.a.t.t.mockTests.OrdersDBTests -
                Starting OrdersDBTests using Java 17.0.6 with PID 322598 (started by brian in /media/brian/Backup 22/Documents/Tablet Backup/Documents/Courses/Java/personal projects/TonsOfTacosV1.2/back-end/tons-of-tacos)
2023-09-26 22:05:48 [main] DEBUG c.a.t.t.mockTests.OrdersDBTests -
                Running with Spring Boot v3.0.1, Spring v6.0.3
2023-09-26 22:05:48 [main] INFO  c.a.t.t.mockTests.OrdersDBTests -
                No active profile set, falling back to 1 default profile: "default"
2023-09-26 22:05:52 [main] DEBUG c.a.t.config.security.JwtAuthFilter -
                Filter 'jwtAuthFilter' configured for use
2023-09-26 22:05:53 [main] INFO  c.a.t.t.mockTests.OrdersDBTests -
                Started OrdersDBTests in 5.503 seconds (process running for 7.054)
2023-09-26 22:06:22 [main] INFO  c.a.t.t.mockTests.OrdersDBTests -
                Starting OrdersDBTests using Java 17.0.6 with PID 322719 (started by brian in /media/brian/Backup 22/Documents/Tablet Backup/Documents/Courses/Java/personal projects/TonsOfTacosV1.2/back-end/tons-of-tacos)
2023-09-26 22:06:22 [main] DEBUG c.a.t.t.mockTests.OrdersDBTests -
                Running with Spring Boot v3.0.1, Spring v6.0.3
2023-09-26 22:06:22 [main] INFO  c.a.t.t.mockTests.OrdersDBTests -
                No active profile set, falling back to 1 default profile: "default"
2023-09-26 22:06:27 [main] DEBUG c.a.t.config.security.JwtAuthFilter -
                Filter 'jwtAuthFilter' configured for use
2023-09-26 22:06:28 [main] INFO  c.a.t.t.mockTests.OrdersDBTests -
                Started OrdersDBTests in 5.478 seconds (process running for 7.137)
2023-09-26 22:07:36 [main] INFO  c.a.t.t.mockTests.OrdersDBTests -
                Starting OrdersDBTests using Java 17.0.6 with PID 322895 (started by brian in /media/brian/Backup 22/Documents/Tablet Backup/Documents/Courses/Java/personal projects/TonsOfTacosV1.2/back-end/tons-of-tacos)
2023-09-26 22:07:36 [main] DEBUG c.a.t.t.mockTests.OrdersDBTests -
                Running with Spring Boot v3.0.1, Spring v6.0.3
2023-09-26 22:07:36 [main] INFO  c.a.t.t.mockTests.OrdersDBTests -
                No active profile set, falling back to 1 default profile: "default"
2023-09-26 22:07:40 [main] DEBUG c.a.t.config.security.JwtAuthFilter -
                Filter 'jwtAuthFilter' configured for use
2023-09-26 22:07:41 [main] INFO  c.a.t.t.mockTests.OrdersDBTests -
                Started OrdersDBTests in 5.51 seconds (process running for 7.093)
2023-09-26 22:10:33 [main] INFO  c.a.t.t.mockTests.OrdersDBTests -
                Starting OrdersDBTests using Java 17.0.6 with PID 323216 (started by brian in /media/brian/Backup 22/Documents/Tablet Backup/Documents/Courses/Java/personal projects/TonsOfTacosV1.2/back-end/tons-of-tacos)
2023-09-26 22:10:33 [main] DEBUG c.a.t.t.mockTests.OrdersDBTests -
                Running with Spring Boot v3.0.1, Spring v6.0.3
2023-09-26 22:10:33 [main] INFO  c.a.t.t.mockTests.OrdersDBTests -
                No active profile set, falling back to 1 default profile: "default"
2023-09-26 22:10:37 [main] DEBUG c.a.t.config.security.JwtAuthFilter -
                Filter 'jwtAuthFilter' configured for use
2023-09-26 22:10:38 [main] INFO  c.a.t.t.mockTests.OrdersDBTests -
                Started OrdersDBTests in 5.41 seconds (process running for 7.024)
2023-09-26 22:12:52 [main] INFO  c.a.t.t.m.O.NonEmptyTests -
                Starting NonEmptyTests using Java 17.0.6 with PID 323396 (started by brian in /media/brian/Backup 22/Documents/Tablet Backup/Documents/Courses/Java/personal projects/TonsOfTacosV1.2/back-end/tons-of-tacos)
2023-09-26 22:12:52 [main] DEBUG c.a.t.t.m.O.NonEmptyTests -
                Running with Spring Boot v3.0.1, Spring v6.0.3
2023-09-26 22:12:52 [main] INFO  c.a.t.t.m.O.NonEmptyTests -
                No active profile set, falling back to 1 default profile: "default"
