2023-09-26 17:40:54 [main] DEBUG c.a.t.config.security.JwtAuthFilter -
                Filter 'jwtAuthFilter' configured for use
2023-09-26 17:40:56 [main] INFO  c.a.t.t.s.o.CreateOrderTests$testThatDoesNotPolluteTheApplicationContextUris -
                Started CreateOrderTests.testThatDoesNotPolluteTheApplicationContextUris in 13.515 seconds (process running for 17.27)
2023-09-26 17:42:05 [main] INFO  c.a.t.t.s.o.CreateOrderTests$testThatDoesNotPolluteTheApplicationContextUris -
                Starting CreateOrderTests.testThatDoesNotPolluteTheApplicationContextUris using Java 17.0.7 with PID 12986 (started by josie in /media/josie/Backup 1/2016/Documents/Tablet Backup/Documents/Courses/Java/personal projects/TonsOfTacosV1.2/back-end/tons-of-tacos)
2023-09-26 17:42:05 [main] DEBUG c.a.t.t.s.o.CreateOrderTests$testThatDoesNotPolluteTheApplicationContextUris -
                Running with Spring Boot v3.0.1, Spring v6.0.3
2023-09-26 17:42:05 [main] INFO  c.a.t.t.s.o.CreateOrderTests$testThatDoesNotPolluteTheApplicationContextUris -
                No active profile set, falling back to 1 default profile: "default"
2023-09-26 17:42:18 [main] DEBUG c.a.t.config.security.JwtAuthFilter -
                Filter 'jwtAuthFilter' configured for use
2023-09-26 17:42:20 [main] INFO  c.a.t.t.s.o.CreateOrderTests$testThatDoesNotPolluteTheApplicationContextUris -
                Started CreateOrderTests.testThatDoesNotPolluteTheApplicationContextUris in 15.519 seconds (process running for 19.452)
2023-09-26 17:43:46 [main] INFO  c.a.t.t.s.o.CreateOrderTests$testThatDoesNotPolluteTheApplicationContextUris -
                Starting CreateOrderTests.testThatDoesNotPolluteTheApplicationContextUris using Java 17.0.7 with PID 13090 (started by josie in /media/josie/Backup 1/2016/Documents/Tablet Backup/Documents/Courses/Java/personal projects/TonsOfTacosV1.2/back-end/tons-of-tacos)
2023-09-26 17:43:46 [main] DEBUG c.a.t.t.s.o.CreateOrderTests$testThatDoesNotPolluteTheApplicationContextUris -
                Running with Spring Boot v3.0.1, Spring v6.0.3
2023-09-26 17:43:46 [main] INFO  c.a.t.t.s.o.CreateOrderTests$testThatDoesNotPolluteTheApplicationContextUris -
                No active profile set, falling back to 1 default profile: "default"
2023-09-26 17:43:57 [main] DEBUG c.a.t.config.security.JwtAuthFilter -
                Filter 'jwtAuthFilter' configured for use
2023-09-26 17:43:59 [main] INFO  c.a.t.t.s.o.CreateOrderTests$testThatDoesNotPolluteTheApplicationContextUris -
                Started CreateOrderTests.testThatDoesNotPolluteTheApplicationContextUris in 13.49 seconds (process running for 17.231)
2023-09-26 17:45:29 [main] INFO  c.a.t.t.s.o.CreateOrderTests$testThatDoesNotPolluteTheApplicationContextUris -
                Starting CreateOrderTests.testThatDoesNotPolluteTheApplicationContextUris using Java 17.0.7 with PID 13182 (started by josie in /media/josie/Backup 1/2016/Documents/Tablet Backup/Documents/Courses/Java/personal projects/TonsOfTacosV1.2/back-end/tons-of-tacos)
2023-09-26 17:45:29 [main] DEBUG c.a.t.t.s.o.CreateOrderTests$testThatDoesNotPolluteTheApplicationContextUris -
                Running with Spring Boot v3.0.1, Spring v6.0.3
2023-09-26 17:45:29 [main] INFO  c.a.t.t.s.o.CreateOrderTests$testThatDoesNotPolluteTheApplicationContextUris -
                No active profile set, falling back to 1 default profile: "default"
2023-09-26 17:45:40 [main] DEBUG c.a.t.config.security.JwtAuthFilter -
                Filter 'jwtAuthFilter' configured for use
2023-09-26 17:45:43 [main] INFO  c.a.t.t.s.o.CreateOrderTests$testThatDoesNotPolluteTheApplicationContextUris -
                Started CreateOrderTests.testThatDoesNotPolluteTheApplicationContextUris in 14.504 seconds (process running for 18.431)
2023-09-26 17:46:20 [main] INFO  c.a.t.t.s.o.CreateOrderTests$testThatDoesNotPolluteTheApplicationContextUris -
                Starting CreateOrderTests.testThatDoesNotPolluteTheApplicationContextUris using Java 17.0.7 with PID 13278 (started by josie in /media/josie/Backup 1/2016/Documents/Tablet Backup/Documents/Courses/Java/personal projects/TonsOfTacosV1.2/back-end/tons-of-tacos)
2023-09-26 17:46:20 [main] DEBUG c.a.t.t.s.o.CreateOrderTests$testThatDoesNotPolluteTheApplicationContextUris -
                Running with Spring Boot v3.0.1, Spring v6.0.3
2023-09-26 17:46:20 [main] INFO  c.a.t.t.s.o.CreateOrderTests$testThatDoesNotPolluteTheApplicationContextUris -
                No active profile set, falling back to 1 default profile: "default"
2023-09-26 17:46:31 [main] DEBUG c.a.t.config.security.JwtAuthFilter -
                Filter 'jwtAuthFilter' configured for use
2023-09-26 17:46:33 [main] INFO  c.a.t.t.s.o.CreateOrderTests$testThatDoesNotPolluteTheApplicationContextUris -
                Started CreateOrderTests.testThatDoesNotPolluteTheApplicationContextUris in 14.165 seconds (process running for 17.893)
2023-09-26 17:46:54 [main] INFO  c.a.t.t.s.o.CreateOrderTests$testThatDoesNotPolluteTheApplicationContextUris -
                Starting CreateOrderTests.testThatDoesNotPolluteTheApplicationContextUris using Java 17.0.7 with PID 13367 (started by josie in /media/josie/Backup 1/2016/Documents/Tablet Backup/Documents/Courses/Java/personal projects/TonsOfTacosV1.2/back-end/tons-of-tacos)
2023-09-26 17:46:54 [main] DEBUG c.a.t.t.s.o.CreateOrderTests$testThatDoesNotPolluteTheApplicationContextUris -
                Running with Spring Boot v3.0.1, Spring v6.0.3
2023-09-26 17:46:54 [main] INFO  c.a.t.t.s.o.CreateOrderTests$testThatDoesNotPolluteTheApplicationContextUris -
                No active profile set, falling back to 1 default profile: "default"
2023-09-26 17:47:05 [main] DEBUG c.a.t.config.security.JwtAuthFilter -
                Filter 'jwtAuthFilter' configured for use
2023-09-26 17:47:07 [main] INFO  c.a.t.t.s.o.CreateOrderTests$testThatDoesNotPolluteTheApplicationContextUris -
                Started CreateOrderTests.testThatDoesNotPolluteTheApplicationContextUris in 13.931 seconds (process running for 17.668)
2023-09-26 17:50:13 [main] INFO  c.a.t.t.s.o.CreateOrderTests$testThatDoesNotPolluteTheApplicationContextUris -
                Starting CreateOrderTests.testThatDoesNotPolluteTheApplicationContextUris using Java 17.0.7 with PID 13464 (started by josie in /media/josie/Backup 1/2016/Documents/Tablet Backup/Documents/Courses/Java/personal projects/TonsOfTacosV1.2/back-end/tons-of-tacos)
2023-09-26 17:50:13 [main] DEBUG c.a.t.t.s.o.CreateOrderTests$testThatDoesNotPolluteTheApplicationContextUris -
                Running with Spring Boot v3.0.1, Spring v6.0.3
2023-09-26 17:50:13 [main] INFO  c.a.t.t.s.o.CreateOrderTests$testThatDoesNotPolluteTheApplicationContextUris -
                No active profile set, falling back to 1 default profile: "default"
2023-09-26 17:50:24 [main] DEBUG c.a.t.config.security.JwtAuthFilter -
                Filter 'jwtAuthFilter' configured for use
2023-09-26 17:50:26 [main] INFO  c.a.t.t.s.o.CreateOrderTests$testThatDoesNotPolluteTheApplicationContextUris -
                Started CreateOrderTests.testThatDoesNotPolluteTheApplicationContextUris in 14.12 seconds (process running for 17.776)
2023-09-26 17:53:58 [main] INFO  c.a.t.t.s.o.CreateOrderTests$testThatDoesNotPolluteTheApplicationContextUris -
                Starting CreateOrderTests.testThatDoesNotPolluteTheApplicationContextUris using Java 17.0.7 with PID 13638 (started by josie in /media/josie/Backup 1/2016/Documents/Tablet Backup/Documents/Courses/Java/personal projects/TonsOfTacosV1.2/back-end/tons-of-tacos)
2023-09-26 17:53:58 [main] DEBUG c.a.t.t.s.o.CreateOrderTests$testThatDoesNotPolluteTheApplicationContextUris -
                Running with Spring Boot v3.0.1, Spring v6.0.3
2023-09-26 17:53:58 [main] INFO  c.a.t.t.s.o.CreateOrderTests$testThatDoesNotPolluteTheApplicationContextUris -
                No active profile set, falling back to 1 default profile: "default"
2023-09-26 17:54:10 [main] DEBUG c.a.t.config.security.JwtAuthFilter -
                Filter 'jwtAuthFilter' configured for use
2023-09-26 17:54:12 [main] INFO  c.a.t.t.s.o.CreateOrderTests$testThatDoesNotPolluteTheApplicationContextUris -
                Started CreateOrderTests.testThatDoesNotPolluteTheApplicationContextUris in 14.041 seconds (process running for 17.872)
2023-09-26 17:55:15 [main] INFO  c.a.t.t.s.o.CreateOrderTests$testThatDoesNotPolluteTheApplicationContextUris -
                Starting CreateOrderTests.testThatDoesNotPolluteTheApplicationContextUris using Java 17.0.7 with PID 13732 (started by josie in /media/josie/Backup 1/2016/Documents/Tablet Backup/Documents/Courses/Java/personal projects/TonsOfTacosV1.2/back-end/tons-of-tacos)
2023-09-26 17:55:15 [main] DEBUG c.a.t.t.s.o.CreateOrderTests$testThatDoesNotPolluteTheApplicationContextUris -
                Running with Spring Boot v3.0.1, Spring v6.0.3
2023-09-26 17:55:15 [main] INFO  c.a.t.t.s.o.CreateOrderTests$testThatDoesNotPolluteTheApplicationContextUris -
                No active profile set, falling back to 1 default profile: "default"
2023-09-26 17:55:26 [main] DEBUG c.a.t.config.security.JwtAuthFilter -
                Filter 'jwtAuthFilter' configured for use
2023-09-26 17:55:28 [main] INFO  c.a.t.t.s.o.CreateOrderTests$testThatDoesNotPolluteTheApplicationContextUris -
                Started CreateOrderTests.testThatDoesNotPolluteTheApplicationContextUris in 13.85 seconds (process running for 17.552)
2023-09-26 17:56:52 [main] INFO  c.a.t.t.s.o.CreateOrderTests$testThatDoesNotPolluteTheApplicationContextUris -
                Starting CreateOrderTests.testThatDoesNotPolluteTheApplicationContextUris using Java 17.0.7 with PID 13829 (started by josie in /media/josie/Backup 1/2016/Documents/Tablet Backup/Documents/Courses/Java/personal projects/TonsOfTacosV1.2/back-end/tons-of-tacos)
2023-09-26 17:56:52 [main] DEBUG c.a.t.t.s.o.CreateOrderTests$testThatDoesNotPolluteTheApplicationContextUris -
                Running with Spring Boot v3.0.1, Spring v6.0.3
2023-09-26 17:56:52 [main] INFO  c.a.t.t.s.o.CreateOrderTests$testThatDoesNotPolluteTheApplicationContextUris -
                No active profile set, falling back to 1 default profile: "default"
2023-09-26 17:57:03 [main] DEBUG c.a.t.config.security.JwtAuthFilter -
                Filter 'jwtAuthFilter' configured for use
