2023-08-19 05:40:53 [main] INFO  c.a.t.TonsOfTacosApplication -
                Starting TonsOfTacosApplication using Java 17.0.1 with PID 35691 (/media/brian/Backup 2/Documents/Tablet Backup/Documents/Courses/Java/personal projects/TonsOfTacosV1.2/back-end/tons-of-tacos/target/classes started by brian in /media/brian/Backup 2/Documents/Tablet Backup/Documents/Courses/Java/personal projects/TonsOfTacosV1.2/back-end/tons-of-tacos)
2023-08-19 05:40:53 [main] DEBUG c.a.t.TonsOfTacosApplication -
                Running with Spring Boot v3.0.1, Spring v6.0.3
2023-08-19 05:40:53 [main] INFO  c.a.t.TonsOfTacosApplication -
                No active profile set, falling back to 1 default profile: "default"
2023-08-19 05:40:56 [main] DEBUG c.a.t.config.security.JwtAuthFilter -
                Filter 'jwtAuthFilter' configured for use
2023-08-19 05:40:57 [main] INFO  c.a.t.TonsOfTacosApplication -
                Started TonsOfTacosApplication in 5.063 seconds (process running for 5.561)
2023-08-19 06:49:24 [main] INFO  c.a.t.t.s.o.o.GetAllOrdersTests$testThatDoesNotPolluteTheApplicationContextUris -
                Starting GetAllOrdersTests.testThatDoesNotPolluteTheApplicationContextUris using Java 17.0.1 with PID 36099 (started by brian in /media/brian/Backup 2/Documents/Tablet Backup/Documents/Courses/Java/personal projects/TonsOfTacosV1.2/back-end/tons-of-tacos)
2023-08-19 06:49:24 [main] DEBUG c.a.t.t.s.o.o.GetAllOrdersTests$testThatDoesNotPolluteTheApplicationContextUris -
                Running with Spring Boot v3.0.1, Spring v6.0.3
2023-08-19 06:49:24 [main] INFO  c.a.t.t.s.o.o.GetAllOrdersTests$testThatDoesNotPolluteTheApplicationContextUris -
                No active profile set, falling back to 1 default profile: "default"
2023-08-19 06:49:29 [main] DEBUG c.a.t.config.security.JwtAuthFilter -
                Filter 'jwtAuthFilter' configured for use
2023-08-19 06:49:30 [main] INFO  c.a.t.t.s.o.o.GetAllOrdersTests$testThatDoesNotPolluteTheApplicationContextUris -
                Started GetAllOrdersTests.testThatDoesNotPolluteTheApplicationContextUris in 6.265 seconds (process running for 7.588)
2023-08-19 06:49:31 [main] INFO  c.a.t.t.s.m.GetMenuItemsByCategoryTests$testThatDoesNotPolluteTheApplicationContextUris -
                Starting GetMenuItemsByCategoryTests.testThatDoesNotPolluteTheApplicationContextUris using Java 17.0.1 with PID 36099 (started by brian in /media/brian/Backup 2/Documents/Tablet Backup/Documents/Courses/Java/personal projects/TonsOfTacosV1.2/back-end/tons-of-tacos)
2023-08-19 06:49:31 [main] DEBUG c.a.t.t.s.m.GetMenuItemsByCategoryTests$testThatDoesNotPolluteTheApplicationContextUris -
                Running with Spring Boot v3.0.1, Spring v6.0.3
2023-08-19 06:49:31 [main] INFO  c.a.t.t.s.m.GetMenuItemsByCategoryTests$testThatDoesNotPolluteTheApplicationContextUris -
                No active profile set, falling back to 1 default profile: "default"
2023-08-19 06:49:32 [main] DEBUG c.a.t.config.security.JwtAuthFilter -
                Filter 'jwtAuthFilter' configured for use
2023-08-19 06:49:32 [main] INFO  c.a.t.t.s.m.GetMenuItemsByCategoryTests$testThatDoesNotPolluteTheApplicationContextUris -
                Started GetMenuItemsByCategoryTests.testThatDoesNotPolluteTheApplicationContextUris in 1.208 seconds (process running for 9.96)
2023-08-19 06:49:32 [http-nio-auto-2-exec-2] DEBUG c.a.t.e.GlobalExceptionHandler -
                {status code=404 NOT_FOUND, message=You have chosen a category that does not exist. Please check your spelling and formatting., uri=/api/menu/category, timestamp=Sat, 19 Aug 2023 06:49:32 -0700}
2023-08-19 06:49:33 [http-nio-auto-2-exec-8] DEBUG c.a.t.e.GlobalExceptionHandler -
                {status code=404 NOT_FOUND, message=No customer with that id found., uri=/api/owners-tools/customers/edit-customer-phone/14/555.555.5156, timestamp=Sat, 19 Aug 2023 06:49:33 -0700}
2023-08-19 06:49:33 [http-nio-auto-2-exec-1] DEBUG c.a.t.e.GlobalExceptionHandler -
                {status code=404 NOT_FOUND, message=Customer with that id not found., uri=/api/owners-tools/customers/get-customer/customerId, timestamp=Sat, 19 Aug 2023 06:49:33 -0700}
2023-08-19 06:49:33 [http-nio-auto-2-exec-3] DEBUG c.a.t.e.GlobalExceptionHandler -
                {status code=404 NOT_FOUND, message=Customer does not exist. Double check the id., uri=/api/owners-tools/customers/delete-customer/85, timestamp=Sat, 19 Aug 2023 06:49:33 -0700}
2023-08-19 06:49:33 [http-nio-auto-2-exec-5] DEBUG c.a.t.e.GlobalExceptionHandler -
                {status code=404 NOT_FOUND, message=You have chosen a menu item that does not exist., uri=/api/menu/id, timestamp=Sat, 19 Aug 2023 06:49:33 -0700}
2023-08-19 06:49:33 [http-nio-auto-2-exec-7] DEBUG c.a.t.e.GlobalExceptionHandler -
                {status code=404 NOT_FOUND, message=Order item not updated. Verify order item is part of order., uri=/api/owners-tools/orders/update-order-item/1/88/2, timestamp=Sat, 19 Aug 2023 06:49:33 -0700}
2023-08-19 06:49:33 [http-nio-auto-2-exec-9] DEBUG c.a.t.e.GlobalExceptionHandler -
                {status code=400 BAD_REQUEST, message=We were unable to process your request. Please contact us when trying to order more than 10 of any given item., uri=/api/owners-tools/orders/update-order-item/1/3/12, timestamp=Sat, 19 Aug 2023 06:49:33 -0700}
2023-08-19 06:49:34 [http-nio-auto-2-exec-5] DEBUG c.a.t.e.GlobalExceptionHandler -
                {status code=404 NOT_FOUND, message=Unable to find com.adamstraub.tonsoftacos.entities.Orders with id 77, uri=/api/owners-tools/orders/update-order-item/77/3/2, timestamp=Sat, 19 Aug 2023 06:49:34 -0700}
2023-08-19 06:49:34 [http-nio-auto-2-exec-9] DEBUG c.a.t.e.GlobalExceptionHandler -
                {status code=404 NOT_FOUND, message=Order with that id does not exist. Please verify id and try again., uri=/api/owners-tools/orders/get-order/orderId, timestamp=Sat, 19 Aug 2023 06:49:34 -0700}
2023-08-19 06:49:34 [http-nio-auto-2-exec-2] DEBUG c.a.t.e.GlobalExceptionHandler -
                {status code=404 NOT_FOUND, message=Order with that id does not exist. Please verify id and try again., uri=/api/owners-tools/orders/get-order/orderId, timestamp=Sat, 19 Aug 2023 06:49:34 -0700}
2023-08-19 06:49:34 [http-nio-auto-2-exec-4] DEBUG c.a.t.e.GlobalExceptionHandler -
                {status code=404 NOT_FOUND, message=Can not delete order. Verify order id., uri=/api/owners-tools/orders/delete-order/78, timestamp=Sat, 19 Aug 2023 06:49:34 -0700}
2023-08-19 06:49:34 [http-nio-auto-2-exec-6] DEBUG c.a.t.e.GlobalExceptionHandler -
                {status code=404 NOT_FOUND, message=Customer with that id not found., uri=/api/owners-tools/customers/get-customer/customerId, timestamp=Sat, 19 Aug 2023 06:49:34 -0700}
2023-08-19 06:49:34 [http-nio-auto-2-exec-2] DEBUG c.a.t.e.GlobalExceptionHandler -
                {status code=404 NOT_FOUND, message=No customer found by that name. Please check your spelling and formatting., uri=/api/owners-tools/customers/get-customer/name, timestamp=Sat, 19 Aug 2023 06:49:34 -0700}
2023-08-19 06:49:35 [http-nio-auto-2-exec-4] DEBUG c.a.t.e.GlobalExceptionHandler -
                {status code=404 NOT_FOUND, message=Menu item can not be added to order. Verify order id., uri=/api/owners-tools/orders/add-to-order/78/2/2, timestamp=Sat, 19 Aug 2023 06:49:35 -0700}
2023-08-19 06:49:35 [http-nio-auto-2-exec-6] DEBUG c.a.t.e.GlobalExceptionHandler -
                {status code=404 NOT_FOUND, message=Menu item can not be added to order. Verify menu item id., uri=/api/owners-tools/orders/add-to-order/1/66/2, timestamp=Sat, 19 Aug 2023 06:49:35 -0700}
2023-08-19 06:49:35 [http-nio-auto-2-exec-4] DEBUG c.a.t.e.GlobalExceptionHandler -
                {status code=404 NOT_FOUND, message=No order found with that UID. Please verify and try again., uri=/api/owners-tools/orders/get-order/orderUid, timestamp=Sat, 19 Aug 2023 06:49:35 -0700}
2023-08-19 06:49:35 [http-nio-auto-1-exec-2] DEBUG c.a.t.e.GlobalExceptionHandler -
                {status code=404 NOT_FOUND, message=No orders for customer found., uri=/api/owners-tools/orders/get-order/customer, timestamp=Sat, 19 Aug 2023 06:49:35 -0700}
2023-08-19 06:49:35 [http-nio-auto-1-exec-3] DEBUG c.a.t.e.GlobalExceptionHandler -
                {status code=403 FORBIDDEN, message=Session expired., uri=/api/owners-tools/customers/delete-customer/1, timestamp=Sat, 19 Aug 2023 06:49:35 -0700}
2023-08-19 06:49:35 [http-nio-auto-1-exec-4] DEBUG c.a.t.e.GlobalExceptionHandler -
                {status code=401 UNAUTHORIZED, message=User unauthorized., uri=/api/owners-tools/customers/delete-customer/1, timestamp=Sat, 19 Aug 2023 06:49:35 -0700}
2023-08-19 06:49:35 [http-nio-auto-2-exec-10] DEBUG c.a.t.e.GlobalExceptionHandler -
                {status code=400 BAD_REQUEST, message=Customer name incorrectly formatted. Please consult the documentation., uri=/api/owners-tools/customers/edit-customer-name/1/dsfk%20jh!@, timestamp=Sat, 19 Aug 2023 06:49:35 -0700}
2023-08-19 06:49:36 [http-nio-auto-2-exec-2] DEBUG c.a.t.e.GlobalExceptionHandler -
                {status code=404 NOT_FOUND, message=Unable to find com.adamstraub.tonsoftacos.entities.Customer with id 54, uri=/api/owners-tools/customers/edit-customer-name/54/Gary%20Garrison, timestamp=Sat, 19 Aug 2023 06:49:36 -0700}
2023-08-19 06:49:36 [http-nio-auto-2-exec-4] DEBUG c.a.t.e.GlobalExceptionHandler -
                {status code=400 BAD_REQUEST, message=Order can not be closed if order is not ready., uri=/api/owners-tools/orders/close-order/1, timestamp=Sat, 19 Aug 2023 06:49:36 -0700}
2023-08-19 06:49:36 [http-nio-auto-2-exec-2] DEBUG c.a.t.e.GlobalExceptionHandler -
                {status code=404 NOT_FOUND, message=Order does not exist. Please verify order id and try again., uri=/api/owners-tools/orders/close-order/66, timestamp=Sat, 19 Aug 2023 06:49:36 -0700}
2023-08-19 06:49:36 [http-nio-auto-2-exec-10] DEBUG c.a.t.e.GlobalExceptionHandler -
                {status code=404 NOT_FOUND, message=Order does not exist. Please verify order id and try again., uri=/api/owners-tools/orders/order-ready/88, timestamp=Sat, 19 Aug 2023 06:49:36 -0700}
2023-08-19 06:49:37 [http-nio-auto-1-exec-9] DEBUG c.a.t.e.GlobalExceptionHandler -
                {status code=400 BAD_REQUEST, message=Customer name incorrectly formatted. Please consult the documentation., uri=/api/order/checkout, timestamp=Sat, 19 Aug 2023 06:49:37 -0700}
