2023-09-26 12:27:14 [http-nio-auto-2-exec-2] DEBUG c.a.t.e.GlobalExceptionHandler -
                {status code=404 NOT_FOUND, message=You have chosen a category that does not exist. Please check your spelling and formatting., uri=/api/menu/category, timestamp=Tue, 26 Sep 2023 12:27:14 -0400}
2023-09-26 12:27:15 [http-nio-auto-2-exec-4] DEBUG c.a.t.e.GlobalExceptionHandler -
                {status code=404 NOT_FOUND, message=You have chosen a menu item that does not exist., uri=/api/menu/id, timestamp=Tue, 26 Sep 2023 12:27:15 -0400}
2023-09-26 12:27:15 [http-nio-auto-2-exec-6] DEBUG c.a.t.e.GlobalExceptionHandler -
                {status code=404 NOT_FOUND, message=Order item not updated. Verify order item is part of order., uri=/api/owners-tools/orders/update-order-item/654654-465465-555/88/2, timestamp=Tue, 26 Sep 2023 12:27:15 -0400}
2023-09-26 12:27:16 [http-nio-auto-2-exec-8] DEBUG c.a.t.e.GlobalExceptionHandler -
                {status code=400 BAD_REQUEST, message=We were unable to process your request. Please contact us when trying to order more than 10 of any given item., uri=/api/owners-tools/orders/update-order-item/654654-465465-555/3/12, timestamp=Tue, 26 Sep 2023 12:27:16 -0400}
2023-09-26 12:27:16 [http-nio-auto-2-exec-4] DEBUG c.a.t.e.GlobalExceptionHandler -
                {status code=404 NOT_FOUND, message=Order item not updated. Verify order exists., uri=/api/owners-tools/orders/update-order-item/77/3/2, timestamp=Tue, 26 Sep 2023 12:27:16 -0400}
2023-09-26 12:27:17 [http-nio-auto-2-exec-7] DEBUG c.a.t.e.GlobalExceptionHandler -
                {status code=404 NOT_FOUND, message=No order found with that UID. Please verify and try again., uri=/api/owners-tools/orders/get-order-uid/orderUid, timestamp=Tue, 26 Sep 2023 12:27:17 -0400}
2023-09-26 12:27:17 [http-nio-auto-2-exec-8] DEBUG c.a.t.e.GlobalExceptionHandler -
                {status code=404 NOT_FOUND, message=Can not delete order. Verify order exists., uri=/api/owners-tools/orders/delete-order/78, timestamp=Tue, 26 Sep 2023 12:27:17 -0400}
2023-09-26 12:27:18 [http-nio-auto-2-exec-1] DEBUG c.a.t.e.GlobalExceptionHandler -
                {status code=404 NOT_FOUND, message=No customer found by that name. Please check your spelling and formatting., uri=/api/owners-tools/customers/get-customer-name/name, timestamp=Tue, 26 Sep 2023 12:27:18 -0400}
2023-09-26 12:27:18 [http-nio-auto-2-exec-3] DEBUG c.a.t.e.GlobalExceptionHandler -
                {status code=404 NOT_FOUND, message=Menu item can not be added to order. Verify order id., uri=/api/owners-tools/orders/add-to-order/78/2/2, timestamp=Tue, 26 Sep 2023 12:27:18 -0400}
2023-09-26 12:27:18 [http-nio-auto-2-exec-5] DEBUG c.a.t.e.GlobalExceptionHandler -
                {status code=404 NOT_FOUND, message=Unable to find com.adamstraub.tonsoftacos.entities.MenuItem with id 66, uri=/api/owners-tools/orders/add-to-order/654654-465465-555/66/2, timestamp=Tue, 26 Sep 2023 12:27:18 -0400}
2023-09-26 12:27:19 [http-nio-auto-2-exec-3] DEBUG c.a.t.e.GlobalExceptionHandler -
                {status code=404 NOT_FOUND, message=No order found with that UID. Please verify and try again., uri=/api/owners-tools/orders/get-order-uid/orderUid, timestamp=Tue, 26 Sep 2023 12:27:19 -0400}
2023-09-26 12:27:20 [http-nio-auto-1-exec-6] DEBUG c.a.t.e.GlobalExceptionHandler -
                {status code=404 NOT_FOUND, message=No orders for customer found., uri=/api/owners-tools/orders/get-order-customer/customer, timestamp=Tue, 26 Sep 2023 12:27:20 -0400}
2023-09-26 12:27:20 [http-nio-auto-1-exec-7] DEBUG c.a.t.e.GlobalExceptionHandler -
                {status code=403 FORBIDDEN, message=Session expired., uri=/api/owners-tools/customers/delete-customer/1, timestamp=Tue, 26 Sep 2023 12:27:20 -0400}
2023-09-26 12:27:20 [http-nio-auto-1-exec-8] DEBUG c.a.t.e.GlobalExceptionHandler -
                {status code=401 UNAUTHORIZED, message=User unauthorized., uri=/api/owners-tools/customers/delete-customer/1, timestamp=Tue, 26 Sep 2023 12:27:20 -0400}
2023-09-26 12:27:21 [http-nio-auto-2-exec-5] DEBUG c.a.t.e.GlobalExceptionHandler -
                {status code=400 BAD_REQUEST, message=Order can not be closed if order is not ready., uri=/api/owners-tools/orders/close-order/654654-465465-555, timestamp=Tue, 26 Sep 2023 12:27:21 -0400}
2023-09-26 12:27:21 [http-nio-auto-2-exec-10] DEBUG c.a.t.e.GlobalExceptionHandler -
                {status code=404 NOT_FOUND, message=Order cannot be found and as such can not be closed. Please verify order id., uri=/api/owners-tools/orders/close-order/66, timestamp=Tue, 26 Sep 2023 12:27:21 -0400}
2023-09-26 12:27:22 [http-nio-auto-2-exec-2] DEBUG c.a.t.e.GlobalExceptionHandler -
                {status code=404 NOT_FOUND, message=No customer found with that UID. Please verify and try  again., uri=/api/owners-tools/customers/get-customer-uid/customerUid, timestamp=Tue, 26 Sep 2023 12:27:22 -0400}
2023-09-26 12:27:23 [http-nio-auto-2-exec-10] DEBUG c.a.t.e.GlobalExceptionHandler -
                {status code=404 NOT_FOUND, message=Order does not exist. Please verify order id and try again., uri=/api/owners-tools/orders/order-ready/88, timestamp=Tue, 26 Sep 2023 12:27:23 -0400}
2023-09-26 12:27:24 [http-nio-auto-1-exec-4] DEBUG c.a.t.e.GlobalExceptionHandler -
                {status code=401 UNAUTHORIZED, message=Bad credentials. username: m)Km7y{f0~nd$,hvNLOw0.F5FlP5u?5 password: _%Eeu;dlsf[j:F|WF?yrFmlqc.A|$yP5}w@5KqL, uri=/api/owners-tools/login, timestamp=Tue, 26 Sep 2023 12:27:24 -0400}
2023-09-26 12:27:25 [http-nio-auto-1-exec-5] DEBUG c.a.t.e.GlobalExceptionHandler -
                {status code=401 UNAUTHORIZED, message=Bad credentials. username: 5gZw4y?rR#OqxQ,|vUZ password: ?aNwlfCd7glf(E&r)lLr}W?fT, uri=/api/owners-tools/login, timestamp=Tue, 26 Sep 2023 12:27:25 -0400}
2023-09-26 12:27:25 [http-nio-auto-2-exec-3] DEBUG c.a.t.e.GlobalExceptionHandler -
                {status code=404 NOT_FOUND, message=No customer with that id found., uri=/api/owners-tools/customers/edit-customer-email/13/larry@larbo.com, timestamp=Tue, 26 Sep 2023 12:27:25 -0400}
2023-09-26 12:27:25 [http-nio-auto-2-exec-8] DEBUG c.a.t.e.GlobalExceptionHandler -
                {status code=400 BAD_REQUEST, message=Email does not match formatting requirements, please consult the docs., uri=/api/owners-tools/customers/edit-customer-email/gd34-igjr/larrylarbo.com, timestamp=Tue, 26 Sep 2023 12:27:25 -0400}
2023-09-26 12:29:29 [main] INFO  c.a.t.t.s.o.o.GetAllOrdersTests$testThatDoesNotPolluteTheApplicationContextUris -
                Starting GetAllOrdersTests.testThatDoesNotPolluteTheApplicationContextUris using Java 17.0.7 with PID 7464 (started by josie in /media/josie/Backup 1/2016/Documents/Tablet Backup/Documents/Courses/Java/personal projects/TonsOfTacosV1.2/back-end/tons-of-tacos)
2023-09-26 12:29:29 [main] DEBUG c.a.t.t.s.o.o.GetAllOrdersTests$testThatDoesNotPolluteTheApplicationContextUris -
                Running with Spring Boot v3.0.1, Spring v6.0.3
2023-09-26 12:29:29 [main] INFO  c.a.t.t.s.o.o.GetAllOrdersTests$testThatDoesNotPolluteTheApplicationContextUris -
                No active profile set, falling back to 1 default profile: "default"
2023-09-26 12:29:39 [main] DEBUG c.a.t.config.security.JwtAuthFilter -
                Filter 'jwtAuthFilter' configured for use
2023-09-26 12:29:41 [main] INFO  c.a.t.t.s.o.o.GetAllOrdersTests$testThatDoesNotPolluteTheApplicationContextUris -
                Started GetAllOrdersTests.testThatDoesNotPolluteTheApplicationContextUris in 12.255 seconds (process running for 17.076)
2023-09-26 12:29:45 [main] INFO  c.a.t.t.s.m.GetMenuItemsByCategoryTests$testThatDoesNotPolluteTheApplicationContextUris -
                Starting GetMenuItemsByCategoryTests.testThatDoesNotPolluteTheApplicationContextUris using Java 17.0.7 with PID 7464 (started by josie in /media/josie/Backup 1/2016/Documents/Tablet Backup/Documents/Courses/Java/personal projects/TonsOfTacosV1.2/back-end/tons-of-tacos)
2023-09-26 12:29:45 [main] DEBUG c.a.t.t.s.m.GetMenuItemsByCategoryTests$testThatDoesNotPolluteTheApplicationContextUris -
                Running with Spring Boot v3.0.1, Spring v6.0.3
2023-09-26 12:29:45 [main] INFO  c.a.t.t.s.m.GetMenuItemsByCategoryTests$testThatDoesNotPolluteTheApplicationContextUris -
                No active profile set, falling back to 1 default profile: "default"
2023-09-26 12:29:47 [main] DEBUG c.a.t.config.security.JwtAuthFilter -
                Filter 'jwtAuthFilter' configured for use
2023-09-26 12:29:47 [main] INFO  c.a.t.t.s.m.GetMenuItemsByCategoryTests$testThatDoesNotPolluteTheApplicationContextUris -
                Started GetMenuItemsByCategoryTests.testThatDoesNotPolluteTheApplicationContextUris in 2.542 seconds (process running for 23.541)
2023-09-26 12:29:47 [http-nio-auto-2-exec-2] DEBUG c.a.t.e.GlobalExceptionHandler -
                {status code=404 NOT_FOUND, message=You have chosen a category that does not exist. Please check your spelling and formatting., uri=/api/menu/category, timestamp=Tue, 26 Sep 2023 12:29:47 -0400}
2023-09-26 12:29:48 [http-nio-auto-2-exec-4] DEBUG c.a.t.e.GlobalExceptionHandler -
                {status code=404 NOT_FOUND, message=You have chosen a menu item that does not exist., uri=/api/menu/id, timestamp=Tue, 26 Sep 2023 12:29:48 -0400}
2023-09-26 12:29:48 [http-nio-auto-2-exec-5] DEBUG c.a.t.e.GlobalExceptionHandler -
                {status code=404 NOT_FOUND, message=Order item not updated. Verify order item is part of order., uri=/api/owners-tools/orders/update-order-item/654654-465465-555/88/2, timestamp=Tue, 26 Sep 2023 12:29:48 -0400}
2023-09-26 12:29:49 [http-nio-auto-2-exec-7] DEBUG c.a.t.e.GlobalExceptionHandler -
                {status code=400 BAD_REQUEST, message=We were unable to process your request. Please contact us when trying to order more than 10 of any given item., uri=/api/owners-tools/orders/update-order-item/654654-465465-555/3/12, timestamp=Tue, 26 Sep 2023 12:29:49 -0400}
2023-09-26 12:29:49 [http-nio-auto-2-exec-3] DEBUG c.a.t.e.GlobalExceptionHandler -
                {status code=404 NOT_FOUND, message=Order item not updated. Verify order exists., uri=/api/owners-tools/orders/update-order-item/77/3/2, timestamp=Tue, 26 Sep 2023 12:29:49 -0400}
