2023-08-10 05:00:42 [main] INFO  c.a.t.t.TonsOfTacosApplication -
                
Starting TonsOfTacosApplication using Java 17.0.1 with PID 12074 (/media/brian/Backup 2/Documents/Tablet Backup/Documents/Courses/Java/personal projects/TonsOfTacosV1.2/back-end/tons-of-tacos/target/classes started by brian in /media/brian/Backup 2/Documents/Tablet Backup/Documents/Courses/Java/personal projects/TonsOfTacosV1.2/back-end/tons-of-tacos)
2023-08-10 05:00:42 [main] DEBUG c.a.t.t.TonsOfTacosApplication -
                
Running with Spring Boot v3.0.1, Spring v6.0.3
2023-08-10 05:00:42 [main] INFO  c.a.t.t.TonsOfTacosApplication -
                
No active profile set, falling back to 1 default profile: "default"
2023-08-10 05:03:52 [main] INFO  c.a.t.t.TonsOfTacosApplication -
                
Starting TonsOfTacosApplication using Java 17.0.1 with PID 12259 (/media/brian/Backup 2/Documents/Tablet Backup/Documents/Courses/Java/personal projects/TonsOfTacosV1.2/back-end/tons-of-tacos/target/classes started by brian in /media/brian/Backup 2/Documents/Tablet Backup/Documents/Courses/Java/personal projects/TonsOfTacosV1.2/back-end/tons-of-tacos)
2023-08-10 05:03:52 [main] DEBUG c.a.t.t.TonsOfTacosApplication -
                
Running with Spring Boot v3.0.1, Spring v6.0.3
2023-08-10 05:03:52 [main] INFO  c.a.t.t.TonsOfTacosApplication -
                
No active profile set, falling back to 1 default profile: "default"
2023-08-10 05:05:30 [main] INFO  c.a.t.t.TonsOfTacosApplication -
                
Starting TonsOfTacosApplication using Java 17.0.1 with PID 12379 (/media/brian/Backup 2/Documents/Tablet Backup/Documents/Courses/Java/personal projects/TonsOfTacosV1.2/back-end/tons-of-tacos/target/classes started by brian in /media/brian/Backup 2/Documents/Tablet Backup/Documents/Courses/Java/personal projects/TonsOfTacosV1.2/back-end/tons-of-tacos)
2023-08-10 05:05:30 [main] DEBUG c.a.t.t.TonsOfTacosApplication -
                
Running with Spring Boot v3.0.1, Spring v6.0.3
2023-08-10 05:05:30 [main] INFO  c.a.t.t.TonsOfTacosApplication -
                
No active profile set, falling back to 1 default profile: "default"
2023-08-10 05:12:54 [main] INFO  c.a.t.t.TonsOfTacosApplication -
                
Starting TonsOfTacosApplication using Java 17.0.1 with PID 12518 (/media/brian/Backup 2/Documents/Tablet Backup/Documents/Courses/Java/personal projects/TonsOfTacosV1.2/back-end/tons-of-tacos/target/classes started by brian in /media/brian/Backup 2/Documents/Tablet Backup/Documents/Courses/Java/personal projects/TonsOfTacosV1.2/back-end/tons-of-tacos)
2023-08-10 05:12:54 [main] DEBUG c.a.t.t.TonsOfTacosApplication -
                
Running with Spring Boot v3.0.1, Spring v6.0.3
2023-08-10 05:12:54 [main] INFO  c.a.t.t.TonsOfTacosApplication -
                
No active profile set, falling back to 1 default profile: "default"
2023-08-10 05:14:54 [main] INFO  c.a.t.t.TonsOfTacosApplication -
                
Starting TonsOfTacosApplication using Java 17.0.1 with PID 12657 (/media/brian/Backup 2/Documents/Tablet Backup/Documents/Courses/Java/personal projects/TonsOfTacosV1.2/back-end/tons-of-tacos/target/classes started by brian in /media/brian/Backup 2/Documents/Tablet Backup/Documents/Courses/Java/personal projects/TonsOfTacosV1.2/back-end/tons-of-tacos)
2023-08-10 05:14:54 [main] DEBUG c.a.t.t.TonsOfTacosApplication -
                
Running with Spring Boot v3.0.1, Spring v6.0.3
2023-08-10 05:14:54 [main] INFO  c.a.t.t.TonsOfTacosApplication -
                
No active profile set, falling back to 1 default profile: "default"
2023-08-10 05:17:40 [main] INFO  c.a.t.t.TonsOfTacosApplication -
                
Starting TonsOfTacosApplication using Java 17.0.1 with PID 12771 (/media/brian/Backup 2/Documents/Tablet Backup/Documents/Courses/Java/personal projects/TonsOfTacosV1.2/back-end/tons-of-tacos/target/classes started by brian in /media/brian/Backup 2/Documents/Tablet Backup/Documents/Courses/Java/personal projects/TonsOfTacosV1.2/back-end/tons-of-tacos)
2023-08-10 05:17:40 [main] DEBUG c.a.t.t.TonsOfTacosApplication -
                
Running with Spring Boot v3.0.1, Spring v6.0.3
2023-08-10 05:17:40 [main] INFO  c.a.t.t.TonsOfTacosApplication -
                
No active profile set, falling back to 1 default profile: "default"
2023-08-10 05:21:02 [main] INFO  c.a.t.t.TonsOfTacosApplication -
                
Starting TonsOfTacosApplication using Java 17.0.1 with PID 12898 (/media/brian/Backup 2/Documents/Tablet Backup/Documents/Courses/Java/personal projects/TonsOfTacosV1.2/back-end/tons-of-tacos/target/classes started by brian in /media/brian/Backup 2/Documents/Tablet Backup/Documents/Courses/Java/personal projects/TonsOfTacosV1.2/back-end/tons-of-tacos)
2023-08-10 05:21:02 [main] DEBUG c.a.t.t.TonsOfTacosApplication -
                
Running with Spring Boot v3.0.1, Spring v6.0.3
2023-08-10 05:21:02 [main] INFO  c.a.t.t.TonsOfTacosApplication -
                
No active profile set, falling back to 1 default profile: "default"
2023-08-10 05:21:05 [main] DEBUG c.a.t.t.c.security.JwtAuthFilter -
                
Filter 'jwtAuthFilter' configured for use
2023-08-10 05:21:06 [main] INFO  c.a.t.t.TonsOfTacosApplication -
                
Started TonsOfTacosApplication in 4.719 seconds (process running for 5.154)
2023-08-10 05:30:11 [http-nio-8080-exec-2] DEBUG c.a.t.t.e.GlobalErrorHandler -
                
{status code=401 UNAUTHORIZED, message=Bad credentials. username: tomtomtomtom password: tosdpfjYU&^9OHW%jksk, uri=/api/owners-tools/login, timestamp=Thu, 10 Aug 2023 05:30:11 -0700}
2023-08-10 05:32:34 [http-nio-8080-exec-5] DEBUG c.a.t.t.e.GlobalErrorHandler -
                
{status code=401 UNAUTHORIZED, message=Bad credentials. username: tomtomtomtom password: tosdpfjYU&^9OHW%jksk, uri=/api/owners-tools/login, timestamp=Thu, 10 Aug 2023 05:32:34 -0700}
2023-08-10 05:33:58 [main] INFO  c.a.t.t.TonsOfTacosApplication -
                
Starting TonsOfTacosApplication using Java 17.0.1 with PID 13157 (/media/brian/Backup 2/Documents/Tablet Backup/Documents/Courses/Java/personal projects/TonsOfTacosV1.2/back-end/tons-of-tacos/target/classes started by brian in /media/brian/Backup 2/Documents/Tablet Backup/Documents/Courses/Java/personal projects/TonsOfTacosV1.2/back-end/tons-of-tacos)
2023-08-10 05:33:58 [main] DEBUG c.a.t.t.TonsOfTacosApplication -
                
Running with Spring Boot v3.0.1, Spring v6.0.3
2023-08-10 05:33:58 [main] INFO  c.a.t.t.TonsOfTacosApplication -
                
No active profile set, falling back to 1 default profile: "default"
2023-08-10 05:34:01 [main] DEBUG c.a.t.t.c.security.JwtAuthFilter -
                
Filter 'jwtAuthFilter' configured for use
2023-08-10 05:34:02 [main] INFO  c.a.t.t.TonsOfTacosApplication -
                
Started TonsOfTacosApplication in 4.601 seconds (process running for 5.031)
2023-08-10 05:34:08 [http-nio-8080-exec-2] DEBUG c.a.t.t.e.GlobalErrorHandler -
                
{status code=401 UNAUTHORIZED, message=Bad credentials. username: tomtomtomtom password: tosdpfjYU&^9OHW%jksk, uri=/api/owners-tools/login, timestamp=Thu, 10 Aug 2023 05:34:08 -0700}
2023-08-10 05:34:39 [http-nio-8080-exec-4] DEBUG c.a.t.t.e.GlobalErrorHandler -
                
{status code=401 UNAUTHORIZED, message=Bad credentials. username: tomtomtomtom password: tosdpfjYU&^9OHW%jksk, uri=/api/owners-tools/login, timestamp=Thu, 10 Aug 2023 05:34:39 -0700}

 2023-08-10 05:37:23 [main] INFO  c.a.t.t.TonsOfTacosApplication -
                Starting TonsOfTacosApplication using Java 17.0.1 with PID 13395 (/media/brian/Backup 2/Documents/Tablet Backup/Documents/Courses/Java/personal projects/TonsOfTacosV1.2/back-end/tons-of-tacos/target/classes started by brian in /media/brian/Backup 2/Documents/Tablet Backup/Documents/Courses/Java/personal projects/TonsOfTacosV1.2/back-end/tons-of-tacos)

 2023-08-10 05:37:23 [main] DEBUG c.a.t.t.TonsOfTacosApplication -
                Running with Spring Boot v3.0.1, Spring v6.0.3

 2023-08-10 05:37:23 [main] INFO  c.a.t.t.TonsOfTacosApplication -
                No active profile set, falling back to 1 default profile: "default"

 2023-08-10 05:37:27 [main] DEBUG c.a.t.t.c.security.JwtAuthFilter -
                Filter 'jwtAuthFilter' configured for use

 2023-08-10 05:37:28 [main] INFO  c.a.t.t.TonsOfTacosApplication -
                Started TonsOfTacosApplication in 4.781 seconds (process running for 5.238)

 2023-08-10 05:37:35 [http-nio-8080-exec-1] DEBUG c.a.t.t.e.GlobalErrorHandler -
                {status code=401 UNAUTHORIZED, message=Bad credentials. username: tomtomtomtom password: tosdpfjYU&^9OHW%jksk, uri=/api/owners-tools/login, timestamp=Thu, 10 Aug 2023 05:37:35 -0700}

 2023-08-10 05:37:37 [http-nio-8080-exec-2] DEBUG c.a.t.t.e.GlobalErrorHandler -
                {status code=401 UNAUTHORIZED, message=Bad credentials. username: tomtomtomtom password: tosdpfjYU&^9OHW%jksk, uri=/api/owners-tools/login, timestamp=Thu, 10 Aug 2023 05:37:37 -0700}

 2023-08-10 05:37:44 [http-nio-8080-exec-4] DEBUG c.a.t.t.e.GlobalErrorHandler -
                {status code=401 UNAUTHORIZED, message=Bad credentials. username: tomtomtomtom password: tosdpfjYU&^9OHW%jksk, uri=/api/owners-tools/login, timestamp=Thu, 10 Aug 2023 05:37:44 -0700}

 [1;34m2023-08-10 05:41:56[0;39m [main] INFO  c.a.t.t.TonsOfTacosApplication -
                Starting TonsOfTacosApplication using Java 17.0.1 with PID 13637 (/media/brian/Backup 2/Documents/Tablet Backup/Documents/Courses/Java/personal projects/TonsOfTacosV1.2/back-end/tons-of-tacos/target/classes started by brian in /media/brian/Backup 2/Documents/Tablet Backup/Documents/Courses/Java/personal projects/TonsOfTacosV1.2/back-end/tons-of-tacos)

 [1;34m2023-08-10 05:41:56[0;39m [main] DEBUG c.a.t.t.TonsOfTacosApplication -
                Running with Spring Boot v3.0.1, Spring v6.0.3

 [1;34m2023-08-10 05:41:56[0;39m [main] INFO  c.a.t.t.TonsOfTacosApplication -
                No active profile set, falling back to 1 default profile: "default"

 [1;34m2023-08-10 05:41:59[0;39m [main] DEBUG c.a.t.t.c.security.JwtAuthFilter -
                Filter 'jwtAuthFilter' configured for use

 [1;34m2023-08-10 05:42:00[0;39m [main] INFO  c.a.t.t.TonsOfTacosApplication -
                Started TonsOfTacosApplication in 4.915 seconds (process running for 5.361)

 [1;34m2023-08-10 05:42:17[0;39m [http-nio-8080-exec-1] DEBUG c.a.t.t.e.GlobalErrorHandler -
                {status code=401 UNAUTHORIZED, message=Bad credentials. username: tomtomtomtom password: tosdpfjYU&^9OHW%jksk, uri=/api/owners-tools/login, timestamp=Thu, 10 Aug 2023 05:42:17 -0700}

 [1;34m2023-08-10 05:42:18[0;39m [http-nio-8080-exec-3] DEBUG c.a.t.t.e.GlobalErrorHandler -
                {status code=401 UNAUTHORIZED, message=Bad credentials. username: tomtomtomtom password: tosdpfjYU&^9OHW%jksk, uri=/api/owners-tools/login, timestamp=Thu, 10 Aug 2023 05:42:18 -0700}

 [1;34m2023-08-10 05:42:21[0;39m [http-nio-8080-exec-4] DEBUG c.a.t.t.e.GlobalErrorHandler -
                {status code=401 UNAUTHORIZED, message=Bad credentials. username: tomtomtomtom password: tosdpfjYU&^9OHW%jksk, uri=/api/owners-tools/login, timestamp=Thu, 10 Aug 2023 05:42:21 -0700}

 [1;34m2023-08-10 05:45:07[0;39m [main] INFO  c.a.t.t.TonsOfTacosApplication -
                Starting TonsOfTacosApplication using Java 17.0.1 with PID 13874 (/media/brian/Backup 2/Documents/Tablet Backup/Documents/Courses/Java/personal projects/TonsOfTacosV1.2/back-end/tons-of-tacos/target/classes started by brian in /media/brian/Backup 2/Documents/Tablet Backup/Documents/Courses/Java/personal projects/TonsOfTacosV1.2/back-end/tons-of-tacos)

 [1;34m2023-08-10 05:45:07[0;39m [main] DEBUG c.a.t.t.TonsOfTacosApplication -
                Running with Spring Boot v3.0.1, Spring v6.0.3

 [1;34m2023-08-10 05:45:07[0;39m [main] INFO  c.a.t.t.TonsOfTacosApplication -
                No active profile set, falling back to 1 default profile: "default"

 [1;34m2023-08-10 05:45:11[0;39m [main] DEBUG c.a.t.t.c.security.JwtAuthFilter -
                Filter 'jwtAuthFilter' configured for use

 [1;34m2023-08-10 05:45:12[0;39m [main] INFO  c.a.t.t.TonsOfTacosApplication -
                Started TonsOfTacosApplication in 4.878 seconds (process running for 5.322)

 [1;34m2023-08-10 05:45:17[0;39m [http-nio-8080-exec-1] DEBUG c.a.t.t.e.GlobalErrorHandler -
                {status code=401 UNAUTHORIZED, message=Bad credentials. username: tomtomtomtom password: tosdpfjYU&^9OHW%jksk, uri=/api/owners-tools/login, timestamp=Thu, 10 Aug 2023 05:45:17 -0700}

 [1;34m2023-08-10 05:45:20[0;39m [http-nio-8080-exec-3] DEBUG c.a.t.t.e.GlobalErrorHandler -
                {status code=401 UNAUTHORIZED, message=Bad credentials. username: tomtomtomtom password: tosdpfjYU&^9OHW%jksk, uri=/api/owners-tools/login, timestamp=Thu, 10 Aug 2023 05:45:20 -0700}

 [1;34m2023-08-10 05:47:40[0;39m [main] INFO  c.a.t.t.TonsOfTacosApplication -
                Starting TonsOfTacosApplication using Java 17.0.1 with PID 14335 (/media/brian/Backup 2/Documents/Tablet Backup/Documents/Courses/Java/personal projects/TonsOfTacosV1.2/back-end/tons-of-tacos/target/classes started by brian in /media/brian/Backup 2/Documents/Tablet Backup/Documents/Courses/Java/personal projects/TonsOfTacosV1.2/back-end/tons-of-tacos)

 [1;34m2023-08-10 05:47:40[0;39m [main] DEBUG c.a.t.t.TonsOfTacosApplication -
                Running with Spring Boot v3.0.1, Spring v6.0.3

 [1;34m2023-08-10 05:47:40[0;39m [main] INFO  c.a.t.t.TonsOfTacosApplication -
                No active profile set, falling back to 1 default profile: "default"

 [1;34m2023-08-10 05:47:43[0;39m [main] DEBUG c.a.t.t.c.security.JwtAuthFilter -
                Filter 'jwtAuthFilter' configured for use

 [1;34m2023-08-10 05:47:44[0;39m [main] INFO  c.a.t.t.TonsOfTacosApplication -
                Started TonsOfTacosApplication in 4.904 seconds (process running for 5.316)

 [1;34m2023-08-10 05:47:47[0;39m [http-nio-8080-exec-2] DEBUG c.a.t.t.e.GlobalErrorHandler -
                {status code=401 UNAUTHORIZED, message=Bad credentials. username: tomtomtomtom password: tosdpfjYU&^9OHW%jksk, uri=/api/owners-tools/login, timestamp=Thu, 10 Aug 2023 05:47:47 -0700}

 [1;34m2023-08-10 05:48:03[0;39m [main] INFO  c.a.t.t.TonsOfTacosApplication -
                Starting TonsOfTacosApplication using Java 17.0.1 with PID 14566 (/media/brian/Backup 2/Documents/Tablet Backup/Documents/Courses/Java/personal projects/TonsOfTacosV1.2/back-end/tons-of-tacos/target/classes started by brian in /media/brian/Backup 2/Documents/Tablet Backup/Documents/Courses/Java/personal projects/TonsOfTacosV1.2/back-end/tons-of-tacos)

 [1;34m2023-08-10 05:48:03[0;39m [main] DEBUG c.a.t.t.TonsOfTacosApplication -
                Running with Spring Boot v3.0.1, Spring v6.0.3

 [1;34m2023-08-10 05:48:03[0;39m [main] INFO  c.a.t.t.TonsOfTacosApplication -
                No active profile set, falling back to 1 default profile: "default"

 [1;34m2023-08-10 05:48:07[0;39m [main] DEBUG c.a.t.t.c.security.JwtAuthFilter -
                Filter 'jwtAuthFilter' configured for use

 [1;34m2023-08-10 05:48:08[0;39m [main] INFO  c.a.t.t.TonsOfTacosApplication -
                Started TonsOfTacosApplication in 4.655 seconds (process running for 5.104)

 [1;34m2023-08-10 05:48:19[0;39m [http-nio-8080-exec-1] DEBUG c.a.t.t.e.GlobalErrorHandler -
                {status code=401 UNAUTHORIZED, message=Bad credentials. username: tomtomtomtom password: tosdpfjYU&^9OHW%jksk, uri=/api/owners-tools/login, timestamp=Thu, 10 Aug 2023 05:48:19 -0700}

 2023-08-10 05:50:15 [main] INFO  c.a.t.t.TonsOfTacosApplication -
                Starting TonsOfTacosApplication using Java 17.0.1 with PID 14810 (/media/brian/Backup 2/Documents/Tablet Backup/Documents/Courses/Java/personal projects/TonsOfTacosV1.2/back-end/tons-of-tacos/target/classes started by brian in /media/brian/Backup 2/Documents/Tablet Backup/Documents/Courses/Java/personal projects/TonsOfTacosV1.2/back-end/tons-of-tacos)

 2023-08-10 05:50:15 [main] DEBUG c.a.t.t.TonsOfTacosApplication -
                Running with Spring Boot v3.0.1, Spring v6.0.3

 2023-08-10 05:50:15 [main] INFO  c.a.t.t.TonsOfTacosApplication -
                No active profile set, falling back to 1 default profile: "default"

 2023-08-10 05:50:18 [main] DEBUG c.a.t.t.c.security.JwtAuthFilter -
                Filter 'jwtAuthFilter' configured for use

 2023-08-10 05:50:19 [main] INFO  c.a.t.t.TonsOfTacosApplication -
                Started TonsOfTacosApplication in 4.617 seconds (process running for 5.076)

 2023-08-10 05:51:02 [http-nio-8080-exec-3] DEBUG c.a.t.t.e.GlobalErrorHandler -
                {status code=401 UNAUTHORIZED, message=Bad credentials. username: tomtomtomtom password: tosdpfjYU&^9OHW%jksk, uri=/api/owners-tools/login, timestamp=Thu, 10 Aug 2023 05:51:02 -0700}
