2023-09-13 05:15:36 [http-nio-8080-exec-1] DEBUG c.a.t.e.GlobalExceptionHandler -
                {status code=403 FORBIDDEN, message=Session expired., uri=/api/owners-tools/customers/delete-customer/jk34-h5j0, timestamp=Wed, 13 Sep 2023 05:15:36 -0700}
2023-09-13 05:20:33 [http-nio-8080-exec-6] DEBUG c.a.t.e.GlobalExceptionHandler -
                {status code=404 NOT_FOUND, message=No customer found with that UID. Please verify and try  again., uri=/api/owners-tools/customers/get-customer-uid/customerUid, timestamp=Wed, 13 Sep 2023 05:20:33 -0700}
2023-09-13 05:24:37 [main] INFO  c.a.t.t.s.o.o.DeleteCustomerByUidTest$testThatDoesNotPolluteTheApplicationContextUris -
                Starting DeleteCustomerByUidTest.testThatDoesNotPolluteTheApplicationContextUris using Java 17.0.6 with PID 525291 (started by brian in /media/brian/Backup 22/Documents/Tablet Backup/Documents/Courses/Java/personal projects/TonsOfTacosV1.2/back-end/tons-of-tacos)
2023-09-13 05:24:37 [main] DEBUG c.a.t.t.s.o.o.DeleteCustomerByUidTest$testThatDoesNotPolluteTheApplicationContextUris -
                Running with Spring Boot v3.0.1, Spring v6.0.3
2023-09-13 05:24:37 [main] INFO  c.a.t.t.s.o.o.DeleteCustomerByUidTest$testThatDoesNotPolluteTheApplicationContextUris -
                No active profile set, falling back to 1 default profile: "default"
2023-09-13 05:24:41 [main] DEBUG c.a.t.config.security.JwtAuthFilter -
                Filter 'jwtAuthFilter' configured for use
2023-09-13 05:24:42 [main] INFO  c.a.t.t.s.o.o.DeleteCustomerByUidTest$testThatDoesNotPolluteTheApplicationContextUris -
                Started DeleteCustomerByUidTest.testThatDoesNotPolluteTheApplicationContextUris in 5.877 seconds (process running for 7.039)
2023-09-13 05:24:43 [http-nio-auto-1-exec-3] DEBUG c.a.t.e.GlobalExceptionHandler -
                {status code=404 NOT_FOUND, message=No customer found with that UID. Please verify and try  again., uri=/api/owners-tools/customers/get-customer-uid/customerUid, timestamp=Wed, 13 Sep 2023 05:24:43 -0700}
2023-09-13 05:24:51 [main] INFO  c.a.t.t.s.o.o.DeleteCustomerByUidTest$testThatDoesNotPolluteTheApplicationContextUris -
                Starting DeleteCustomerByUidTest.testThatDoesNotPolluteTheApplicationContextUris using Java 17.0.6 with PID 525408 (started by brian in /media/brian/Backup 22/Documents/Tablet Backup/Documents/Courses/Java/personal projects/TonsOfTacosV1.2/back-end/tons-of-tacos)
2023-09-13 05:24:51 [main] DEBUG c.a.t.t.s.o.o.DeleteCustomerByUidTest$testThatDoesNotPolluteTheApplicationContextUris -
                Running with Spring Boot v3.0.1, Spring v6.0.3
2023-09-13 05:24:51 [main] INFO  c.a.t.t.s.o.o.DeleteCustomerByUidTest$testThatDoesNotPolluteTheApplicationContextUris -
                No active profile set, falling back to 1 default profile: "default"
2023-09-13 05:24:56 [main] DEBUG c.a.t.config.security.JwtAuthFilter -
                Filter 'jwtAuthFilter' configured for use
2023-09-13 05:24:57 [main] INFO  c.a.t.t.s.o.o.DeleteCustomerByUidTest$testThatDoesNotPolluteTheApplicationContextUris -
                Started DeleteCustomerByUidTest.testThatDoesNotPolluteTheApplicationContextUris in 6.123 seconds (process running for 7.278)
2023-09-13 05:24:58 [http-nio-auto-1-exec-3] DEBUG c.a.t.e.GlobalExceptionHandler -
                {status code=404 NOT_FOUND, message=No customer found with that UID. Please verify and try  again., uri=/api/owners-tools/customers/get-customer-uid/customerUid, timestamp=Wed, 13 Sep 2023 05:24:58 -0700}
2023-09-13 05:24:58 [http-nio-auto-1-exec-5] DEBUG c.a.t.e.GlobalExceptionHandler -
                {status code=404 NOT_FOUND, message=No customer with that uid found. Please check formatting and verify customer exists., uri=/api/owners-tools/customers/delete-customer/85, timestamp=Wed, 13 Sep 2023 05:24:58 -0700}
2023-09-13 05:25:08 [main] INFO  c.a.t.t.s.o.o.GetAllOrdersTests$testThatDoesNotPolluteTheApplicationContextUris -
                Starting GetAllOrdersTests.testThatDoesNotPolluteTheApplicationContextUris using Java 17.0.6 with PID 525551 (started by brian in /media/brian/Backup 22/Documents/Tablet Backup/Documents/Courses/Java/personal projects/TonsOfTacosV1.2/back-end/tons-of-tacos)
2023-09-13 05:25:08 [main] DEBUG c.a.t.t.s.o.o.GetAllOrdersTests$testThatDoesNotPolluteTheApplicationContextUris -
                Running with Spring Boot v3.0.1, Spring v6.0.3
2023-09-13 05:25:08 [main] INFO  c.a.t.t.s.o.o.GetAllOrdersTests$testThatDoesNotPolluteTheApplicationContextUris -
                No active profile set, falling back to 1 default profile: "default"
2023-09-13 05:25:13 [main] DEBUG c.a.t.config.security.JwtAuthFilter -
                Filter 'jwtAuthFilter' configured for use
2023-09-13 05:25:14 [main] INFO  c.a.t.t.s.o.o.GetAllOrdersTests$testThatDoesNotPolluteTheApplicationContextUris -
                Started GetAllOrdersTests.testThatDoesNotPolluteTheApplicationContextUris in 5.954 seconds (process running for 7.189)
2023-09-13 05:25:15 [main] INFO  c.a.t.t.s.o.o.DeleteCustomerByUidTest$testThatDoesNotPolluteTheApplicationContextUris -
                Starting DeleteCustomerByUidTest.testThatDoesNotPolluteTheApplicationContextUris using Java 17.0.6 with PID 525551 (started by brian in /media/brian/Backup 22/Documents/Tablet Backup/Documents/Courses/Java/personal projects/TonsOfTacosV1.2/back-end/tons-of-tacos)
2023-09-13 05:25:15 [main] DEBUG c.a.t.t.s.o.o.DeleteCustomerByUidTest$testThatDoesNotPolluteTheApplicationContextUris -
                Running with Spring Boot v3.0.1, Spring v6.0.3
2023-09-13 05:25:15 [main] INFO  c.a.t.t.s.o.o.DeleteCustomerByUidTest$testThatDoesNotPolluteTheApplicationContextUris -
                No active profile set, falling back to 1 default profile: "default"
2023-09-13 05:25:16 [main] DEBUG c.a.t.config.security.JwtAuthFilter -
                Filter 'jwtAuthFilter' configured for use
2023-09-13 05:25:16 [main] INFO  c.a.t.t.s.o.o.DeleteCustomerByUidTest$testThatDoesNotPolluteTheApplicationContextUris -
                Started DeleteCustomerByUidTest.testThatDoesNotPolluteTheApplicationContextUris in 1.099 seconds (process running for 9.478)
2023-09-13 05:25:16 [http-nio-auto-2-exec-3] DEBUG c.a.t.e.GlobalExceptionHandler -
                {status code=404 NOT_FOUND, message=No customer found with that UID. Please verify and try  again., uri=/api/owners-tools/customers/get-customer-uid/customerUid, timestamp=Wed, 13 Sep 2023 05:25:16 -0700}
2023-09-13 05:25:17 [http-nio-auto-2-exec-5] DEBUG c.a.t.e.GlobalExceptionHandler -
                {status code=404 NOT_FOUND, message=No customer with that uid found. Please check formatting and verify customer exists., uri=/api/owners-tools/customers/delete-customer/85, timestamp=Wed, 13 Sep 2023 05:25:17 -0700}
2023-09-13 05:25:17 [http-nio-auto-2-exec-1] DEBUG c.a.t.e.GlobalExceptionHandler -
                {status code=404 NOT_FOUND, message=No customer with that uid found. Please check formatting and verify customer exists., uri=/api/owners-tools/customers/edit-customer-phone/14/555.555.5156, timestamp=Wed, 13 Sep 2023 05:25:17 -0700}
2023-09-13 05:25:17 [http-nio-auto-2-exec-3] DEBUG c.a.t.e.GlobalExceptionHandler -
                {status code=404 NOT_FOUND, message=Order item not updated. Verify order item is part of order., uri=/api/owners-tools/orders/update-order-item/654654-465465-555/88/2, timestamp=Wed, 13 Sep 2023 05:25:17 -0700}
2023-09-13 05:25:17 [http-nio-auto-2-exec-5] DEBUG c.a.t.e.GlobalExceptionHandler -
                {status code=400 BAD_REQUEST, message=We were unable to process your request. Please contact us when trying to order more than 10 of any given item., uri=/api/owners-tools/orders/update-order-item/654654-465465-555/3/12, timestamp=Wed, 13 Sep 2023 05:25:17 -0700}
2023-09-13 05:25:17 [http-nio-auto-2-exec-9] DEBUG c.a.t.e.GlobalExceptionHandler -
                {status code=404 NOT_FOUND, message=Order item not updated. Verify order exists., uri=/api/owners-tools/orders/update-order-item/77/3/2, timestamp=Wed, 13 Sep 2023 05:25:17 -0700}
2023-09-13 05:25:18 [http-nio-auto-2-exec-4] DEBUG c.a.t.e.GlobalExceptionHandler -
                {status code=404 NOT_FOUND, message=Can not delete order. Verify order exists., uri=/api/owners-tools/orders/delete-order/78, timestamp=Wed, 13 Sep 2023 05:25:18 -0700}
2023-09-13 05:25:18 [http-nio-auto-2-exec-8] DEBUG c.a.t.e.GlobalExceptionHandler -
                {status code=404 NOT_FOUND, message=No customer found by that name. Please check your spelling and formatting., uri=/api/owners-tools/customers/get-customer-name/name, timestamp=Wed, 13 Sep 2023 05:25:18 -0700}
2023-09-13 05:25:18 [http-nio-auto-2-exec-10] DEBUG c.a.t.e.GlobalExceptionHandler -
                {status code=404 NOT_FOUND, message=Menu item can not be added to order. Verify order id., uri=/api/owners-tools/orders/add-to-order/78/2/2, timestamp=Wed, 13 Sep 2023 05:25:18 -0700}
2023-09-13 05:25:18 [http-nio-auto-2-exec-2] DEBUG c.a.t.e.GlobalExceptionHandler -
                {status code=404 NOT_FOUND, message=Unable to find com.adamstraub.tonsoftacos.entities.MenuItem with id 66, uri=/api/owners-tools/orders/add-to-order/654654-465465-555/66/2, timestamp=Wed, 13 Sep 2023 05:25:18 -0700}
2023-09-13 05:25:19 [http-nio-auto-1-exec-3] DEBUG c.a.t.e.GlobalExceptionHandler -
                {status code=403 FORBIDDEN, message=Session expired., uri=/api/owners-tools/customers/delete-customer/1, timestamp=Wed, 13 Sep 2023 05:25:19 -0700}
2023-09-13 05:25:19 [http-nio-auto-1-exec-4] DEBUG c.a.t.e.GlobalExceptionHandler -
                {status code=401 UNAUTHORIZED, message=User unauthorized., uri=/api/owners-tools/customers/delete-customer/1, timestamp=Wed, 13 Sep 2023 05:25:19 -0700}
2023-09-13 05:25:19 [http-nio-auto-2-exec-4] DEBUG c.a.t.e.GlobalExceptionHandler -
                {status code=400 BAD_REQUEST, message=Customer name incorrectly formatted. Please consult the documentation., uri=/api/owners-tools/customers/edit-customer-name/gd34-igjr/dsfk%20jh!@, timestamp=Wed, 13 Sep 2023 05:25:19 -0700}
2023-09-13 05:25:19 [http-nio-auto-2-exec-6] DEBUG c.a.t.e.GlobalExceptionHandler -
                {status code=404 NOT_FOUND, message=No customer with that id found., uri=/api/owners-tools/customers/edit-customer-name/54/Gary%20Garrison, timestamp=Wed, 13 Sep 2023 05:25:19 -0700}
2023-09-13 05:25:19 [http-nio-auto-2-exec-8] DEBUG c.a.t.e.GlobalExceptionHandler -
                {status code=400 BAD_REQUEST, message=Order can not be closed if order is not ready., uri=/api/owners-tools/orders/close-order/654654-465465-555, timestamp=Wed, 13 Sep 2023 05:25:19 -0700}
