2023-09-05 19:28:08 [main] DEBUG c.a.t.config.security.JwtAuthFilter -
                Filter 'jwtAuthFilter' configured for use
2023-09-05 19:28:08 [main] INFO  c.a.t.TonsOfTacosApplication -
                Started TonsOfTacosApplication in 4.553 seconds (process running for 5.03)
2023-09-05 19:36:27 [main] INFO  c.a.t.TonsOfTacosApplication -
                Starting TonsOfTacosApplication using Java 17.0.6 with PID 184488 (/media/brian/Backup 22/Documents/Tablet Backup/Documents/Courses/Java/personal projects/TonsOfTacosV1.2/back-end/tons-of-tacos/target/classes started by brian in /media/brian/Backup 22/Documents/Tablet Backup/Documents/Courses/Java/personal projects/TonsOfTacosV1.2/back-end/tons-of-tacos)
2023-09-05 19:36:27 [main] DEBUG c.a.t.TonsOfTacosApplication -
                Running with Spring Boot v3.0.1, Spring v6.0.3
2023-09-05 19:36:27 [main] INFO  c.a.t.TonsOfTacosApplication -
                No active profile set, falling back to 1 default profile: "default"
2023-09-05 19:36:31 [main] DEBUG c.a.t.config.security.JwtAuthFilter -
                Filter 'jwtAuthFilter' configured for use
2023-09-05 19:36:31 [main] INFO  c.a.t.TonsOfTacosApplication -
                Started TonsOfTacosApplication in 4.612 seconds (process running for 5.042)
2023-09-05 19:50:46 [main] INFO  c.a.t.t.s.o.o.AddToOrderTest$testThatDoesNotPolluteTheApplicationContextUris -
                Starting AddToOrderTest.testThatDoesNotPolluteTheApplicationContextUris using Java 17.0.6 with PID 184887 (started by brian in /media/brian/Backup 22/Documents/Tablet Backup/Documents/Courses/Java/personal projects/TonsOfTacosV1.2/back-end/tons-of-tacos)
2023-09-05 19:50:46 [main] DEBUG c.a.t.t.s.o.o.AddToOrderTest$testThatDoesNotPolluteTheApplicationContextUris -
                Running with Spring Boot v3.0.1, Spring v6.0.3
2023-09-05 19:50:46 [main] INFO  c.a.t.t.s.o.o.AddToOrderTest$testThatDoesNotPolluteTheApplicationContextUris -
                No active profile set, falling back to 1 default profile: "default"
2023-09-05 19:50:51 [main] DEBUG c.a.t.config.security.JwtAuthFilter -
                Filter 'jwtAuthFilter' configured for use
2023-09-05 19:50:51 [main] INFO  c.a.t.t.s.o.o.AddToOrderTest$testThatDoesNotPolluteTheApplicationContextUris -
                Started AddToOrderTest.testThatDoesNotPolluteTheApplicationContextUris in 6.09 seconds (process running for 7.217)
2023-09-05 19:52:14 [main] INFO  c.a.t.t.s.o.o.AddToOrderTest$testThatDoesNotPolluteTheApplicationContextUris -
                Starting AddToOrderTest.testThatDoesNotPolluteTheApplicationContextUris using Java 17.0.6 with PID 185055 (started by brian in /media/brian/Backup 22/Documents/Tablet Backup/Documents/Courses/Java/personal projects/TonsOfTacosV1.2/back-end/tons-of-tacos)
2023-09-05 19:52:14 [main] DEBUG c.a.t.t.s.o.o.AddToOrderTest$testThatDoesNotPolluteTheApplicationContextUris -
                Running with Spring Boot v3.0.1, Spring v6.0.3
2023-09-05 19:52:14 [main] INFO  c.a.t.t.s.o.o.AddToOrderTest$testThatDoesNotPolluteTheApplicationContextUris -
                No active profile set, falling back to 1 default profile: "default"
2023-09-05 19:52:18 [main] DEBUG c.a.t.config.security.JwtAuthFilter -
                Filter 'jwtAuthFilter' configured for use
2023-09-05 19:52:19 [main] INFO  c.a.t.t.s.o.o.AddToOrderTest$testThatDoesNotPolluteTheApplicationContextUris -
                Started AddToOrderTest.testThatDoesNotPolluteTheApplicationContextUris in 6.02 seconds (process running for 7.106)
2023-09-05 19:54:05 [main] INFO  c.a.t.t.s.o.o.AddToOrderTest$testThatDoesNotPolluteTheApplicationContextUris -
                Starting AddToOrderTest.testThatDoesNotPolluteTheApplicationContextUris using Java 17.0.6 with PID 185227 (started by brian in /media/brian/Backup 22/Documents/Tablet Backup/Documents/Courses/Java/personal projects/TonsOfTacosV1.2/back-end/tons-of-tacos)
2023-09-05 19:54:05 [main] DEBUG c.a.t.t.s.o.o.AddToOrderTest$testThatDoesNotPolluteTheApplicationContextUris -
                Running with Spring Boot v3.0.1, Spring v6.0.3
2023-09-05 19:54:05 [main] INFO  c.a.t.t.s.o.o.AddToOrderTest$testThatDoesNotPolluteTheApplicationContextUris -
                No active profile set, falling back to 1 default profile: "default"
2023-09-05 19:54:10 [main] DEBUG c.a.t.config.security.JwtAuthFilter -
                Filter 'jwtAuthFilter' configured for use
2023-09-05 19:54:11 [main] INFO  c.a.t.t.s.o.o.AddToOrderTest$testThatDoesNotPolluteTheApplicationContextUris -
                Started AddToOrderTest.testThatDoesNotPolluteTheApplicationContextUris in 6.181 seconds (process running for 7.368)
2023-09-05 19:58:51 [main] INFO  c.a.t.t.s.o.o.AddToOrderTest$testThatDoesNotPolluteTheApplicationContextUris -
                Starting AddToOrderTest.testThatDoesNotPolluteTheApplicationContextUris using Java 17.0.6 with PID 185420 (started by brian in /media/brian/Backup 22/Documents/Tablet Backup/Documents/Courses/Java/personal projects/TonsOfTacosV1.2/back-end/tons-of-tacos)
2023-09-05 19:58:51 [main] DEBUG c.a.t.t.s.o.o.AddToOrderTest$testThatDoesNotPolluteTheApplicationContextUris -
                Running with Spring Boot v3.0.1, Spring v6.0.3
2023-09-05 19:58:51 [main] INFO  c.a.t.t.s.o.o.AddToOrderTest$testThatDoesNotPolluteTheApplicationContextUris -
                No active profile set, falling back to 1 default profile: "default"
2023-09-05 19:58:56 [main] DEBUG c.a.t.config.security.JwtAuthFilter -
                Filter 'jwtAuthFilter' configured for use
2023-09-05 19:58:57 [main] INFO  c.a.t.t.s.o.o.AddToOrderTest$testThatDoesNotPolluteTheApplicationContextUris -
                Started AddToOrderTest.testThatDoesNotPolluteTheApplicationContextUris in 5.911 seconds (process running for 7.062)
2023-09-05 19:58:58 [http-nio-auto-1-exec-2] DEBUG c.a.t.e.GlobalExceptionHandler -
                {status code=404 NOT_FOUND, message=Menu item can not be added to order. Verify order id., uri=/api/owners-tools/orders/add-to-order/654654-465465-55576/66/2, timestamp=Tue, 5 Sep 2023 19:58:58 -0700}
2023-09-05 20:00:13 [main] INFO  c.a.t.t.s.o.o.AddToOrderTest$testThatDoesNotPolluteTheApplicationContextUris -
                Starting AddToOrderTest.testThatDoesNotPolluteTheApplicationContextUris using Java 17.0.6 with PID 185644 (started by brian in /media/brian/Backup 22/Documents/Tablet Backup/Documents/Courses/Java/personal projects/TonsOfTacosV1.2/back-end/tons-of-tacos)
2023-09-05 20:00:13 [main] DEBUG c.a.t.t.s.o.o.AddToOrderTest$testThatDoesNotPolluteTheApplicationContextUris -
                Running with Spring Boot v3.0.1, Spring v6.0.3
2023-09-05 20:00:13 [main] INFO  c.a.t.t.s.o.o.AddToOrderTest$testThatDoesNotPolluteTheApplicationContextUris -
                No active profile set, falling back to 1 default profile: "default"
2023-09-05 20:00:17 [main] DEBUG c.a.t.config.security.JwtAuthFilter -
                Filter 'jwtAuthFilter' configured for use
2023-09-05 20:00:18 [main] INFO  c.a.t.t.s.o.o.AddToOrderTest$testThatDoesNotPolluteTheApplicationContextUris -
                Started AddToOrderTest.testThatDoesNotPolluteTheApplicationContextUris in 6.007 seconds (process running for 7.226)
2023-09-05 20:00:19 [http-nio-auto-1-exec-2] DEBUG c.a.t.e.GlobalExceptionHandler -
                {status code=404 NOT_FOUND, message=Menu item can not be added to order. Verify order id., uri=/api/owners-tools/orders/add-to-order/654654-465465-55576/66/2, timestamp=Tue, 5 Sep 2023 20:00:19 -0700}
2023-09-05 20:01:39 [main] INFO  c.a.t.t.s.o.o.AddToOrderTest$testThatDoesNotPolluteTheApplicationContextUris -
                Starting AddToOrderTest.testThatDoesNotPolluteTheApplicationContextUris using Java 17.0.6 with PID 185818 (started by brian in /media/brian/Backup 22/Documents/Tablet Backup/Documents/Courses/Java/personal projects/TonsOfTacosV1.2/back-end/tons-of-tacos)
2023-09-05 20:01:39 [main] DEBUG c.a.t.t.s.o.o.AddToOrderTest$testThatDoesNotPolluteTheApplicationContextUris -
                Running with Spring Boot v3.0.1, Spring v6.0.3
2023-09-05 20:01:39 [main] INFO  c.a.t.t.s.o.o.AddToOrderTest$testThatDoesNotPolluteTheApplicationContextUris -
                No active profile set, falling back to 1 default profile: "default"
2023-09-05 20:01:44 [main] DEBUG c.a.t.config.security.JwtAuthFilter -
                Filter 'jwtAuthFilter' configured for use
2023-09-05 20:01:45 [main] INFO  c.a.t.t.s.o.o.AddToOrderTest$testThatDoesNotPolluteTheApplicationContextUris -
                Started AddToOrderTest.testThatDoesNotPolluteTheApplicationContextUris in 6.006 seconds (process running for 7.179)
2023-09-05 20:01:46 [http-nio-auto-1-exec-2] DEBUG c.a.t.e.GlobalExceptionHandler -
                {status code=404 NOT_FOUND, message=Unable to find com.adamstraub.tonsoftacos.entities.MenuItem with id 66, uri=/api/owners-tools/orders/add-to-order/654654-465465-555/66/2, timestamp=Tue, 5 Sep 2023 20:01:46 -0700}
2023-09-05 20:06:37 [main] INFO  c.a.t.t.s.o.o.AddToOrderTest$testThatDoesNotPolluteTheApplicationContextUris -
                Starting AddToOrderTest.testThatDoesNotPolluteTheApplicationContextUris using Java 17.0.6 with PID 186086 (started by brian in /media/brian/Backup 22/Documents/Tablet Backup/Documents/Courses/Java/personal projects/TonsOfTacosV1.2/back-end/tons-of-tacos)
2023-09-05 20:06:37 [main] DEBUG c.a.t.t.s.o.o.AddToOrderTest$testThatDoesNotPolluteTheApplicationContextUris -
                Running with Spring Boot v3.0.1, Spring v6.0.3
2023-09-05 20:06:37 [main] INFO  c.a.t.t.s.o.o.AddToOrderTest$testThatDoesNotPolluteTheApplicationContextUris -
                No active profile set, falling back to 1 default profile: "default"
2023-09-05 20:06:42 [main] DEBUG c.a.t.config.security.JwtAuthFilter -
                Filter 'jwtAuthFilter' configured for use
2023-09-05 20:06:43 [main] INFO  c.a.t.t.s.o.o.AddToOrderTest$testThatDoesNotPolluteTheApplicationContextUris -
                Started AddToOrderTest.testThatDoesNotPolluteTheApplicationContextUris in 6.125 seconds (process running for 7.231)
2023-09-05 20:06:44 [http-nio-auto-1-exec-2] DEBUG c.a.t.e.GlobalExceptionHandler -
                {status code=404 NOT_FOUND, message=Menu item can not be added to order. Verify order id., uri=/api/owners-tools/orders/add-to-order/78/2/2, timestamp=Tue, 5 Sep 2023 20:06:44 -0700}
2023-09-05 20:06:52 [main] INFO  c.a.t.t.s.o.o.AddToOrderTest$testThatDoesNotPolluteTheApplicationContextUris -
                Starting AddToOrderTest.testThatDoesNotPolluteTheApplicationContextUris using Java 17.0.6 with PID 186222 (started by brian in /media/brian/Backup 22/Documents/Tablet Backup/Documents/Courses/Java/personal projects/TonsOfTacosV1.2/back-end/tons-of-tacos)
2023-09-05 20:06:52 [main] DEBUG c.a.t.t.s.o.o.AddToOrderTest$testThatDoesNotPolluteTheApplicationContextUris -
                Running with Spring Boot v3.0.1, Spring v6.0.3
2023-09-05 20:06:52 [main] INFO  c.a.t.t.s.o.o.AddToOrderTest$testThatDoesNotPolluteTheApplicationContextUris -
                No active profile set, falling back to 1 default profile: "default"
