2023-09-10 11:14:16 [main] DEBUG c.a.t.config.security.JwtAuthFilter -
                Filter 'jwtAuthFilter' configured for use
2023-09-10 11:14:16 [main] INFO  c.a.t.TonsOfTacosApplication -
                Started TonsOfTacosApplication in 4.789 seconds (process running for 5.231)
2023-09-10 11:14:28 [http-nio-8080-exec-1] DEBUG c.a.t.e.GlobalExceptionHandler -
                {status code=403 FORBIDDEN, message=Session expired., uri=/api/owners-tools/orders/get-order/orderUid, timestamp=Sun, 10 Sep 2023 11:14:28 -0700}
2023-09-10 11:19:57 [main] INFO  c.a.t.TonsOfTacosApplication -
                Starting TonsOfTacosApplication using Java 17.0.6 with PID 378969 (/media/brian/Backup 22/Documents/Tablet Backup/Documents/Courses/Java/personal projects/TonsOfTacosV1.2/back-end/tons-of-tacos/target/classes started by brian in /media/brian/Backup 22/Documents/Tablet Backup/Documents/Courses/Java/personal projects/TonsOfTacosV1.2/back-end/tons-of-tacos)
2023-09-10 11:19:57 [main] DEBUG c.a.t.TonsOfTacosApplication -
                Running with Spring Boot v3.0.1, Spring v6.0.3
2023-09-10 11:19:57 [main] INFO  c.a.t.TonsOfTacosApplication -
                No active profile set, falling back to 1 default profile: "default"
2023-09-10 11:20:01 [main] DEBUG c.a.t.config.security.JwtAuthFilter -
                Filter 'jwtAuthFilter' configured for use
2023-09-10 11:20:01 [main] INFO  c.a.t.TonsOfTacosApplication -
                Started TonsOfTacosApplication in 4.606 seconds (process running for 5.04)
2023-09-10 11:25:00 [main] INFO  c.a.t.TonsOfTacosApplication -
                Starting TonsOfTacosApplication using Java 17.0.6 with PID 380533 (/media/brian/Backup 22/Documents/Tablet Backup/Documents/Courses/Java/personal projects/TonsOfTacosV1.2/back-end/tons-of-tacos/target/classes started by brian in /media/brian/Backup 22/Documents/Tablet Backup/Documents/Courses/Java/personal projects/TonsOfTacosV1.2/back-end/tons-of-tacos)
2023-09-10 11:25:00 [main] DEBUG c.a.t.TonsOfTacosApplication -
                Running with Spring Boot v3.0.1, Spring v6.0.3
2023-09-10 11:25:00 [main] INFO  c.a.t.TonsOfTacosApplication -
                No active profile set, falling back to 1 default profile: "default"
2023-09-10 11:25:03 [main] DEBUG c.a.t.config.security.JwtAuthFilter -
                Filter 'jwtAuthFilter' configured for use
2023-09-10 11:25:04 [main] INFO  c.a.t.TonsOfTacosApplication -
                Started TonsOfTacosApplication in 4.431 seconds (process running for 4.846)
2023-09-10 11:26:05 [main] INFO  c.a.t.TonsOfTacosApplication -
                Starting TonsOfTacosApplication using Java 17.0.6 with PID 380682 (/media/brian/Backup 22/Documents/Tablet Backup/Documents/Courses/Java/personal projects/TonsOfTacosV1.2/back-end/tons-of-tacos/target/classes started by brian in /media/brian/Backup 22/Documents/Tablet Backup/Documents/Courses/Java/personal projects/TonsOfTacosV1.2/back-end/tons-of-tacos)
2023-09-10 11:26:05 [main] DEBUG c.a.t.TonsOfTacosApplication -
                Running with Spring Boot v3.0.1, Spring v6.0.3
2023-09-10 11:26:05 [main] INFO  c.a.t.TonsOfTacosApplication -
                No active profile set, falling back to 1 default profile: "default"
2023-09-10 11:26:09 [main] DEBUG c.a.t.config.security.JwtAuthFilter -
                Filter 'jwtAuthFilter' configured for use
2023-09-10 11:26:09 [main] INFO  c.a.t.TonsOfTacosApplication -
                Started TonsOfTacosApplication in 4.704 seconds (process running for 5.125)
2023-09-10 11:29:10 [http-nio-8080-exec-10] DEBUG c.a.t.e.GlobalExceptionHandler -
                {status code=400 BAD_REQUEST, message=New customer email can not be same as previous., uri=/api/owners-tools/customers/edit-customer-email/09t8-g093/gussy@guss.com, timestamp=Sun, 10 Sep 2023 11:29:10 -0700}
2023-09-10 11:29:17 [http-nio-8080-exec-1] DEBUG c.a.t.e.GlobalExceptionHandler -
                {status code=400 BAD_REQUEST, message=New customer name can not be same as previous name., uri=/api/owners-tools/customers/edit-customer-name/09t8-g093/Bob%20Bobson, timestamp=Sun, 10 Sep 2023 11:29:17 -0700}
2023-09-10 11:31:41 [main] INFO  c.a.t.TonsOfTacosApplication -
                Starting TonsOfTacosApplication using Java 17.0.6 with PID 380950 (/media/brian/Backup 22/Documents/Tablet Backup/Documents/Courses/Java/personal projects/TonsOfTacosV1.2/back-end/tons-of-tacos/target/classes started by brian in /media/brian/Backup 22/Documents/Tablet Backup/Documents/Courses/Java/personal projects/TonsOfTacosV1.2/back-end/tons-of-tacos)
2023-09-10 11:31:41 [main] DEBUG c.a.t.TonsOfTacosApplication -
                Running with Spring Boot v3.0.1, Spring v6.0.3
2023-09-10 11:31:41 [main] INFO  c.a.t.TonsOfTacosApplication -
                No active profile set, falling back to 1 default profile: "default"
2023-09-10 11:31:45 [main] DEBUG c.a.t.config.security.JwtAuthFilter -
                Filter 'jwtAuthFilter' configured for use
2023-09-10 11:31:45 [main] INFO  c.a.t.TonsOfTacosApplication -
                Started TonsOfTacosApplication in 4.481 seconds (process running for 4.894)
2023-09-10 11:34:32 [main] INFO  c.a.t.TonsOfTacosApplication -
                Starting TonsOfTacosApplication using Java 17.0.6 with PID 381145 (/media/brian/Backup 22/Documents/Tablet Backup/Documents/Courses/Java/personal projects/TonsOfTacosV1.2/back-end/tons-of-tacos/target/classes started by brian in /media/brian/Backup 22/Documents/Tablet Backup/Documents/Courses/Java/personal projects/TonsOfTacosV1.2/back-end/tons-of-tacos)
2023-09-10 11:34:32 [main] DEBUG c.a.t.TonsOfTacosApplication -
                Running with Spring Boot v3.0.1, Spring v6.0.3
2023-09-10 11:34:32 [main] INFO  c.a.t.TonsOfTacosApplication -
                No active profile set, falling back to 1 default profile: "default"
2023-09-10 11:34:35 [main] DEBUG c.a.t.config.security.JwtAuthFilter -
                Filter 'jwtAuthFilter' configured for use
2023-09-10 11:34:36 [main] INFO  c.a.t.TonsOfTacosApplication -
                Started TonsOfTacosApplication in 4.557 seconds (process running for 4.995)
2023-09-10 11:35:21 [main] INFO  c.a.t.TonsOfTacosApplication -
                Starting TonsOfTacosApplication using Java 17.0.6 with PID 381316 (/media/brian/Backup 22/Documents/Tablet Backup/Documents/Courses/Java/personal projects/TonsOfTacosV1.2/back-end/tons-of-tacos/target/classes started by brian in /media/brian/Backup 22/Documents/Tablet Backup/Documents/Courses/Java/personal projects/TonsOfTacosV1.2/back-end/tons-of-tacos)
2023-09-10 11:35:21 [main] DEBUG c.a.t.TonsOfTacosApplication -
                Running with Spring Boot v3.0.1, Spring v6.0.3
2023-09-10 11:35:21 [main] INFO  c.a.t.TonsOfTacosApplication -
                No active profile set, falling back to 1 default profile: "default"
2023-09-10 11:35:24 [main] DEBUG c.a.t.config.security.JwtAuthFilter -
                Filter 'jwtAuthFilter' configured for use
2023-09-10 11:35:25 [main] INFO  c.a.t.TonsOfTacosApplication -
                Started TonsOfTacosApplication in 4.577 seconds (process running for 5.018)
2023-09-10 11:35:35 [http-nio-8080-exec-1] DEBUG c.a.t.e.GlobalExceptionHandler -
                {status code=400 BAD_REQUEST, message=New customer email can not be same as previous., uri=/api/owners-tools/customers/edit-customer-email/09t8-g093/gussy@guss.com, timestamp=Sun, 10 Sep 2023 11:35:35 -0700}
2023-09-10 11:41:27 [main] INFO  c.a.t.t.s.o.o.GetCustomerByNameTest$testThatDoesNotPolluteTheApplicationContextUris -
                Starting GetCustomerByNameTest.testThatDoesNotPolluteTheApplicationContextUris using Java 17.0.6 with PID 381615 (started by brian in /media/brian/Backup 22/Documents/Tablet Backup/Documents/Courses/Java/personal projects/TonsOfTacosV1.2/back-end/tons-of-tacos)
2023-09-10 11:41:27 [main] DEBUG c.a.t.t.s.o.o.GetCustomerByNameTest$testThatDoesNotPolluteTheApplicationContextUris -
                Running with Spring Boot v3.0.1, Spring v6.0.3
2023-09-10 11:41:27 [main] INFO  c.a.t.t.s.o.o.GetCustomerByNameTest$testThatDoesNotPolluteTheApplicationContextUris -
                No active profile set, falling back to 1 default profile: "default"
2023-09-10 11:41:32 [main] DEBUG c.a.t.config.security.JwtAuthFilter -
                Filter 'jwtAuthFilter' configured for use
2023-09-10 11:41:33 [main] INFO  c.a.t.t.s.o.o.GetCustomerByNameTest$testThatDoesNotPolluteTheApplicationContextUris -
                Started GetCustomerByNameTest.testThatDoesNotPolluteTheApplicationContextUris in 6.126 seconds (process running for 7.294)
2023-09-10 11:45:50 [main] INFO  c.a.t.TonsOfTacosApplication -
                Starting TonsOfTacosApplication using Java 17.0.6 with PID 381921 (/media/brian/Backup 22/Documents/Tablet Backup/Documents/Courses/Java/personal projects/TonsOfTacosV1.2/back-end/tons-of-tacos/target/classes started by brian in /media/brian/Backup 22/Documents/Tablet Backup/Documents/Courses/Java/personal projects/TonsOfTacosV1.2/back-end/tons-of-tacos)
2023-09-10 11:45:50 [main] DEBUG c.a.t.TonsOfTacosApplication -
                Running with Spring Boot v3.0.1, Spring v6.0.3
2023-09-10 11:45:50 [main] INFO  c.a.t.TonsOfTacosApplication -
                No active profile set, falling back to 1 default profile: "default"
2023-09-10 11:45:53 [main] DEBUG c.a.t.config.security.JwtAuthFilter -
                Filter 'jwtAuthFilter' configured for use
2023-09-10 11:45:54 [main] INFO  c.a.t.TonsOfTacosApplication -
                Started TonsOfTacosApplication in 4.591 seconds (process running for 5.007)
2023-09-10 11:48:33 [main] INFO  c.a.t.TonsOfTacosApplication -
                Starting TonsOfTacosApplication using Java 17.0.6 with PID 382113 (/media/brian/Backup 22/Documents/Tablet Backup/Documents/Courses/Java/personal projects/TonsOfTacosV1.2/back-end/tons-of-tacos/target/classes started by brian in /media/brian/Backup 22/Documents/Tablet Backup/Documents/Courses/Java/personal projects/TonsOfTacosV1.2/back-end/tons-of-tacos)
2023-09-10 11:48:33 [main] DEBUG c.a.t.TonsOfTacosApplication -
                Running with Spring Boot v3.0.1, Spring v6.0.3
2023-09-10 11:48:33 [main] INFO  c.a.t.TonsOfTacosApplication -
                No active profile set, falling back to 1 default profile: "default"
