2023-09-13 05:48:20 [main] DEBUG c.a.t.config.security.JwtAuthFilter -
                Filter 'jwtAuthFilter' configured for use
2023-09-13 05:48:21 [main] INFO  c.a.t.t.s.o.o.DeleteCustomerByUidTest$testThatDoesNotPolluteTheApplicationContextUris -
                Started DeleteCustomerByUidTest.testThatDoesNotPolluteTheApplicationContextUris in 5.95 seconds (process running for 7.148)
2023-09-13 05:48:22 [http-nio-auto-1-exec-3] DEBUG c.a.t.e.GlobalExceptionHandler -
                {status code=404 NOT_FOUND, message=No customer found with that UID. Please verify and try  again., uri=/api/owners-tools/customers/get-customer-uid/customerUid, timestamp=Wed, 13 Sep 2023 05:48:22 -0700}
2023-09-13 05:48:22 [http-nio-auto-1-exec-5] DEBUG c.a.t.e.GlobalExceptionHandler -
                {status code=404 NOT_FOUND, message=No customer with that uid found. Please check formatting and verify customer exists., uri=/api/owners-tools/customers/delete-customer/85, timestamp=Wed, 13 Sep 2023 05:48:22 -0700}
2023-09-13 05:48:22 [http-nio-auto-1-exec-9] DEBUG c.a.t.e.GlobalExceptionHandler -
                {status code=404 NOT_FOUND, message=No customer found by that name. Please check your spelling and formatting., uri=/api/owners-tools/customers/get-customer-name/name, timestamp=Wed, 13 Sep 2023 05:48:22 -0700}
2023-09-13 05:48:23 [http-nio-auto-1-exec-5] DEBUG c.a.t.e.GlobalExceptionHandler -
                {status code=404 NOT_FOUND, message=No customer with that uid found. Please check formatting and verify customer exists., uri=/api/owners-tools/customers/edit-customer-phone/14/555.555.5156, timestamp=Wed, 13 Sep 2023 05:48:23 -0700}
2023-09-13 05:48:23 [http-nio-auto-1-exec-1] DEBUG c.a.t.e.GlobalExceptionHandler -
                {status code=400 BAD_REQUEST, message=Customer name incorrectly formatted. Please consult the documentation., uri=/api/owners-tools/customers/edit-customer-name/gd34-igjr/dsfk%20jh!@, timestamp=Wed, 13 Sep 2023 05:48:23 -0700}
2023-09-13 05:48:23 [http-nio-auto-1-exec-3] DEBUG c.a.t.e.GlobalExceptionHandler -
                {status code=404 NOT_FOUND, message=No customer with that id found., uri=/api/owners-tools/customers/edit-customer-name/54/Gary%20Garrison, timestamp=Wed, 13 Sep 2023 05:48:23 -0700}
2023-09-13 05:48:23 [main] INFO  c.a.t.t.s.o.o.GetAllCustomersTest$testThatDoesNotPolluteTheApplicationContextUris -
                Starting GetAllCustomersTest.testThatDoesNotPolluteTheApplicationContextUris using Java 17.0.6 with PID 527065 (started by brian in /media/brian/Backup 22/Documents/Tablet Backup/Documents/Courses/Java/personal projects/TonsOfTacosV1.2/back-end/tons-of-tacos)
2023-09-13 05:48:23 [main] DEBUG c.a.t.t.s.o.o.GetAllCustomersTest$testThatDoesNotPolluteTheApplicationContextUris -
                Running with Spring Boot v3.0.1, Spring v6.0.3
2023-09-13 05:48:23 [main] INFO  c.a.t.t.s.o.o.GetAllCustomersTest$testThatDoesNotPolluteTheApplicationContextUris -
                No active profile set, falling back to 1 default profile: "default"
2023-09-13 05:48:24 [main] DEBUG c.a.t.config.security.JwtAuthFilter -
                Filter 'jwtAuthFilter' configured for use
2023-09-13 05:48:24 [main] INFO  c.a.t.t.s.o.o.GetAllCustomersTest$testThatDoesNotPolluteTheApplicationContextUris -
                Started GetAllCustomersTest.testThatDoesNotPolluteTheApplicationContextUris in 1.123 seconds (process running for 10.102)
2023-09-13 05:48:25 [http-nio-auto-1-exec-5] DEBUG c.a.t.e.GlobalExceptionHandler -
                {status code=404 NOT_FOUND, message=No customer found with that UID. Please verify and try  again., uri=/api/owners-tools/customers/get-customer-uid/customerUid, timestamp=Wed, 13 Sep 2023 05:48:25 -0700}
2023-09-13 05:48:25 [http-nio-auto-1-exec-9] DEBUG c.a.t.e.GlobalExceptionHandler -
                {status code=404 NOT_FOUND, message=No customer with that id found., uri=/api/owners-tools/customers/edit-customer-email/13/larry@larbo.com, timestamp=Wed, 13 Sep 2023 05:48:25 -0700}
2023-09-13 05:48:25 [http-nio-auto-1-exec-5] DEBUG c.a.t.e.GlobalExceptionHandler -
                {status code=400 BAD_REQUEST, message=Email does not match formatting requirements, please consult the docs., uri=/api/owners-tools/customers/edit-customer-email/gd34-igjr/larrylarbo.com, timestamp=Wed, 13 Sep 2023 05:48:25 -0700}
2023-09-13 05:48:57 [main] INFO  c.a.t.t.s.o.o.GetAllOrdersTests$testThatDoesNotPolluteTheApplicationContextUris -
                Starting GetAllOrdersTests.testThatDoesNotPolluteTheApplicationContextUris using Java 17.0.6 with PID 527267 (started by brian in /media/brian/Backup 22/Documents/Tablet Backup/Documents/Courses/Java/personal projects/TonsOfTacosV1.2/back-end/tons-of-tacos)
2023-09-13 05:48:57 [main] DEBUG c.a.t.t.s.o.o.GetAllOrdersTests$testThatDoesNotPolluteTheApplicationContextUris -
                Running with Spring Boot v3.0.1, Spring v6.0.3
2023-09-13 05:48:57 [main] INFO  c.a.t.t.s.o.o.GetAllOrdersTests$testThatDoesNotPolluteTheApplicationContextUris -
                No active profile set, falling back to 1 default profile: "default"
2023-09-13 05:49:02 [main] DEBUG c.a.t.config.security.JwtAuthFilter -
                Filter 'jwtAuthFilter' configured for use
2023-09-13 05:49:03 [main] INFO  c.a.t.t.s.o.o.GetAllOrdersTests$testThatDoesNotPolluteTheApplicationContextUris -
                Started GetAllOrdersTests.testThatDoesNotPolluteTheApplicationContextUris in 5.972 seconds (process running for 7.184)
2023-09-13 05:49:04 [main] INFO  c.a.t.t.s.o.o.DeleteOrderTests$testThatDoesNotPolluteTheApplicationContextUris -
                Starting DeleteOrderTests.testThatDoesNotPolluteTheApplicationContextUris using Java 17.0.6 with PID 527267 (started by brian in /media/brian/Backup 22/Documents/Tablet Backup/Documents/Courses/Java/personal projects/TonsOfTacosV1.2/back-end/tons-of-tacos)
2023-09-13 05:49:04 [main] DEBUG c.a.t.t.s.o.o.DeleteOrderTests$testThatDoesNotPolluteTheApplicationContextUris -
                Running with Spring Boot v3.0.1, Spring v6.0.3
2023-09-13 05:49:04 [main] INFO  c.a.t.t.s.o.o.DeleteOrderTests$testThatDoesNotPolluteTheApplicationContextUris -
                No active profile set, falling back to 1 default profile: "default"
2023-09-13 05:49:05 [main] DEBUG c.a.t.config.security.JwtAuthFilter -
                Filter 'jwtAuthFilter' configured for use
2023-09-13 05:49:05 [main] INFO  c.a.t.t.s.o.o.DeleteOrderTests$testThatDoesNotPolluteTheApplicationContextUris -
                Started DeleteOrderTests.testThatDoesNotPolluteTheApplicationContextUris in 1.124 seconds (process running for 9.44)
2023-09-13 05:49:05 [http-nio-auto-2-exec-5] DEBUG c.a.t.e.GlobalExceptionHandler -
                {status code=404 NOT_FOUND, message=Can not delete order. Verify order exists., uri=/api/owners-tools/orders/delete-order/78, timestamp=Wed, 13 Sep 2023 05:49:05 -0700}
2023-09-13 05:49:06 [http-nio-auto-2-exec-7] DEBUG c.a.t.e.GlobalExceptionHandler -
                {status code=404 NOT_FOUND, message=Menu item can not be added to order. Verify order id., uri=/api/owners-tools/orders/add-to-order/78/2/2, timestamp=Wed, 13 Sep 2023 05:49:06 -0700}
2023-09-13 05:49:06 [http-nio-auto-2-exec-9] DEBUG c.a.t.e.GlobalExceptionHandler -
                {status code=404 NOT_FOUND, message=Unable to find com.adamstraub.tonsoftacos.entities.MenuItem with id 66, uri=/api/owners-tools/orders/add-to-order/654654-465465-555/66/2, timestamp=Wed, 13 Sep 2023 05:49:06 -0700}
2023-09-13 05:49:06 [http-nio-auto-2-exec-7] DEBUG c.a.t.e.GlobalExceptionHandler -
                {status code=400 BAD_REQUEST, message=Order can not be closed if order is not ready., uri=/api/owners-tools/orders/close-order/654654-465465-555, timestamp=Wed, 13 Sep 2023 05:49:06 -0700}
2023-09-13 05:49:07 [http-nio-auto-2-exec-3] DEBUG c.a.t.e.GlobalExceptionHandler -
                {status code=404 NOT_FOUND, message=Order cannot be found and as such can not be closed. Please verify order id., uri=/api/owners-tools/orders/close-order/66, timestamp=Wed, 13 Sep 2023 05:49:07 -0700}
2023-09-13 05:49:07 [http-nio-auto-2-exec-1] DEBUG c.a.t.e.GlobalExceptionHandler -
                {status code=404 NOT_FOUND, message=Order does not exist. Please verify order id and try again., uri=/api/owners-tools/orders/order-ready/88, timestamp=Wed, 13 Sep 2023 05:49:07 -0700}
2023-09-13 05:49:07 [http-nio-auto-2-exec-6] DEBUG c.a.t.e.GlobalExceptionHandler -
                {status code=404 NOT_FOUND, message=Order item not updated. Verify order item is part of order., uri=/api/owners-tools/orders/update-order-item/654654-465465-555/88/2, timestamp=Wed, 13 Sep 2023 05:49:07 -0700}
2023-09-13 05:49:07 [http-nio-auto-2-exec-8] DEBUG c.a.t.e.GlobalExceptionHandler -
                {status code=400 BAD_REQUEST, message=We were unable to process your request. Please contact us when trying to order more than 10 of any given item., uri=/api/owners-tools/orders/update-order-item/654654-465465-555/3/12, timestamp=Wed, 13 Sep 2023 05:49:07 -0700}
2023-09-13 05:49:07 [http-nio-auto-2-exec-4] DEBUG c.a.t.e.GlobalExceptionHandler -
                {status code=404 NOT_FOUND, message=Order item not updated. Verify order exists., uri=/api/owners-tools/orders/update-order-item/77/3/2, timestamp=Wed, 13 Sep 2023 05:49:07 -0700}
2023-09-13 05:50:25 [main] INFO  c.a.t.t.s.o.o.DeleteOrderTests$testThatDoesNotPolluteTheApplicationContextUris -
                Starting DeleteOrderTests.testThatDoesNotPolluteTheApplicationContextUris using Java 17.0.6 with PID 527415 (started by brian in /media/brian/Backup 22/Documents/Tablet Backup/Documents/Courses/Java/personal projects/TonsOfTacosV1.2/back-end/tons-of-tacos)
2023-09-13 05:50:25 [main] DEBUG c.a.t.t.s.o.o.DeleteOrderTests$testThatDoesNotPolluteTheApplicationContextUris -
                Running with Spring Boot v3.0.1, Spring v6.0.3
2023-09-13 05:50:25 [main] INFO  c.a.t.t.s.o.o.DeleteOrderTests$testThatDoesNotPolluteTheApplicationContextUris -
                No active profile set, falling back to 1 default profile: "default"
2023-09-13 05:50:29 [main] DEBUG c.a.t.config.security.JwtAuthFilter -
                Filter 'jwtAuthFilter' configured for use
2023-09-13 05:50:30 [main] INFO  c.a.t.t.s.o.o.DeleteOrderTests$testThatDoesNotPolluteTheApplicationContextUris -
                Started DeleteOrderTests.testThatDoesNotPolluteTheApplicationContextUris in 5.964 seconds (process running for 7.037)
2023-09-13 05:51:54 [main] INFO  c.a.t.t.s.o.o.DeleteOrderTests$testThatDoesNotPolluteTheApplicationContextUris -
                Starting DeleteOrderTests.testThatDoesNotPolluteTheApplicationContextUris using Java 17.0.6 with PID 527604 (started by brian in /media/brian/Backup 22/Documents/Tablet Backup/Documents/Courses/Java/personal projects/TonsOfTacosV1.2/back-end/tons-of-tacos)
2023-09-13 05:51:54 [main] DEBUG c.a.t.t.s.o.o.DeleteOrderTests$testThatDoesNotPolluteTheApplicationContextUris -
                Running with Spring Boot v3.0.1, Spring v6.0.3
2023-09-13 05:51:54 [main] INFO  c.a.t.t.s.o.o.DeleteOrderTests$testThatDoesNotPolluteTheApplicationContextUris -
                No active profile set, falling back to 1 default profile: "default"
