2023-10-11 05:41:21 [http-nio-auto-1-exec-2] DEBUG c.a.t.e.GlobalExceptionHandler -
                {status code=404 NOT_FOUND, message=No order found with that UID. Please verify and try again., uri=/api/owners-tools/orders/get-order-uid/orderUid, timestamp=Wed, 11 Oct 2023 05:41:21 -0700}
2023-10-11 05:41:21 [http-nio-auto-1-exec-6] DEBUG c.a.t.e.GlobalExceptionHandler -
                {status code=404 NOT_FOUND, message=No customer found by that name. Please check your spelling and formatting., uri=/api/owners-tools/customers/get-customer-name/name, timestamp=Wed, 11 Oct 2023 05:41:21 -0700}
2023-10-11 05:41:21 [http-nio-auto-1-exec-8] DEBUG c.a.t.e.GlobalExceptionHandler -
                {status code=400 BAD_REQUEST, message=Order can not be closed if order is not ready., uri=/api/owners-tools/orders/close-order/654654-465465-555, timestamp=Wed, 11 Oct 2023 05:41:21 -0700}
2023-10-11 05:41:22 [http-nio-auto-1-exec-6] DEBUG c.a.t.e.GlobalExceptionHandler -
                {status code=404 NOT_FOUND, message=Order cannot be found and as such can not be closed. Please verify order id., uri=/api/owners-tools/orders/close-order/66, timestamp=Wed, 11 Oct 2023 05:41:22 -0700}
2023-10-11 05:41:22 [http-nio-auto-1-exec-2] DEBUG c.a.t.e.GlobalExceptionHandler -
                {status code=400 BAD_REQUEST, message=Customer name incorrectly formatted. Please consult the documentation., uri=/api/owners-tools/customers/edit-customer-name/gd34-igjr/dsfk%20jh!@, timestamp=Wed, 11 Oct 2023 05:41:22 -0700}
2023-10-11 05:41:22 [http-nio-auto-1-exec-4] DEBUG c.a.t.e.GlobalExceptionHandler -
                {status code=404 NOT_FOUND, message=No customer with that id found., uri=/api/owners-tools/customers/edit-customer-name/54/Gary%20Garrison, timestamp=Wed, 11 Oct 2023 05:41:22 -0700}
2023-10-11 05:41:22 [http-nio-auto-4-exec-5] DEBUG c.a.t.e.GlobalExceptionHandler -
                {status code=403 FORBIDDEN, message=Session expired., uri=/api/owners-tools/customers/delete-customer/1, timestamp=Wed, 11 Oct 2023 05:41:22 -0700}
2023-10-11 05:41:22 [http-nio-auto-4-exec-6] DEBUG c.a.t.e.GlobalExceptionHandler -
                {status code=401 UNAUTHORIZED, message=User unauthorized., uri=/api/owners-tools/customers/delete-customer/1, timestamp=Wed, 11 Oct 2023 05:41:22 -0700}
2023-10-11 05:41:22 [http-nio-auto-1-exec-6] DEBUG c.a.t.e.GlobalExceptionHandler -
                {status code=404 NOT_FOUND, message=No customer found with that UID. Please verify and try  again., uri=/api/owners-tools/customers/get-customer-uid/customerUid, timestamp=Wed, 11 Oct 2023 05:41:22 -0700}
2023-10-11 05:41:22 [http-nio-auto-1-exec-6] DEBUG c.a.t.e.GlobalExceptionHandler -
                {status code=404 NOT_FOUND, message=Order does not exist. Please verify order id and try again., uri=/api/owners-tools/orders/order-ready/88, timestamp=Wed, 11 Oct 2023 05:41:22 -0700}
2023-10-11 05:41:23 [http-nio-auto-4-exec-1] DEBUG c.a.t.e.GlobalExceptionHandler -
                {status code=400 BAD_REQUEST, message=Customer name incorrectly formatted. Please consult the documentation., uri=/api/order/checkout, timestamp=Wed, 11 Oct 2023 05:41:23 -0700}
2023-10-11 05:41:23 [http-nio-auto-4-exec-4] DEBUG c.a.t.e.GlobalExceptionHandler -
                {status code=401 UNAUTHORIZED, message=Invalid username or password., uri=/api/owners-tools/login, timestamp=Wed, 11 Oct 2023 05:41:23 -0700}
2023-10-11 05:41:23 [main] INFO  c.a.t.t.TonsOfTacosApplicationTests -
                Starting TonsOfTacosApplicationTests using Java 17.0.6 with PID 97935 (started by brian in /media/brian/Expansion/disk 2/Documents/Tablet Backup/Documents/Courses/Java/personal projects/TonsOfTacosV1.2/back-end/tons-of-tacos)
2023-10-11 05:41:23 [main] DEBUG c.a.t.t.TonsOfTacosApplicationTests -
                Running with Spring Boot v3.0.1, Spring v6.0.3
2023-10-11 05:41:23 [main] INFO  c.a.t.t.TonsOfTacosApplicationTests -
                No active profile set, falling back to 1 default profile: "default"
2023-10-11 05:41:23 [main] INFO  c.a.t.t.TonsOfTacosApplicationTests -
                Started TonsOfTacosApplicationTests in 0.402 seconds (process running for 11.399)
2023-10-11 05:41:23 [http-nio-auto-1-exec-1] DEBUG c.a.t.e.GlobalExceptionHandler -
                {status code=404 NOT_FOUND, message=No customer with that id found., uri=/api/owners-tools/customers/edit-customer-email/13/larry@larbo.com, timestamp=Wed, 11 Oct 2023 05:41:23 -0700}
2023-10-11 05:41:24 [http-nio-auto-1-exec-7] DEBUG c.a.t.e.GlobalExceptionHandler -
                {status code=400 BAD_REQUEST, message=Email does not match formatting requirements, please consult the docs., uri=/api/owners-tools/customers/edit-customer-email/gd34-igjr/larrylarbo.com, timestamp=Wed, 11 Oct 2023 05:41:24 -0700}
2023-10-11 05:41:43 [main] INFO  c.a.t.TonsOfTacosApplication -
                Starting TonsOfTacosApplication using Java 17.0.6 with PID 98165 (/media/brian/Expansion/disk 2/Documents/Tablet Backup/Documents/Courses/Java/personal projects/TonsOfTacosV1.2/back-end/tons-of-tacos/target/classes started by brian in /media/brian/Expansion/disk 2/Documents/Tablet Backup/Documents/Courses/Java/personal projects/TonsOfTacosV1.2/back-end/tons-of-tacos)
2023-10-11 05:41:43 [main] DEBUG c.a.t.TonsOfTacosApplication -
                Running with Spring Boot v3.0.1, Spring v6.0.3
2023-10-11 05:41:43 [main] INFO  c.a.t.TonsOfTacosApplication -
                No active profile set, falling back to 1 default profile: "default"
2023-10-11 05:41:45 [main] DEBUG c.a.t.config.security.JwtAuthFilter -
                Filter 'jwtAuthFilter' configured for use
2023-10-11 05:41:46 [main] INFO  c.a.t.TonsOfTacosApplication -
                Started TonsOfTacosApplication in 3.326 seconds (process running for 3.674)
2023-10-11 05:41:58 [http-nio-8080-exec-1] DEBUG c.a.t.e.GlobalExceptionHandler -
                {status code=401 UNAUTHORIZED, message=Invalid username or password., uri=/api/owners-tools/login, timestamp=Wed, 11 Oct 2023 05:41:58 -0700}
2023-10-11 05:48:03 [http-nio-8080-exec-5] DEBUG c.a.t.e.GlobalExceptionHandler -
                {status code=401 UNAUTHORIZED, message=Invalid username or password., uri=/api/owners-tools/login, timestamp=Wed, 11 Oct 2023 05:48:03 -0700}
2023-10-11 05:48:05 [http-nio-8080-exec-6] DEBUG c.a.t.e.GlobalExceptionHandler -
                {status code=401 UNAUTHORIZED, message=Invalid username or password., uri=/api/owners-tools/login, timestamp=Wed, 11 Oct 2023 05:48:05 -0700}
2023-10-11 05:48:05 [http-nio-8080-exec-8] DEBUG c.a.t.e.GlobalExceptionHandler -
                {status code=401 UNAUTHORIZED, message=Invalid username or password., uri=/api/owners-tools/login, timestamp=Wed, 11 Oct 2023 05:48:05 -0700}
2023-10-11 05:48:45 [http-nio-8080-exec-7] DEBUG c.a.t.e.GlobalExceptionHandler -
                {status code=403 FORBIDDEN, message=Session expired., uri=/api/owners-tools/customers/get-customer/customerUid, timestamp=Wed, 11 Oct 2023 05:48:45 -0700}
2023-10-11 05:49:02 [http-nio-8080-exec-9] DEBUG c.a.t.e.GlobalExceptionHandler -
                {status code=401 UNAUTHORIZED, message=Invalid username or password., uri=/api/owners-tools/login, timestamp=Wed, 11 Oct 2023 05:49:02 -0700}
2023-10-11 05:49:45 [main] INFO  c.a.t.t.s.o.a.LoginTest$testThatDoesNotPolluteTheApplicationContextUris -
                Starting LoginTest.testThatDoesNotPolluteTheApplicationContextUris using Java 17.0.6 with PID 98620 (started by brian in /media/brian/Expansion/disk 2/Documents/Tablet Backup/Documents/Courses/Java/personal projects/TonsOfTacosV1.2/back-end/tons-of-tacos)
2023-10-11 05:49:45 [main] DEBUG c.a.t.t.s.o.a.LoginTest$testThatDoesNotPolluteTheApplicationContextUris -
                Running with Spring Boot v3.0.1, Spring v6.0.3
2023-10-11 05:49:45 [main] INFO  c.a.t.t.s.o.a.LoginTest$testThatDoesNotPolluteTheApplicationContextUris -
                No active profile set, falling back to 1 default profile: "default"
2023-10-11 05:49:48 [main] DEBUG c.a.t.config.security.JwtAuthFilter -
                Filter 'jwtAuthFilter' configured for use
2023-10-11 05:49:48 [main] INFO  c.a.t.t.s.o.a.LoginTest$testThatDoesNotPolluteTheApplicationContextUris -
                Started LoginTest.testThatDoesNotPolluteTheApplicationContextUris in 3.414 seconds (process running for 4.141)
2023-10-11 05:57:43 [main] INFO  c.a.t.t.s.o.a.LoginTest$testThatDoesNotPolluteTheApplicationContextUris -
                Starting LoginTest.testThatDoesNotPolluteTheApplicationContextUris using Java 17.0.6 with PID 98972 (started by brian in /media/brian/Expansion/disk 2/Documents/Tablet Backup/Documents/Courses/Java/personal projects/TonsOfTacosV1.2/back-end/tons-of-tacos)
2023-10-11 05:57:43 [main] DEBUG c.a.t.t.s.o.a.LoginTest$testThatDoesNotPolluteTheApplicationContextUris -
                Running with Spring Boot v3.0.1, Spring v6.0.3
2023-10-11 05:57:43 [main] INFO  c.a.t.t.s.o.a.LoginTest$testThatDoesNotPolluteTheApplicationContextUris -
                No active profile set, falling back to 1 default profile: "default"
2023-10-11 05:57:46 [main] DEBUG c.a.t.config.security.JwtAuthFilter -
                Filter 'jwtAuthFilter' configured for use
2023-10-11 05:57:47 [main] INFO  c.a.t.t.s.o.a.LoginTest$testThatDoesNotPolluteTheApplicationContextUris -
                Started LoginTest.testThatDoesNotPolluteTheApplicationContextUris in 3.65 seconds (process running for 4.389)
2023-10-11 05:59:22 [main] INFO  c.a.t.TonsOfTacosApplication -
                Starting TonsOfTacosApplication using Java 17.0.6 with PID 99134 (/media/brian/Expansion/disk 2/Documents/Tablet Backup/Documents/Courses/Java/personal projects/TonsOfTacosV1.2/back-end/tons-of-tacos/target/classes started by brian in /media/brian/Expansion/disk 2/Documents/Tablet Backup/Documents/Courses/Java/personal projects/TonsOfTacosV1.2/back-end/tons-of-tacos)
2023-10-11 05:59:22 [main] DEBUG c.a.t.TonsOfTacosApplication -
                Running with Spring Boot v3.0.1, Spring v6.0.3
2023-10-11 05:59:22 [main] INFO  c.a.t.TonsOfTacosApplication -
                No active profile set, falling back to 1 default profile: "default"
2023-10-11 05:59:24 [main] DEBUG c.a.t.config.security.JwtAuthFilter -
                Filter 'jwtAuthFilter' configured for use
2023-10-11 05:59:25 [main] INFO  c.a.t.TonsOfTacosApplication -
                Started TonsOfTacosApplication in 3.427 seconds (process running for 3.79)
