2023-09-30 07:12:59 [main] DEBUG c.a.t.config.security.JwtAuthFilter -
                Filter 'jwtAuthFilter' configured for use
2023-09-30 07:12:59 [main] DEBUG c.a.t.c.s.FilterChainExceptionHandler -
                Filter 'filterChainExceptionHandler' configured for use
2023-09-30 07:12:59 [main] INFO  c.a.t.t.s.o.a.LoginTest$testThatDoesNotPolluteTheApplicationContextUris -
                Started LoginTest.testThatDoesNotPolluteTheApplicationContextUris in 6.27 seconds (process running for 7.49)
2023-09-30 07:13:00 [http-nio-auto-1-exec-1] DEBUG c.a.t.e.GlobalExceptionHandler -
                {status code=403 FORBIDDEN, message=Bad credentials. username: m)Km7y{f0~nd$,hvNLOw0.F5FlP5u?5 password: WkFe-cUlfn3j5o:WI!@r&ebqW_F|ZE-5!qh5>F1, uri=/api/owners-tools/login, timestamp=Sat, 30 Sep 2023 07:13:00 -0700}
2023-09-30 07:14:23 [main] INFO  c.a.t.t.s.o.a.LoginTest$testThatDoesNotPolluteTheApplicationContextUris -
                Starting LoginTest.testThatDoesNotPolluteTheApplicationContextUris using Java 17.0.6 with PID 462424 (started by brian in /media/brian/Backup 22/Documents/Tablet Backup/Documents/Courses/Java/personal projects/TonsOfTacosV1.2/back-end/tons-of-tacos)
2023-09-30 07:14:23 [main] DEBUG c.a.t.t.s.o.a.LoginTest$testThatDoesNotPolluteTheApplicationContextUris -
                Running with Spring Boot v3.0.1, Spring v6.0.3
2023-09-30 07:14:23 [main] INFO  c.a.t.t.s.o.a.LoginTest$testThatDoesNotPolluteTheApplicationContextUris -
                No active profile set, falling back to 1 default profile: "default"
2023-09-30 07:14:27 [main] DEBUG c.a.t.config.security.JwtAuthFilter -
                Filter 'jwtAuthFilter' configured for use
2023-09-30 07:14:29 [main] INFO  c.a.t.t.s.o.a.LoginTest$testThatDoesNotPolluteTheApplicationContextUris -
                Started LoginTest.testThatDoesNotPolluteTheApplicationContextUris in 6.042 seconds (process running for 7.194)
2023-09-30 07:14:38 [main] INFO  c.a.t.t.s.o.a.LoginTest$testThatDoesNotPolluteTheApplicationContextUris -
                Starting LoginTest.testThatDoesNotPolluteTheApplicationContextUris using Java 17.0.6 with PID 462564 (started by brian in /media/brian/Backup 22/Documents/Tablet Backup/Documents/Courses/Java/personal projects/TonsOfTacosV1.2/back-end/tons-of-tacos)
2023-09-30 07:14:38 [main] DEBUG c.a.t.t.s.o.a.LoginTest$testThatDoesNotPolluteTheApplicationContextUris -
                Running with Spring Boot v3.0.1, Spring v6.0.3
2023-09-30 07:14:38 [main] INFO  c.a.t.t.s.o.a.LoginTest$testThatDoesNotPolluteTheApplicationContextUris -
                No active profile set, falling back to 1 default profile: "default"
2023-09-30 07:14:42 [main] DEBUG c.a.t.config.security.JwtAuthFilter -
                Filter 'jwtAuthFilter' configured for use
2023-09-30 07:14:44 [main] INFO  c.a.t.t.s.o.a.LoginTest$testThatDoesNotPolluteTheApplicationContextUris -
                Started LoginTest.testThatDoesNotPolluteTheApplicationContextUris in 6.121 seconds (process running for 7.318)
2023-09-30 07:14:45 [http-nio-auto-1-exec-1] DEBUG c.a.t.e.GlobalExceptionHandler -
                {status code=403 FORBIDDEN, message=Bad credentials. username: m)Km7y{f0~nd$,hvNLOw0.F5FlP5u?5 password: ixiex*!l!{&j4&|WDD1rg8=qgZO|z695(&C5Lw<, uri=/api/owners-tools/login, timestamp=Sat, 30 Sep 2023 07:14:45 -0700}
2023-09-30 07:15:52 [main] INFO  c.a.t.t.s.o.a.LoginTest$testThatDoesNotPolluteTheApplicationContextUris -
                Starting LoginTest.testThatDoesNotPolluteTheApplicationContextUris using Java 17.0.6 with PID 462706 (started by brian in /media/brian/Backup 22/Documents/Tablet Backup/Documents/Courses/Java/personal projects/TonsOfTacosV1.2/back-end/tons-of-tacos)
2023-09-30 07:15:52 [main] DEBUG c.a.t.t.s.o.a.LoginTest$testThatDoesNotPolluteTheApplicationContextUris -
                Running with Spring Boot v3.0.1, Spring v6.0.3
2023-09-30 07:15:52 [main] INFO  c.a.t.t.s.o.a.LoginTest$testThatDoesNotPolluteTheApplicationContextUris -
                No active profile set, falling back to 1 default profile: "default"
2023-09-30 07:15:56 [main] DEBUG c.a.t.config.security.JwtAuthFilter -
                Filter 'jwtAuthFilter' configured for use
2023-09-30 07:15:58 [main] INFO  c.a.t.t.s.o.a.LoginTest$testThatDoesNotPolluteTheApplicationContextUris -
                Started LoginTest.testThatDoesNotPolluteTheApplicationContextUris in 6.132 seconds (process running for 7.359)
2023-09-30 07:20:03 [main] INFO  c.a.t.TonsOfTacosApplication -
                Starting TonsOfTacosApplication using Java 17.0.6 with PID 462941 (/media/brian/Backup 22/Documents/Tablet Backup/Documents/Courses/Java/personal projects/TonsOfTacosV1.2/back-end/tons-of-tacos/target/classes started by brian in /media/brian/Backup 22/Documents/Tablet Backup/Documents/Courses/Java/personal projects/TonsOfTacosV1.2/back-end/tons-of-tacos)
2023-09-30 07:20:03 [main] DEBUG c.a.t.TonsOfTacosApplication -
                Running with Spring Boot v3.0.1, Spring v6.0.3
2023-09-30 07:20:03 [main] INFO  c.a.t.TonsOfTacosApplication -
                No active profile set, falling back to 1 default profile: "default"
2023-09-30 07:20:06 [main] DEBUG c.a.t.config.security.JwtAuthFilter -
                Filter 'jwtAuthFilter' configured for use
2023-09-30 07:20:07 [main] INFO  c.a.t.TonsOfTacosApplication -
                Started TonsOfTacosApplication in 4.622 seconds (process running for 5.034)
2023-09-30 07:23:45 [http-nio-8080-exec-1] DEBUG c.a.t.e.GlobalExceptionHandler -
                {status code=403 FORBIDDEN, message=Bad credentials. username: m)Km7y{f0~nd$,hvNLOw0.F5FlP5u?5 password: tosdpfjYU&^9OHW%jksk, uri=/api/owners-tools/login, timestamp=Sat, 30 Sep 2023 07:23:45 -0700}
2023-09-30 07:23:52 [http-nio-8080-exec-3] DEBUG c.a.t.e.GlobalExceptionHandler -
                {status code=403 FORBIDDEN, message=Bad credentials. username: m)Km7y{f0~nd$,hvNLOw0.F5FlP5u?5 password: tosdpfjYU&^9OHW%jksk, uri=/api/owners-tools/login, timestamp=Sat, 30 Sep 2023 07:23:52 -0700}
2023-09-30 07:23:54 [http-nio-8080-exec-4] DEBUG c.a.t.e.GlobalExceptionHandler -
                {status code=403 FORBIDDEN, message=Bad credentials. username: m)Km7y{f0~nd$,hvNLOw0.F5FlP5u?5 password: tosdpfjYU&^9OHW%jksk, uri=/api/owners-tools/login, timestamp=Sat, 30 Sep 2023 07:23:54 -0700}
2023-09-30 07:23:55 [http-nio-8080-exec-5] DEBUG c.a.t.e.GlobalExceptionHandler -
                {status code=403 FORBIDDEN, message=Bad credentials. username: m)Km7y{f0~nd$,hvNLOw0.F5FlP5u?5 password: tosdpfjYU&^9OHW%jksk, uri=/api/owners-tools/login, timestamp=Sat, 30 Sep 2023 07:23:55 -0700}
2023-09-30 07:23:56 [http-nio-8080-exec-6] DEBUG c.a.t.e.GlobalExceptionHandler -
                {status code=403 FORBIDDEN, message=Bad credentials. username: m)Km7y{f0~nd$,hvNLOw0.F5FlP5u?5 password: tosdpfjYU&^9OHW%jksk, uri=/api/owners-tools/login, timestamp=Sat, 30 Sep 2023 07:23:56 -0700}
2023-09-30 07:23:57 [http-nio-8080-exec-7] DEBUG c.a.t.e.GlobalExceptionHandler -
                {status code=403 FORBIDDEN, message=Bad credentials. username: m)Km7y{f0~nd$,hvNLOw0.F5FlP5u?5 password: tosdpfjYU&^9OHW%jksk, uri=/api/owners-tools/login, timestamp=Sat, 30 Sep 2023 07:23:57 -0700}
2023-09-30 07:23:58 [http-nio-8080-exec-8] DEBUG c.a.t.e.GlobalExceptionHandler -
                {status code=403 FORBIDDEN, message=Bad credentials. username: m)Km7y{f0~nd$,hvNLOw0.F5FlP5u?5 password: tosdpfjYU&^9OHW%jksk, uri=/api/owners-tools/login, timestamp=Sat, 30 Sep 2023 07:23:58 -0700}
2023-09-30 07:23:59 [http-nio-8080-exec-9] DEBUG c.a.t.e.GlobalExceptionHandler -
                {status code=403 FORBIDDEN, message=Bad credentials. username: m)Km7y{f0~nd$,hvNLOw0.F5FlP5u?5 password: tosdpfjYU&^9OHW%jksk, uri=/api/owners-tools/login, timestamp=Sat, 30 Sep 2023 07:23:59 -0700}
2023-09-30 07:24:00 [http-nio-8080-exec-10] DEBUG c.a.t.e.GlobalExceptionHandler -
                {status code=403 FORBIDDEN, message=Bad credentials. username: m)Km7y{f0~nd$,hvNLOw0.F5FlP5u?5 password: tosdpfjYU&^9OHW%jksk, uri=/api/owners-tools/login, timestamp=Sat, 30 Sep 2023 07:24:00 -0700}
2023-09-30 07:24:01 [http-nio-8080-exec-2] DEBUG c.a.t.e.GlobalExceptionHandler -
                {status code=403 FORBIDDEN, message=Bad credentials. username: m)Km7y{f0~nd$,hvNLOw0.F5FlP5u?5 password: tosdpfjYU&^9OHW%jksk, uri=/api/owners-tools/login, timestamp=Sat, 30 Sep 2023 07:24:01 -0700}
2023-09-30 07:24:02 [http-nio-8080-exec-1] DEBUG c.a.t.e.GlobalExceptionHandler -
                {status code=403 FORBIDDEN, message=Bad credentials. username: m)Km7y{f0~nd$,hvNLOw0.F5FlP5u?5 password: tosdpfjYU&^9OHW%jksk, uri=/api/owners-tools/login, timestamp=Sat, 30 Sep 2023 07:24:02 -0700}
2023-09-30 07:24:03 [http-nio-8080-exec-3] DEBUG c.a.t.e.GlobalExceptionHandler -
                {status code=403 FORBIDDEN, message=Bad credentials. username: m)Km7y{f0~nd$,hvNLOw0.F5FlP5u?5 password: tosdpfjYU&^9OHW%jksk, uri=/api/owners-tools/login, timestamp=Sat, 30 Sep 2023 07:24:03 -0700}
2023-09-30 07:24:04 [http-nio-8080-exec-4] DEBUG c.a.t.e.GlobalExceptionHandler -
                {status code=403 FORBIDDEN, message=Bad credentials. username: m)Km7y{f0~nd$,hvNLOw0.F5FlP5u?5 password: tosdpfjYU&^9OHW%jksk, uri=/api/owners-tools/login, timestamp=Sat, 30 Sep 2023 07:24:04 -0700}
2023-09-30 07:24:05 [http-nio-8080-exec-5] DEBUG c.a.t.e.GlobalExceptionHandler -
                {status code=403 FORBIDDEN, message=Bad credentials. username: m)Km7y{f0~nd$,hvNLOw0.F5FlP5u?5 password: tosdpfjYU&^9OHW%jksk, uri=/api/owners-tools/login, timestamp=Sat, 30 Sep 2023 07:24:05 -0700}
2023-09-30 07:24:06 [http-nio-8080-exec-6] DEBUG c.a.t.e.GlobalExceptionHandler -
                {status code=403 FORBIDDEN, message=Bad credentials. username: m)Km7y{f0~nd$,hvNLOw0.F5FlP5u?5 password: tosdpfjYU&^9OHW%jksk, uri=/api/owners-tools/login, timestamp=Sat, 30 Sep 2023 07:24:06 -0700}
2023-09-30 07:24:07 [http-nio-8080-exec-7] DEBUG c.a.t.e.GlobalExceptionHandler -
                {status code=403 FORBIDDEN, message=Bad credentials. username: m)Km7y{f0~nd$,hvNLOw0.F5FlP5u?5 password: tosdpfjYU&^9OHW%jksk, uri=/api/owners-tools/login, timestamp=Sat, 30 Sep 2023 07:24:07 -0700}
2023-09-30 07:24:07 [http-nio-8080-exec-8] DEBUG c.a.t.e.GlobalExceptionHandler -
                {status code=403 FORBIDDEN, message=Bad credentials. username: m)Km7y{f0~nd$,hvNLOw0.F5FlP5u?5 password: tosdpfjYU&^9OHW%jksk, uri=/api/owners-tools/login, timestamp=Sat, 30 Sep 2023 07:24:07 -0700}
