2023-09-13 05:02:02 [main] INFO  c.a.t.t.s.o.o.DeleteOrderTests$testThatDoesNotPolluteTheApplicationContextUris -
                Starting DeleteOrderTests.testThatDoesNotPolluteTheApplicationContextUris using Java 17.0.6 with PID 523001 (started by brian in /media/brian/Backup 22/Documents/Tablet Backup/Documents/Courses/Java/personal projects/TonsOfTacosV1.2/back-end/tons-of-tacos)
2023-09-13 05:02:02 [main] DEBUG c.a.t.t.s.o.o.DeleteOrderTests$testThatDoesNotPolluteTheApplicationContextUris -
                Running with Spring Boot v3.0.1, Spring v6.0.3
2023-09-13 05:02:02 [main] INFO  c.a.t.t.s.o.o.DeleteOrderTests$testThatDoesNotPolluteTheApplicationContextUris -
                No active profile set, falling back to 1 default profile: "default"
2023-09-13 05:02:07 [main] DEBUG c.a.t.config.security.JwtAuthFilter -
                Filter 'jwtAuthFilter' configured for use
2023-09-13 05:02:08 [main] INFO  c.a.t.t.s.o.o.DeleteOrderTests$testThatDoesNotPolluteTheApplicationContextUris -
                Started DeleteOrderTests.testThatDoesNotPolluteTheApplicationContextUris in 6.055 seconds (process running for 7.257)
2023-09-13 05:07:38 [main] INFO  c.a.t.t.s.o.o.DeleteOrderTests$testThatDoesNotPolluteTheApplicationContextUris -
                Starting DeleteOrderTests.testThatDoesNotPolluteTheApplicationContextUris using Java 17.0.6 with PID 523258 (started by brian in /media/brian/Backup 22/Documents/Tablet Backup/Documents/Courses/Java/personal projects/TonsOfTacosV1.2/back-end/tons-of-tacos)
2023-09-13 05:07:38 [main] DEBUG c.a.t.t.s.o.o.DeleteOrderTests$testThatDoesNotPolluteTheApplicationContextUris -
                Running with Spring Boot v3.0.1, Spring v6.0.3
2023-09-13 05:07:38 [main] INFO  c.a.t.t.s.o.o.DeleteOrderTests$testThatDoesNotPolluteTheApplicationContextUris -
                No active profile set, falling back to 1 default profile: "default"
2023-09-13 05:07:43 [main] DEBUG c.a.t.config.security.JwtAuthFilter -
                Filter 'jwtAuthFilter' configured for use
2023-09-13 05:07:44 [main] INFO  c.a.t.t.s.o.o.DeleteOrderTests$testThatDoesNotPolluteTheApplicationContextUris -
                Started DeleteOrderTests.testThatDoesNotPolluteTheApplicationContextUris in 5.984 seconds (process running for 7.171)
2023-09-13 05:11:47 [main] INFO  c.a.t.t.s.o.o.DeleteOrderTests$testThatDoesNotPolluteTheApplicationContextUris -
                Starting DeleteOrderTests.testThatDoesNotPolluteTheApplicationContextUris using Java 17.0.6 with PID 523446 (started by brian in /media/brian/Backup 22/Documents/Tablet Backup/Documents/Courses/Java/personal projects/TonsOfTacosV1.2/back-end/tons-of-tacos)
2023-09-13 05:11:47 [main] DEBUG c.a.t.t.s.o.o.DeleteOrderTests$testThatDoesNotPolluteTheApplicationContextUris -
                Running with Spring Boot v3.0.1, Spring v6.0.3
2023-09-13 05:11:47 [main] INFO  c.a.t.t.s.o.o.DeleteOrderTests$testThatDoesNotPolluteTheApplicationContextUris -
                No active profile set, falling back to 1 default profile: "default"
2023-09-13 05:11:52 [main] DEBUG c.a.t.config.security.JwtAuthFilter -
                Filter 'jwtAuthFilter' configured for use
2023-09-13 05:11:53 [main] INFO  c.a.t.t.s.o.o.DeleteOrderTests$testThatDoesNotPolluteTheApplicationContextUris -
                Started DeleteOrderTests.testThatDoesNotPolluteTheApplicationContextUris in 6.058 seconds (process running for 7.154)
2023-09-13 05:12:00 [main] INFO  c.a.t.TonsOfTacosApplication -
                Starting TonsOfTacosApplication using Java 17.0.6 with PID 523563 (/media/brian/Backup 22/Documents/Tablet Backup/Documents/Courses/Java/personal projects/TonsOfTacosV1.2/back-end/tons-of-tacos/target/classes started by brian in /media/brian/Backup 22/Documents/Tablet Backup/Documents/Courses/Java/personal projects/TonsOfTacosV1.2/back-end/tons-of-tacos)
2023-09-13 05:12:00 [main] DEBUG c.a.t.TonsOfTacosApplication -
                Running with Spring Boot v3.0.1, Spring v6.0.3
2023-09-13 05:12:00 [main] INFO  c.a.t.TonsOfTacosApplication -
                No active profile set, falling back to 1 default profile: "default"
2023-09-13 05:12:03 [main] DEBUG c.a.t.config.security.JwtAuthFilter -
                Filter 'jwtAuthFilter' configured for use
