2023-09-05 20:22:57 [main] DEBUG c.a.t.config.security.JwtAuthFilter -
                Filter 'jwtAuthFilter' configured for use
2023-09-05 20:22:57 [main] INFO  c.a.t.t.s.o.o.AddToOrderTest$testThatDoesNotPolluteTheApplicationContextUris -
                Started AddToOrderTest.testThatDoesNotPolluteTheApplicationContextUris in 6.228 seconds (process running for 7.407)
2023-09-05 20:22:58 [http-nio-auto-1-exec-2] DEBUG c.a.t.e.GlobalExceptionHandler -
                {status code=404 NOT_FOUND, message=Unable to find com.adamstraub.tonsoftacos.entities.MenuItem with id 66, uri=/api/owners-tools/orders/add-to-order/654654-465465-555/66/2, timestamp=Tue, 5 Sep 2023 20:22:58 -0700}
2023-09-05 20:23:54 [main] INFO  c.a.t.t.s.o.o.AddToOrderTest$testThatDoesNotPolluteTheApplicationContextUris -
                Starting AddToOrderTest.testThatDoesNotPolluteTheApplicationContextUris using Java 17.0.6 with PID 187874 (started by brian in /media/brian/Backup 22/Documents/Tablet Backup/Documents/Courses/Java/personal projects/TonsOfTacosV1.2/back-end/tons-of-tacos)
2023-09-05 20:23:55 [main] DEBUG c.a.t.t.s.o.o.AddToOrderTest$testThatDoesNotPolluteTheApplicationContextUris -
                Running with Spring Boot v3.0.1, Spring v6.0.3
2023-09-05 20:23:55 [main] INFO  c.a.t.t.s.o.o.AddToOrderTest$testThatDoesNotPolluteTheApplicationContextUris -
                No active profile set, falling back to 1 default profile: "default"
2023-09-05 20:23:59 [main] DEBUG c.a.t.config.security.JwtAuthFilter -
                Filter 'jwtAuthFilter' configured for use
2023-09-05 20:24:00 [main] INFO  c.a.t.t.s.o.o.AddToOrderTest$testThatDoesNotPolluteTheApplicationContextUris -
                Started AddToOrderTest.testThatDoesNotPolluteTheApplicationContextUris in 6.039 seconds (process running for 7.271)
2023-09-05 20:24:01 [http-nio-auto-1-exec-2] DEBUG c.a.t.e.GlobalExceptionHandler -
                {status code=404 NOT_FOUND, message=Unable to find com.adamstraub.tonsoftacos.entities.MenuItem with id 66, uri=/api/owners-tools/orders/add-to-order/654654-465465-555/66/2, timestamp=Tue, 5 Sep 2023 20:24:01 -0700}
2023-09-05 20:25:00 [main] INFO  c.a.t.t.s.o.o.AddToOrderTest$testThatDoesNotPolluteTheApplicationContextUris -
                Starting AddToOrderTest.testThatDoesNotPolluteTheApplicationContextUris using Java 17.0.6 with PID 188010 (started by brian in /media/brian/Backup 22/Documents/Tablet Backup/Documents/Courses/Java/personal projects/TonsOfTacosV1.2/back-end/tons-of-tacos)
2023-09-05 20:25:00 [main] DEBUG c.a.t.t.s.o.o.AddToOrderTest$testThatDoesNotPolluteTheApplicationContextUris -
                Running with Spring Boot v3.0.1, Spring v6.0.3
2023-09-05 20:25:00 [main] INFO  c.a.t.t.s.o.o.AddToOrderTest$testThatDoesNotPolluteTheApplicationContextUris -
                No active profile set, falling back to 1 default profile: "default"
2023-09-05 20:25:05 [main] DEBUG c.a.t.config.security.JwtAuthFilter -
                Filter 'jwtAuthFilter' configured for use
2023-09-05 20:25:06 [main] INFO  c.a.t.t.s.o.o.AddToOrderTest$testThatDoesNotPolluteTheApplicationContextUris -
                Started AddToOrderTest.testThatDoesNotPolluteTheApplicationContextUris in 6.16 seconds (process running for 7.228)
2023-09-05 20:25:07 [http-nio-auto-1-exec-2] DEBUG c.a.t.e.GlobalExceptionHandler -
                {status code=404 NOT_FOUND, message=Unable to find com.adamstraub.tonsoftacos.entities.MenuItem with id 66, uri=/api/owners-tools/orders/add-to-order/654654-465465-555/66/2, timestamp=Tue, 5 Sep 2023 20:25:07 -0700}
2023-09-05 20:26:41 [main] INFO  c.a.t.t.s.o.o.AddToOrderTest$testThatDoesNotPolluteTheApplicationContextUris -
                Starting AddToOrderTest.testThatDoesNotPolluteTheApplicationContextUris using Java 17.0.6 with PID 188183 (started by brian in /media/brian/Backup 22/Documents/Tablet Backup/Documents/Courses/Java/personal projects/TonsOfTacosV1.2/back-end/tons-of-tacos)
2023-09-05 20:26:41 [main] DEBUG c.a.t.t.s.o.o.AddToOrderTest$testThatDoesNotPolluteTheApplicationContextUris -
                Running with Spring Boot v3.0.1, Spring v6.0.3
2023-09-05 20:26:41 [main] INFO  c.a.t.t.s.o.o.AddToOrderTest$testThatDoesNotPolluteTheApplicationContextUris -
                No active profile set, falling back to 1 default profile: "default"
2023-09-05 20:26:46 [main] DEBUG c.a.t.config.security.JwtAuthFilter -
                Filter 'jwtAuthFilter' configured for use
2023-09-05 20:26:46 [main] INFO  c.a.t.t.s.o.o.AddToOrderTest$testThatDoesNotPolluteTheApplicationContextUris -
                Started AddToOrderTest.testThatDoesNotPolluteTheApplicationContextUris in 6.184 seconds (process running for 7.379)
2023-09-05 20:26:47 [http-nio-auto-1-exec-2] DEBUG c.a.t.e.GlobalExceptionHandler -
                {status code=404 NOT_FOUND, message=Unable to find com.adamstraub.tonsoftacos.entities.MenuItem with id 66, uri=/api/owners-tools/orders/add-to-order/654654-465465-555/66/2, timestamp=Tue, 5 Sep 2023 20:26:47 -0700}
2023-09-05 20:27:34 [main] INFO  c.a.t.t.s.o.o.AddToOrderTest$testThatDoesNotPolluteTheApplicationContextUris -
                Starting AddToOrderTest.testThatDoesNotPolluteTheApplicationContextUris using Java 17.0.6 with PID 188329 (started by brian in /media/brian/Backup 22/Documents/Tablet Backup/Documents/Courses/Java/personal projects/TonsOfTacosV1.2/back-end/tons-of-tacos)
2023-09-05 20:27:34 [main] DEBUG c.a.t.t.s.o.o.AddToOrderTest$testThatDoesNotPolluteTheApplicationContextUris -
                Running with Spring Boot v3.0.1, Spring v6.0.3
2023-09-05 20:27:34 [main] INFO  c.a.t.t.s.o.o.AddToOrderTest$testThatDoesNotPolluteTheApplicationContextUris -
                No active profile set, falling back to 1 default profile: "default"
2023-09-05 20:27:39 [main] DEBUG c.a.t.config.security.JwtAuthFilter -
                Filter 'jwtAuthFilter' configured for use
2023-09-05 20:27:40 [main] INFO  c.a.t.t.s.o.o.AddToOrderTest$testThatDoesNotPolluteTheApplicationContextUris -
                Started AddToOrderTest.testThatDoesNotPolluteTheApplicationContextUris in 6.336 seconds (process running for 7.518)
2023-09-05 20:27:41 [http-nio-auto-1-exec-2] DEBUG c.a.t.e.GlobalExceptionHandler -
                {status code=404 NOT_FOUND, message=Unable to find com.adamstraub.tonsoftacos.entities.MenuItem with id 66, uri=/api/owners-tools/orders/add-to-order/654654-465465-555/66/2, timestamp=Tue, 5 Sep 2023 20:27:41 -0700}
2023-09-05 20:28:05 [main] INFO  c.a.t.t.s.o.o.AddToOrderTest$testThatDoesNotPolluteTheApplicationContextUris -
                Starting AddToOrderTest.testThatDoesNotPolluteTheApplicationContextUris using Java 17.0.6 with PID 188449 (started by brian in /media/brian/Backup 22/Documents/Tablet Backup/Documents/Courses/Java/personal projects/TonsOfTacosV1.2/back-end/tons-of-tacos)
2023-09-05 20:28:05 [main] DEBUG c.a.t.t.s.o.o.AddToOrderTest$testThatDoesNotPolluteTheApplicationContextUris -
                Running with Spring Boot v3.0.1, Spring v6.0.3
2023-09-05 20:28:05 [main] INFO  c.a.t.t.s.o.o.AddToOrderTest$testThatDoesNotPolluteTheApplicationContextUris -
                No active profile set, falling back to 1 default profile: "default"
2023-09-05 20:28:10 [main] DEBUG c.a.t.config.security.JwtAuthFilter -
                Filter 'jwtAuthFilter' configured for use
2023-09-05 20:28:11 [main] INFO  c.a.t.t.s.o.o.AddToOrderTest$testThatDoesNotPolluteTheApplicationContextUris -
                Started AddToOrderTest.testThatDoesNotPolluteTheApplicationContextUris in 6.239 seconds (process running for 7.368)
2023-09-05 20:28:12 [http-nio-auto-1-exec-2] DEBUG c.a.t.e.GlobalExceptionHandler -
                {status code=404 NOT_FOUND, message=Menu item can not be added to order. Verify order id., uri=/api/owners-tools/orders/add-to-order/78/2/2, timestamp=Tue, 5 Sep 2023 20:28:12 -0700}
2023-09-05 20:28:12 [http-nio-auto-1-exec-4] DEBUG c.a.t.e.GlobalExceptionHandler -
                {status code=404 NOT_FOUND, message=Unable to find com.adamstraub.tonsoftacos.entities.MenuItem with id 66, uri=/api/owners-tools/orders/add-to-order/654654-465465-555/66/2, timestamp=Tue, 5 Sep 2023 20:28:12 -0700}
