2023-09-06 16:44:08 [main] INFO  c.a.t.t.s.o.o.DeleteOrderTests$testThatDoesNotPolluteTheApplicationContextUris -
                Starting DeleteOrderTests.testThatDoesNotPolluteTheApplicationContextUris using Java 17.0.6 with PID 221953 (started by brian in /media/brian/Backup 22/Documents/Tablet Backup/Documents/Courses/Java/personal projects/TonsOfTacosV1.2/back-end/tons-of-tacos)
2023-09-06 16:44:08 [main] DEBUG c.a.t.t.s.o.o.DeleteOrderTests$testThatDoesNotPolluteTheApplicationContextUris -
                Running with Spring Boot v3.0.1, Spring v6.0.3
2023-09-06 16:44:08 [main] INFO  c.a.t.t.s.o.o.DeleteOrderTests$testThatDoesNotPolluteTheApplicationContextUris -
                No active profile set, falling back to 1 default profile: "default"
2023-09-06 16:44:13 [main] DEBUG c.a.t.config.security.JwtAuthFilter -
                Filter 'jwtAuthFilter' configured for use
2023-09-06 16:44:14 [main] INFO  c.a.t.t.s.o.o.DeleteOrderTests$testThatDoesNotPolluteTheApplicationContextUris -
                Started DeleteOrderTests.testThatDoesNotPolluteTheApplicationContextUris in 5.989 seconds (process running for 7.11)
2023-09-06 16:44:15 [http-nio-auto-1-exec-2] DEBUG c.a.t.e.GlobalExceptionHandler -
                {status code=404 NOT_FOUND, message=Can not delete order. Verify order exists., uri=/api/owners-tools/orders/delete-order/1, timestamp=Wed, 6 Sep 2023 16:44:15 -0700}
2023-09-06 16:44:15 [http-nio-auto-1-exec-4] DEBUG c.a.t.e.GlobalExceptionHandler -
                {status code=404 NOT_FOUND, message=Can not delete order. Verify order exists., uri=/api/owners-tools/orders/delete-order/78, timestamp=Wed, 6 Sep 2023 16:44:15 -0700}
2023-09-06 17:29:00 [main] INFO  c.a.t.t.s.o.o.DeleteOrderTests$testThatDoesNotPolluteTheApplicationContextUris -
                Starting DeleteOrderTests.testThatDoesNotPolluteTheApplicationContextUris using Java 17.0.6 with PID 225011 (started by brian in /media/brian/Backup 22/Documents/Tablet Backup/Documents/Courses/Java/personal projects/TonsOfTacosV1.2/back-end/tons-of-tacos)
2023-09-06 17:29:00 [main] DEBUG c.a.t.t.s.o.o.DeleteOrderTests$testThatDoesNotPolluteTheApplicationContextUris -
                Running with Spring Boot v3.0.1, Spring v6.0.3
2023-09-06 17:29:00 [main] INFO  c.a.t.t.s.o.o.DeleteOrderTests$testThatDoesNotPolluteTheApplicationContextUris -
                No active profile set, falling back to 1 default profile: "default"
2023-09-06 17:29:05 [main] DEBUG c.a.t.config.security.JwtAuthFilter -
                Filter 'jwtAuthFilter' configured for use
2023-09-06 17:29:07 [main] INFO  c.a.t.t.s.o.o.DeleteOrderTests$testThatDoesNotPolluteTheApplicationContextUris -
                Started DeleteOrderTests.testThatDoesNotPolluteTheApplicationContextUris in 7.311 seconds (process running for 8.68)
2023-09-06 17:29:08 [http-nio-auto-1-exec-3] DEBUG c.a.t.e.GlobalExceptionHandler -
                {status code=404 NOT_FOUND, message=No order found with that UID. Please verify and try again., uri=/api/owners-tools/orders/get-order/orderId, timestamp=Wed, 6 Sep 2023 17:29:08 -0700}
2023-09-06 17:29:08 [http-nio-auto-1-exec-5] DEBUG c.a.t.e.GlobalExceptionHandler -
                {status code=404 NOT_FOUND, message=Can not delete order. Verify order exists., uri=/api/owners-tools/orders/delete-order/78, timestamp=Wed, 6 Sep 2023 17:29:08 -0700}
2023-09-06 17:31:57 [main] INFO  c.a.t.t.s.o.o.DeleteOrderTests$testThatDoesNotPolluteTheApplicationContextUris -
                Starting DeleteOrderTests.testThatDoesNotPolluteTheApplicationContextUris using Java 17.0.6 with PID 225186 (started by brian in /media/brian/Backup 22/Documents/Tablet Backup/Documents/Courses/Java/personal projects/TonsOfTacosV1.2/back-end/tons-of-tacos)
2023-09-06 17:31:57 [main] DEBUG c.a.t.t.s.o.o.DeleteOrderTests$testThatDoesNotPolluteTheApplicationContextUris -
                Running with Spring Boot v3.0.1, Spring v6.0.3
2023-09-06 17:31:57 [main] INFO  c.a.t.t.s.o.o.DeleteOrderTests$testThatDoesNotPolluteTheApplicationContextUris -
                No active profile set, falling back to 1 default profile: "default"
2023-09-06 17:32:03 [main] DEBUG c.a.t.config.security.JwtAuthFilter -
                Filter 'jwtAuthFilter' configured for use
2023-09-06 17:32:04 [main] INFO  c.a.t.t.s.o.o.DeleteOrderTests$testThatDoesNotPolluteTheApplicationContextUris -
                Started DeleteOrderTests.testThatDoesNotPolluteTheApplicationContextUris in 7.513 seconds (process running for 8.91)
2023-09-06 17:32:05 [http-nio-auto-1-exec-2] DEBUG c.a.t.e.GlobalExceptionHandler -
                {status code=404 NOT_FOUND, message=Can not delete order. Verify order exists., uri=/api/owners-tools/orders/delete-order/78, timestamp=Wed, 6 Sep 2023 17:32:05 -0700}
2023-09-06 17:42:09 [main] INFO  c.a.t.t.s.o.o.DeleteOrderTests$testThatDoesNotPolluteTheApplicationContextUris -
                Starting DeleteOrderTests.testThatDoesNotPolluteTheApplicationContextUris using Java 17.0.6 with PID 225611 (started by brian in /media/brian/Backup 22/Documents/Tablet Backup/Documents/Courses/Java/personal projects/TonsOfTacosV1.2/back-end/tons-of-tacos)
2023-09-06 17:42:09 [main] DEBUG c.a.t.t.s.o.o.DeleteOrderTests$testThatDoesNotPolluteTheApplicationContextUris -
                Running with Spring Boot v3.0.1, Spring v6.0.3
2023-09-06 17:42:09 [main] INFO  c.a.t.t.s.o.o.DeleteOrderTests$testThatDoesNotPolluteTheApplicationContextUris -
                No active profile set, falling back to 1 default profile: "default"
2023-09-06 17:42:14 [main] DEBUG c.a.t.config.security.JwtAuthFilter -
                Filter 'jwtAuthFilter' configured for use
2023-09-06 17:42:15 [main] INFO  c.a.t.t.s.o.o.DeleteOrderTests$testThatDoesNotPolluteTheApplicationContextUris -
                Started DeleteOrderTests.testThatDoesNotPolluteTheApplicationContextUris in 7.234 seconds (process running for 8.62)
2023-09-06 17:42:16 [http-nio-auto-1-exec-2] DEBUG c.a.t.e.GlobalExceptionHandler -
                {status code=404 NOT_FOUND, message=Can not delete order. Verify order exists., uri=/api/owners-tools/orders/delete-order/78, timestamp=Wed, 6 Sep 2023 17:42:16 -0700}
2023-09-06 18:53:21 [main] INFO  c.a.t.t.s.o.o.DeleteOrderTests$testThatDoesNotPolluteTheApplicationContextUris -
                Starting DeleteOrderTests.testThatDoesNotPolluteTheApplicationContextUris using Java 17.0.6 with PID 226701 (started by brian in /media/brian/Backup 22/Documents/Tablet Backup/Documents/Courses/Java/personal projects/TonsOfTacosV1.2/back-end/tons-of-tacos)
2023-09-06 18:53:21 [main] DEBUG c.a.t.t.s.o.o.DeleteOrderTests$testThatDoesNotPolluteTheApplicationContextUris -
                Running with Spring Boot v3.0.1, Spring v6.0.3
2023-09-06 18:53:21 [main] INFO  c.a.t.t.s.o.o.DeleteOrderTests$testThatDoesNotPolluteTheApplicationContextUris -
                No active profile set, falling back to 1 default profile: "default"
2023-09-06 18:53:27 [main] DEBUG c.a.t.config.security.JwtAuthFilter -
                Filter 'jwtAuthFilter' configured for use
2023-09-06 18:53:28 [main] INFO  c.a.t.t.s.o.o.DeleteOrderTests$testThatDoesNotPolluteTheApplicationContextUris -
                Started DeleteOrderTests.testThatDoesNotPolluteTheApplicationContextUris in 7.572 seconds (process running for 8.945)
2023-09-06 18:53:29 [http-nio-auto-1-exec-3] DEBUG c.a.t.e.GlobalExceptionHandler -
                {status code=404 NOT_FOUND, message=No order found with that UID. Please verify and try again., uri=/api/owners-tools/orders/get-order/orderUid, timestamp=Wed, 6 Sep 2023 18:53:29 -0700}
2023-09-06 18:53:29 [http-nio-auto-1-exec-5] DEBUG c.a.t.e.GlobalExceptionHandler -
                {status code=404 NOT_FOUND, message=Can not delete order. Verify order exists., uri=/api/owners-tools/orders/delete-order/78, timestamp=Wed, 6 Sep 2023 18:53:29 -0700}
2023-09-06 19:00:57 [main] INFO  c.a.t.t.s.o.o.EditOrderItemQuantityTest$testThatDoesNotPolluteTheApplicationContextUris -
                Starting EditOrderItemQuantityTest.testThatDoesNotPolluteTheApplicationContextUris using Java 17.0.6 with PID 227048 (started by brian in /media/brian/Backup 22/Documents/Tablet Backup/Documents/Courses/Java/personal projects/TonsOfTacosV1.2/back-end/tons-of-tacos)
2023-09-06 19:00:57 [main] DEBUG c.a.t.t.s.o.o.EditOrderItemQuantityTest$testThatDoesNotPolluteTheApplicationContextUris -
                Running with Spring Boot v3.0.1, Spring v6.0.3
2023-09-06 19:00:57 [main] INFO  c.a.t.t.s.o.o.EditOrderItemQuantityTest$testThatDoesNotPolluteTheApplicationContextUris -
                No active profile set, falling back to 1 default profile: "default"
2023-09-06 19:01:02 [main] DEBUG c.a.t.config.security.JwtAuthFilter -
                Filter 'jwtAuthFilter' configured for use
2023-09-06 19:01:04 [main] INFO  c.a.t.t.s.o.o.EditOrderItemQuantityTest$testThatDoesNotPolluteTheApplicationContextUris -
                Started EditOrderItemQuantityTest.testThatDoesNotPolluteTheApplicationContextUris in 7.395 seconds (process running for 8.744)
2023-09-06 19:02:39 [main] INFO  c.a.t.t.s.o.o.EditOrderItemQuantityTest$testThatDoesNotPolluteTheApplicationContextUris -
                Starting EditOrderItemQuantityTest.testThatDoesNotPolluteTheApplicationContextUris using Java 17.0.6 with PID 227198 (started by brian in /media/brian/Backup 22/Documents/Tablet Backup/Documents/Courses/Java/personal projects/TonsOfTacosV1.2/back-end/tons-of-tacos)
2023-09-06 19:02:39 [main] DEBUG c.a.t.t.s.o.o.EditOrderItemQuantityTest$testThatDoesNotPolluteTheApplicationContextUris -
                Running with Spring Boot v3.0.1, Spring v6.0.3
2023-09-06 19:02:39 [main] INFO  c.a.t.t.s.o.o.EditOrderItemQuantityTest$testThatDoesNotPolluteTheApplicationContextUris -
                No active profile set, falling back to 1 default profile: "default"
2023-09-06 19:02:45 [main] DEBUG c.a.t.config.security.JwtAuthFilter -
                Filter 'jwtAuthFilter' configured for use
2023-09-06 19:02:46 [main] INFO  c.a.t.t.s.o.o.EditOrderItemQuantityTest$testThatDoesNotPolluteTheApplicationContextUris -
                Started EditOrderItemQuantityTest.testThatDoesNotPolluteTheApplicationContextUris in 7.171 seconds (process running for 8.592)
