2023-08-08 07:04:30 [main] ERROR o.s.b.d.LoggingFailureAnalysisReporter -
                

***************************
APPLICATION FAILED TO START
***************************

Description:

Parameter 2 of constructor in com.adamstraub.tonsoftacos.tonsoftacos.config.security.SecurityConfig required a single bean, but 2 were found:
	- errorAttributes: defined by method 'errorAttributes' in class path resource [org/springframework/boot/autoconfigure/web/servlet/error/ErrorMvcAutoConfiguration.class]
	- handlerExceptionResolver: defined by method 'handlerExceptionResolver' in class path resource [org/springframework/boot/autoconfigure/web/servlet/WebMvcAutoConfiguration$EnableWebMvcConfiguration.class]


Action:

Consider marking one of the beans as @Primary, updating the consumer to accept multiple beans, or using @Qualifier to identify the bean that should be consumed

2023-08-08 07:05:48 [main] ERROR o.s.b.d.LoggingFailureAnalysisReporter -
                

***************************
APPLICATION FAILED TO START
***************************

Description:

Parameter 2 of constructor in com.adamstraub.tonsoftacos.tonsoftacos.config.security.SecurityConfig required a single bean, but 2 were found:
	- errorAttributes: defined by method 'errorAttributes' in class path resource [org/springframework/boot/autoconfigure/web/servlet/error/ErrorMvcAutoConfiguration.class]
	- handlerExceptionResolver: defined by method 'handlerExceptionResolver' in class path resource [org/springframework/boot/autoconfigure/web/servlet/WebMvcAutoConfiguration$EnableWebMvcConfiguration.class]


Action:

Consider marking one of the beans as @Primary, updating the consumer to accept multiple beans, or using @Qualifier to identify the bean that should be consumed

