2023-08-07 06:54:52 [main] ERROR o.s.b.w.e.tomcat.TomcatStarter -
                Error starting Tomcat context. Exception: org.springframework.beans.factory.UnsatisfiedDependencyException. Message: Error creating bean with name 'jwtAuthFilter' defined in file [/media/brian/Backup 2/Documents/Tablet Backup/Documents/Courses/Java/personal projects/TonsOfTacosV1.2/back-end/tons-of-tacos/target/classes/com/adamstraub/tonsoftacos/tonsoftacos/config/security/JwtAuthFilter.class]: Unsatisfied dependency expressed through constructor parameter 2: No qualifying bean of type 'org.springframework.web.servlet.HandlerExceptionResolver' available: expected single matching bean but found 2: errorAttributes,handlerExceptionResolver
2023-08-07 06:54:52 [main] ERROR o.s.b.d.LoggingFailureAnalysisReporter -
                

***************************
APPLICATION FAILED TO START
***************************

Description:

Parameter 2 of constructor in com.adamstraub.tonsoftacos.tonsoftacos.config.security.JwtAuthFilter required a single bean, but 2 were found:
	- errorAttributes: defined by method 'errorAttributes' in class path resource [org/springframework/boot/autoconfigure/web/servlet/error/ErrorMvcAutoConfiguration.class]
	- handlerExceptionResolver: defined by method 'handlerExceptionResolver' in class path resource [org/springframework/boot/autoconfigure/web/servlet/WebMvcAutoConfiguration$EnableWebMvcConfiguration.class]


Action:

Consider marking one of the beans as @Primary, updating the consumer to accept multiple beans, or using @Qualifier to identify the bean that should be consumed

2023-08-07 06:55:22 [main] ERROR o.s.b.w.e.tomcat.TomcatStarter -
                Error starting Tomcat context. Exception: org.springframework.beans.factory.UnsatisfiedDependencyException. Message: Error creating bean with name 'jwtAuthFilter' defined in file [/media/brian/Backup 2/Documents/Tablet Backup/Documents/Courses/Java/personal projects/TonsOfTacosV1.2/back-end/tons-of-tacos/target/classes/com/adamstraub/tonsoftacos/tonsoftacos/config/security/JwtAuthFilter.class]: Unsatisfied dependency expressed through constructor parameter 2: No qualifying bean of type 'org.springframework.web.servlet.HandlerExceptionResolver' available: expected single matching bean but found 2: errorAttributes,handlerExceptionResolver
2023-08-07 06:55:22 [main] ERROR o.s.b.d.LoggingFailureAnalysisReporter -
                

***************************
APPLICATION FAILED TO START
***************************

Description:

Parameter 2 of constructor in com.adamstraub.tonsoftacos.tonsoftacos.config.security.JwtAuthFilter required a single bean, but 2 were found:
	- errorAttributes: defined by method 'errorAttributes' in class path resource [org/springframework/boot/autoconfigure/web/servlet/error/ErrorMvcAutoConfiguration.class]
	- handlerExceptionResolver: defined by method 'handlerExceptionResolver' in class path resource [org/springframework/boot/autoconfigure/web/servlet/WebMvcAutoConfiguration$EnableWebMvcConfiguration.class]


Action:

Consider marking one of the beans as @Primary, updating the consumer to accept multiple beans, or using @Qualifier to identify the bean that should be consumed

2023-08-07 06:56:16 [main] ERROR o.s.b.w.e.tomcat.TomcatStarter -
                Error starting Tomcat context. Exception: org.springframework.beans.factory.UnsatisfiedDependencyException. Message: Error creating bean with name 'jwtAuthFilter' defined in file [/media/brian/Backup 2/Documents/Tablet Backup/Documents/Courses/Java/personal projects/TonsOfTacosV1.2/back-end/tons-of-tacos/target/classes/com/adamstraub/tonsoftacos/tonsoftacos/config/security/JwtAuthFilter.class]: Unsatisfied dependency expressed through constructor parameter 2: No qualifying bean of type 'org.springframework.web.servlet.HandlerExceptionResolver' available: expected single matching bean but found 2: errorAttributes,handlerExceptionResolver
2023-08-07 06:56:16 [main] ERROR o.s.b.d.LoggingFailureAnalysisReporter -
                

***************************
APPLICATION FAILED TO START
***************************

Description:

Parameter 2 of constructor in com.adamstraub.tonsoftacos.tonsoftacos.config.security.JwtAuthFilter required a single bean, but 2 were found:
	- errorAttributes: defined by method 'errorAttributes' in class path resource [org/springframework/boot/autoconfigure/web/servlet/error/ErrorMvcAutoConfiguration.class]
	- handlerExceptionResolver: defined by method 'handlerExceptionResolver' in class path resource [org/springframework/boot/autoconfigure/web/servlet/WebMvcAutoConfiguration$EnableWebMvcConfiguration.class]


Action:

Consider marking one of the beans as @Primary, updating the consumer to accept multiple beans, or using @Qualifier to identify the bean that should be consumed

2023-08-07 06:56:50 [main] ERROR o.s.b.w.e.tomcat.TomcatStarter -
                Error starting Tomcat context. Exception: org.springframework.beans.factory.UnsatisfiedDependencyException. Message: Error creating bean with name 'jwtAuthFilter' defined in file [/media/brian/Backup 2/Documents/Tablet Backup/Documents/Courses/Java/personal projects/TonsOfTacosV1.2/back-end/tons-of-tacos/target/classes/com/adamstraub/tonsoftacos/tonsoftacos/config/security/JwtAuthFilter.class]: Unsatisfied dependency expressed through constructor parameter 2: No qualifying bean of type 'org.springframework.web.servlet.HandlerExceptionResolver' available: expected single matching bean but found 2: errorAttributes,handlerExceptionResolver
2023-08-07 06:56:50 [main] ERROR o.s.b.d.LoggingFailureAnalysisReporter -
                

***************************
APPLICATION FAILED TO START
***************************

Description:

Parameter 2 of constructor in com.adamstraub.tonsoftacos.tonsoftacos.config.security.JwtAuthFilter required a single bean, but 2 were found:
	- errorAttributes: defined by method 'errorAttributes' in class path resource [org/springframework/boot/autoconfigure/web/servlet/error/ErrorMvcAutoConfiguration.class]
	- handlerExceptionResolver: defined by method 'handlerExceptionResolver' in class path resource [org/springframework/boot/autoconfigure/web/servlet/WebMvcAutoConfiguration$EnableWebMvcConfiguration.class]


Action:

Consider marking one of the beans as @Primary, updating the consumer to accept multiple beans, or using @Qualifier to identify the bean that should be consumed

2023-08-07 06:57:35 [main] ERROR o.s.b.w.e.tomcat.TomcatStarter -
                Error starting Tomcat context. Exception: org.springframework.beans.factory.UnsatisfiedDependencyException. Message: Error creating bean with name 'jwtAuthFilter' defined in file [/media/brian/Backup 2/Documents/Tablet Backup/Documents/Courses/Java/personal projects/TonsOfTacosV1.2/back-end/tons-of-tacos/target/classes/com/adamstraub/tonsoftacos/tonsoftacos/config/security/JwtAuthFilter.class]: Unsatisfied dependency expressed through constructor parameter 2: No qualifying bean of type 'org.springframework.web.servlet.HandlerExceptionResolver' available: expected single matching bean but found 2: errorAttributes,handlerExceptionResolver
2023-08-07 06:57:35 [main] ERROR o.s.b.d.LoggingFailureAnalysisReporter -
                

***************************
APPLICATION FAILED TO START
***************************

Description:

Parameter 2 of constructor in com.adamstraub.tonsoftacos.tonsoftacos.config.security.JwtAuthFilter required a single bean, but 2 were found:
	- errorAttributes: defined by method 'errorAttributes' in class path resource [org/springframework/boot/autoconfigure/web/servlet/error/ErrorMvcAutoConfiguration.class]
	- handlerExceptionResolver: defined by method 'handlerExceptionResolver' in class path resource [org/springframework/boot/autoconfigure/web/servlet/WebMvcAutoConfiguration$EnableWebMvcConfiguration.class]


Action:

Consider marking one of the beans as @Primary, updating the consumer to accept multiple beans, or using @Qualifier to identify the bean that should be consumed

2023-08-07 06:57:50 [main] ERROR o.s.b.w.e.tomcat.TomcatStarter -
                Error starting Tomcat context. Exception: org.springframework.beans.factory.UnsatisfiedDependencyException. Message: Error creating bean with name 'jwtAuthFilter' defined in file [/media/brian/Backup 2/Documents/Tablet Backup/Documents/Courses/Java/personal projects/TonsOfTacosV1.2/back-end/tons-of-tacos/target/classes/com/adamstraub/tonsoftacos/tonsoftacos/config/security/JwtAuthFilter.class]: Unsatisfied dependency expressed through constructor parameter 2: No qualifying bean of type 'org.springframework.web.servlet.HandlerExceptionResolver' available: expected single matching bean but found 2: errorAttributes,handlerExceptionResolver
2023-08-07 06:57:50 [main] ERROR o.s.b.d.LoggingFailureAnalysisReporter -
                

***************************
APPLICATION FAILED TO START
***************************

Description:

Parameter 2 of constructor in com.adamstraub.tonsoftacos.tonsoftacos.config.security.JwtAuthFilter required a single bean, but 2 were found:
	- errorAttributes: defined by method 'errorAttributes' in class path resource [org/springframework/boot/autoconfigure/web/servlet/error/ErrorMvcAutoConfiguration.class]
	- handlerExceptionResolver: defined by method 'handlerExceptionResolver' in class path resource [org/springframework/boot/autoconfigure/web/servlet/WebMvcAutoConfiguration$EnableWebMvcConfiguration.class]


Action:

Consider marking one of the beans as @Primary, updating the consumer to accept multiple beans, or using @Qualifier to identify the bean that should be consumed

2023-08-07 06:58:14 [main] ERROR o.s.b.w.e.tomcat.TomcatStarter -
                Error starting Tomcat context. Exception: org.springframework.beans.factory.UnsatisfiedDependencyException. Message: Error creating bean with name 'jwtAuthFilter' defined in file [/media/brian/Backup 2/Documents/Tablet Backup/Documents/Courses/Java/personal projects/TonsOfTacosV1.2/back-end/tons-of-tacos/target/classes/com/adamstraub/tonsoftacos/tonsoftacos/config/security/JwtAuthFilter.class]: Unsatisfied dependency expressed through constructor parameter 2: No qualifying bean of type 'org.springframework.web.servlet.HandlerExceptionResolver' available: expected single matching bean but found 2: errorAttributes,handlerExceptionResolver
2023-08-07 06:58:14 [main] ERROR o.s.b.d.LoggingFailureAnalysisReporter -
                

***************************
APPLICATION FAILED TO START
***************************

Description:

Parameter 2 of constructor in com.adamstraub.tonsoftacos.tonsoftacos.config.security.JwtAuthFilter required a single bean, but 2 were found:
	- errorAttributes: defined by method 'errorAttributes' in class path resource [org/springframework/boot/autoconfigure/web/servlet/error/ErrorMvcAutoConfiguration.class]
	- handlerExceptionResolver: defined by method 'handlerExceptionResolver' in class path resource [org/springframework/boot/autoconfigure/web/servlet/WebMvcAutoConfiguration$EnableWebMvcConfiguration.class]


Action:

Consider marking one of the beans as @Primary, updating the consumer to accept multiple beans, or using @Qualifier to identify the bean that should be consumed

2023-08-07 06:59:34 [main] ERROR o.s.b.w.e.tomcat.TomcatStarter -
                Error starting Tomcat context. Exception: org.springframework.beans.factory.UnsatisfiedDependencyException. Message: Error creating bean with name 'jwtAuthFilter' defined in file [/media/brian/Backup 2/Documents/Tablet Backup/Documents/Courses/Java/personal projects/TonsOfTacosV1.2/back-end/tons-of-tacos/target/classes/com/adamstraub/tonsoftacos/tonsoftacos/config/security/JwtAuthFilter.class]: Unsatisfied dependency expressed through constructor parameter 2: No qualifying bean of type 'org.springframework.web.servlet.HandlerExceptionResolver' available: expected single matching bean but found 2: errorAttributes,handlerExceptionResolver
2023-08-07 06:59:34 [main] ERROR o.s.b.d.LoggingFailureAnalysisReporter -
                

***************************
APPLICATION FAILED TO START
***************************

Description:

Parameter 2 of constructor in com.adamstraub.tonsoftacos.tonsoftacos.config.security.JwtAuthFilter required a single bean, but 2 were found:
	- errorAttributes: defined by method 'errorAttributes' in class path resource [org/springframework/boot/autoconfigure/web/servlet/error/ErrorMvcAutoConfiguration.class]
	- handlerExceptionResolver: defined by method 'handlerExceptionResolver' in class path resource [org/springframework/boot/autoconfigure/web/servlet/WebMvcAutoConfiguration$EnableWebMvcConfiguration.class]


Action:

Consider marking one of the beans as @Primary, updating the consumer to accept multiple beans, or using @Qualifier to identify the bean that should be consumed

2023-08-07 07:01:32 [main] ERROR o.s.b.w.e.tomcat.TomcatStarter -
                Error starting Tomcat context. Exception: org.springframework.beans.factory.UnsatisfiedDependencyException. Message: Error creating bean with name 'jwtAuthFilter' defined in file [/media/brian/Backup 2/Documents/Tablet Backup/Documents/Courses/Java/personal projects/TonsOfTacosV1.2/back-end/tons-of-tacos/target/classes/com/adamstraub/tonsoftacos/tonsoftacos/config/security/JwtAuthFilter.class]: Unsatisfied dependency expressed through constructor parameter 2: No qualifying bean of type 'org.springframework.web.servlet.HandlerExceptionResolver' available: expected single matching bean but found 2: errorAttributes,handlerExceptionResolver
2023-08-07 07:01:32 [main] ERROR o.s.b.d.LoggingFailureAnalysisReporter -
                

***************************
APPLICATION FAILED TO START
***************************

Description:

Parameter 2 of constructor in com.adamstraub.tonsoftacos.tonsoftacos.config.security.JwtAuthFilter required a single bean, but 2 were found:
	- errorAttributes: defined by method 'errorAttributes' in class path resource [org/springframework/boot/autoconfigure/web/servlet/error/ErrorMvcAutoConfiguration.class]
	- handlerExceptionResolver: defined by method 'handlerExceptionResolver' in class path resource [org/springframework/boot/autoconfigure/web/servlet/WebMvcAutoConfiguration$EnableWebMvcConfiguration.class]


Action:

Consider marking one of the beans as @Primary, updating the consumer to accept multiple beans, or using @Qualifier to identify the bean that should be consumed

